[2018-09-24 01:29:56]  mm exchange .INFO: API Home url request [] []
[2018-09-24 01:30:40]  mm exchange .INFO: UAB Exchange Request [] []
[2018-09-24 01:31:03]  mm exchange .INFO: API Home url request [] []
[2018-09-24 01:31:11]  mm exchange .INFO: AGD Exchange Request [] []
[2018-09-24 01:31:33]  mm exchange .INFO: API Home url request [] []
[2018-09-24 01:31:45]  mm exchange .INFO: MOB Exchange Request [] []
[2018-09-24 01:32:35]  mm exchange .INFO: API Home url request [] []
[2018-09-24 01:32:43]  mm exchange .INFO: UAB Exchange Request [] []
[2018-09-24 01:33:25]  mm exchange .INFO: AGD Exchange Request [] []
[2018-09-24 01:33:42]  mm exchange .INFO: CB Exchange Request [] []
[2018-09-24 01:34:26]  mm exchange .INFO: API Home url request [] []
[2018-09-24 01:34:30]  mm exchange .INFO: AYa Exchange Request [] []
[2018-09-24 01:34:54]  mm exchange .INFO: KBZ Exchange Request [] []
[2018-09-24 01:35:17]  mm exchange .INFO: API Home url request [] []
[2018-09-24 01:35:35]  mm exchange .INFO: AYa Exchange Request [] []
[2018-09-24 01:35:48]  mm exchange .INFO: MOB Exchange Request [] []
[2018-09-24 01:35:57]  mm exchange .INFO: AGD Exchange Request [] []
[2018-09-24 01:36:03]  mm exchange .INFO: UAB Exchange Request [] []
[2018-09-24 01:36:19]  mm exchange .INFO: API Home url request [] []
[2018-09-24 01:36:30]  mm exchange .INFO: Home page request [] []
[2018-09-24 01:37:29]  mm exchange .INFO: API Home url request [] []
[2018-09-24 01:37:44]  mm exchange .INFO: Home page request [] []
[2018-09-24 04:29:06]  mm exchange .INFO: Home page request [] []
[2018-09-24 04:29:06]  mm exchange .INFO: Home page request [] []
[2018-09-24 05:27:11]  mm exchange .INFO: Home page request [] []
[2018-09-24 05:29:15]  mm exchange .INFO: Home page request [] []
[2018-09-24 05:30:28]  mm exchange .INFO: API Home url request [] []
[2018-09-24 05:31:01]  mm exchange .INFO: KBZ Exchange Request [] []
[2018-09-24 05:31:05]  mm exchange .INFO: AYa Exchange Request [] []
[2018-09-24 05:34:20]  mm exchange .INFO: Home page request [] []
[2018-09-24 06:37:31]  mm exchange .INFO: Home page request [] []
[2018-09-24 06:37:48]  mm exchange .INFO: API Home url request [] []
[2018-09-24 07:35:05]  mm exchange .INFO: Home page request [] []
[2018-09-24 08:05:40]  mm exchange .INFO: KBZ Exchange Request [] []
[2018-09-24 08:17:53]  mm exchange .INFO: UAB Exchange Request [] []
[2018-09-24 09:41:50]  mm exchange .INFO: Home page request [] []
[2018-09-24 09:44:15]  mm exchange .INFO: Home page request [] []
[2018-09-24 10:28:44]  mm exchange .INFO: Home page request [] []
[2018-09-24 13:22:57]  mm exchange .INFO: Home page request [] []
[2018-09-24 14:03:33]  mm exchange .INFO: Home page request [] []
[2018-09-24 15:23:47]  mm exchange .INFO: Home page request [] []
[2018-09-24 15:29:18]  mm exchange .INFO: Home page request [] []
[2018-09-24 15:30:40]  mm exchange .INFO: Home page request [] []
[2018-09-24 22:34:21]  mm exchange .INFO: Home page request [] []
