[2018-10-09 07:51:54]  mm exchange .INFO: Home page request [] []
[2018-10-09 07:53:04]  mm exchange .INFO: KBZ Exchange Request [] []
[2018-10-09 07:53:15]  mm exchange .INFO: AYa Exchange Request [] []
[2018-10-09 07:53:22]  mm exchange .INFO: CB Exchange Request [] []
[2018-10-09 07:53:29]  mm exchange .INFO: UAB Exchange Request [] []
[2018-10-09 07:53:38]  mm exchange .INFO: MOB Exchange Request [] []
[2018-10-09 09:11:14]  mm exchange .INFO: Home page request [] []
[2018-10-09 09:15:58]  mm exchange .INFO: Home page request [] []
[2018-10-09 09:18:51]  mm exchange .INFO: Home page request [] []
[2018-10-09 10:03:19]  mm exchange .INFO: API Home url request [] []
[2018-10-09 10:03:20]  mm exchange .INFO: Home page request [] []
[2018-10-09 10:04:54]  mm exchange .INFO: KBZ Exchange Request [] []
[2018-10-09 10:04:59]  mm exchange .INFO: AYa Exchange Request [] []
[2018-10-09 10:05:06]  mm exchange .INFO: AGD Exchange Request [] []
[2018-10-09 10:05:12]  mm exchange .INFO: CB Exchange Request [] []
[2018-10-09 10:05:19]  mm exchange .INFO: UAB Exchange Request [] []
[2018-10-09 10:05:25]  mm exchange .INFO: MOB Exchange Request [] []
[2018-10-09 10:11:26]  mm exchange .INFO: Home page request [] []
[2018-10-09 11:59:10]  mm exchange .INFO: Home page request [] []
[2018-10-09 12:16:00]  mm exchange .INFO: Home page request [] []
[2018-10-09 16:07:33]  mm exchange .INFO: Home page request [] []
