[2019-01-29 02:39:15]  mm exchange .INFO: API Home url request [] []
[2019-01-29 02:40:27]  mm exchange .INFO: Home page request [] []
[2019-01-29 03:30:59]  mm exchange .INFO: KBZ Exchange Request [] []
[2019-01-29 03:31:05]  mm exchange .INFO: AYa Exchange Request [] []
[2019-01-29 03:31:10]  mm exchange .INFO: AGD Exchange Request [] []
[2019-01-29 03:31:15]  mm exchange .INFO: CB Exchange Request [] []
[2019-01-29 03:31:21]  mm exchange .INFO: UAB Exchange Request [] []
[2019-01-29 03:31:25]  mm exchange .INFO: MOB Exchange Request [] []
[2019-01-29 04:21:11]  mm exchange .INFO: KBZ Exchange Request [] []
[2019-01-29 04:21:16]  mm exchange .INFO: AYa Exchange Request [] []
[2019-01-29 04:21:20]  mm exchange .INFO: AGD Exchange Request [] []
[2019-01-29 04:21:23]  mm exchange .INFO: CB Exchange Request [] []
[2019-01-29 04:21:27]  mm exchange .INFO: UAB Exchange Request [] []
[2019-01-29 04:21:31]  mm exchange .INFO: MOB Exchange Request [] []
[2019-01-29 05:15:55]  mm exchange .INFO: Home page request [] []
[2019-01-29 05:22:21]  mm exchange .INFO: Home page request [] []
[2019-01-29 07:04:13]  mm exchange .INFO: KBZ Exchange Request [] []
[2019-01-29 07:05:22]  mm exchange .INFO: KBZ Exchange Request [] []
[2019-01-29 07:05:36]  mm exchange .INFO: KBZ Exchange Request [] []
[2019-01-29 07:12:56]  mm exchange .INFO: KBZ Exchange Request [] []
[2019-01-29 07:15:02]  mm exchange .INFO: KBZ Exchange Request [] []
[2019-01-29 07:23:46]  mm exchange .INFO: KBZ Exchange Request [] []
[2019-01-29 07:38:47]  mm exchange .INFO: KBZ Exchange Request [] []
[2019-01-29 07:50:56]  mm exchange .INFO: KBZ Exchange Request [] []
[2019-01-29 07:51:52]  mm exchange .INFO: KBZ Exchange Request [] []
[2019-01-29 07:53:48]  mm exchange .INFO: CB Exchange Request [] []
[2019-01-29 07:57:35]  mm exchange .INFO: KBZ Exchange Request [] []
[2019-01-29 07:57:54]  mm exchange .INFO: KBZ Exchange Request [] []
[2019-01-29 07:59:11]  mm exchange .INFO: KBZ Exchange Request [] []
[2019-01-29 08:09:13]  mm exchange .INFO: KBZ Exchange Request [] []
[2019-01-29 08:09:55]  mm exchange .INFO: AYa Exchange Request [] []
[2019-01-29 08:20:27]  mm exchange .INFO: CB Exchange Request [] []
[2019-01-29 08:20:47]  mm exchange .INFO: CB Exchange Request [] []
[2019-01-29 08:20:50]  mm exchange .INFO: AYa Exchange Request [] []
[2019-01-29 08:21:03]  mm exchange .INFO: AGD Exchange Request [] []
[2019-01-29 08:21:17]  mm exchange .INFO: UAB Exchange Request [] []
[2019-01-29 08:21:24]  mm exchange .INFO: AYa Exchange Request [] []
[2019-01-29 08:21:41]  mm exchange .INFO: UAB Exchange Request [] []
[2019-01-29 08:21:46]  mm exchange .INFO: AYa Exchange Request [] []
[2019-01-29 08:21:57]  mm exchange .INFO: AGD Exchange Request [] []
[2019-01-29 08:22:03]  mm exchange .INFO: CB Exchange Request [] []
[2019-01-29 08:22:10]  mm exchange .INFO: MOB Exchange Request [] []
[2019-01-29 08:22:18]  mm exchange .INFO: UAB Exchange Request [] []
[2019-01-29 08:22:23]  mm exchange .INFO: AYa Exchange Request [] []
[2019-01-29 08:22:26]  mm exchange .INFO: MOB Exchange Request [] []
[2019-01-29 08:22:40]  mm exchange .INFO: AYa Exchange Request [] []
[2019-01-29 08:23:19]  mm exchange .INFO: MOB Exchange Request [] []
[2019-01-29 08:23:19]  mm exchange .INFO: MOB Exchange Request [] []
[2019-01-29 08:23:39]  mm exchange .INFO: MOB Exchange Request [] []
[2019-01-29 08:23:51]  mm exchange .INFO: AYa Exchange Request [] []
[2019-01-29 08:28:59]  mm exchange .INFO: KBZ Exchange Request [] []
[2019-01-29 13:18:56]  mm exchange .INFO: KBZ Exchange Request [] []
[2019-01-29 13:19:50]  mm exchange .INFO: AYa Exchange Request [] []
[2019-01-29 13:20:01]  mm exchange .INFO: UAB Exchange Request [] []
[2019-01-29 17:11:11]  mm exchange .INFO: KBZ Exchange Request [] []
