[2018-12-10 03:18:06]  mm exchange .INFO: Home page request [] []
[2018-12-10 03:18:11]  mm exchange .INFO: Home page request [] []
[2018-12-10 03:28:25]  mm exchange .INFO: Home page request {"fbclid":"IwAR0HnlVtlaNClbDA_ZwIE3J2JTkqlBSu5-EpOmWZtnAghPyu3omt_gGe35w"} []
[2018-12-10 03:28:30]  mm exchange .INFO: API Home url request {"fbclid":"IwAR0Kw_RcTFeCglUbDuwVTxYoAGhB-mliIRp8TpRzBZRDQ1FieVKZ4WW8oIw"} []
[2018-12-10 03:48:24]  mm exchange .INFO: Home page request {"fbclid":"IwAR0Yj9yz8RiWYYgKwJZR4PYqb1LfXTa5ZOs7IADYQmSkvOdlvGYHMCCQ-HE"} []
[2018-12-10 03:48:26]  mm exchange .INFO: API Home url request {"fbclid":"IwAR0jIMM7d8MQtVXuzAD0eYc1ytxJQugoH10L_Nx37uafvp73IT5ZxGi3pSg"} []
[2018-12-10 03:48:44]  mm exchange .INFO: KBZ Exchange Request [] []
[2018-12-10 03:48:52]  mm exchange .INFO: CB Exchange Request [] []
[2018-12-10 03:49:00]  mm exchange .INFO: UAB Exchange Request [] []
[2018-12-10 03:49:13]  mm exchange .INFO: API Home url request {"fbclid":"IwAR0jIMM7d8MQtVXuzAD0eYc1ytxJQugoH10L_Nx37uafvp73IT5ZxGi3pSg"} []
[2018-12-10 03:49:16]  mm exchange .INFO: Home page request {"fbclid":"IwAR0Yj9yz8RiWYYgKwJZR4PYqb1LfXTa5ZOs7IADYQmSkvOdlvGYHMCCQ-HE"} []
[2018-12-10 03:51:35]  mm exchange .INFO: Home page request {"fbclid":"IwAR0Yj9yz8RiWYYgKwJZR4PYqb1LfXTa5ZOs7IADYQmSkvOdlvGYHMCCQ-HE"} []
[2018-12-10 03:53:04]  mm exchange .INFO: Home page request {"fbclid":"IwAR0Yj9yz8RiWYYgKwJZR4PYqb1LfXTa5ZOs7IADYQmSkvOdlvGYHMCCQ-HE"} []
[2018-12-10 03:54:40]  mm exchange .INFO: Home page request {"fbclid":"IwAR0Yj9yz8RiWYYgKwJZR4PYqb1LfXTa5ZOs7IADYQmSkvOdlvGYHMCCQ-HE"} []
[2018-12-10 03:55:52]  mm exchange .INFO: Home page request {"fbclid":"IwAR0Yj9yz8RiWYYgKwJZR4PYqb1LfXTa5ZOs7IADYQmSkvOdlvGYHMCCQ-HE"} []
[2018-12-10 03:56:03]  mm exchange .INFO: Home page request {"fbclid":"IwAR0Yj9yz8RiWYYgKwJZR4PYqb1LfXTa5ZOs7IADYQmSkvOdlvGYHMCCQ-HE"} []
[2018-12-10 03:56:23]  mm exchange .INFO: Home page request {"fbclid":"IwAR0Yj9yz8RiWYYgKwJZR4PYqb1LfXTa5ZOs7IADYQmSkvOdlvGYHMCCQ-HE"} []
[2018-12-10 03:57:26]  mm exchange .INFO: Home page request {"fbclid":"IwAR0Yj9yz8RiWYYgKwJZR4PYqb1LfXTa5ZOs7IADYQmSkvOdlvGYHMCCQ-HE"} []
[2018-12-10 03:58:27]  mm exchange .INFO: Home page request {"fbclid":"IwAR0Yj9yz8RiWYYgKwJZR4PYqb1LfXTa5ZOs7IADYQmSkvOdlvGYHMCCQ-HE"} []
[2018-12-10 04:00:45]  mm exchange .INFO: Home page request {"fbclid":"IwAR0Yj9yz8RiWYYgKwJZR4PYqb1LfXTa5ZOs7IADYQmSkvOdlvGYHMCCQ-HE"} []
[2018-12-10 04:04:58]  mm exchange .INFO: Home page request {"fbclid":"IwAR0Yj9yz8RiWYYgKwJZR4PYqb1LfXTa5ZOs7IADYQmSkvOdlvGYHMCCQ-HE"} []
[2018-12-10 04:06:35]  mm exchange .INFO: Home page request {"fbclid":"IwAR0Yj9yz8RiWYYgKwJZR4PYqb1LfXTa5ZOs7IADYQmSkvOdlvGYHMCCQ-HE"} []
[2018-12-10 04:06:40]  mm exchange .INFO: Home page request {"fbclid":"IwAR0Yj9yz8RiWYYgKwJZR4PYqb1LfXTa5ZOs7IADYQmSkvOdlvGYHMCCQ-HE"} []
[2018-12-10 04:10:03]  mm exchange .INFO: Home page request {"fbclid":"IwAR0Yj9yz8RiWYYgKwJZR4PYqb1LfXTa5ZOs7IADYQmSkvOdlvGYHMCCQ-HE"} []
[2018-12-10 04:10:30]  mm exchange .INFO: Home page request {"fbclid":"IwAR0Yj9yz8RiWYYgKwJZR4PYqb1LfXTa5ZOs7IADYQmSkvOdlvGYHMCCQ-HE"} []
[2018-12-10 04:10:36]  mm exchange .INFO: Home page request {"fbclid":"IwAR0Yj9yz8RiWYYgKwJZR4PYqb1LfXTa5ZOs7IADYQmSkvOdlvGYHMCCQ-HE"} []
[2018-12-10 04:13:18]  mm exchange .INFO: Home page request {"fbclid":"IwAR0Yj9yz8RiWYYgKwJZR4PYqb1LfXTa5ZOs7IADYQmSkvOdlvGYHMCCQ-HE"} []
[2018-12-10 04:18:06]  mm exchange .INFO: Home page request {"fbclid":"IwAR0Yj9yz8RiWYYgKwJZR4PYqb1LfXTa5ZOs7IADYQmSkvOdlvGYHMCCQ-HE"} []
[2018-12-10 04:18:25]  mm exchange .INFO: Home page request {"fbclid":"IwAR0Yj9yz8RiWYYgKwJZR4PYqb1LfXTa5ZOs7IADYQmSkvOdlvGYHMCCQ-HE"} []
[2018-12-10 04:18:33]  mm exchange .INFO: Home page request {"fbclid":"IwAR0Yj9yz8RiWYYgKwJZR4PYqb1LfXTa5ZOs7IADYQmSkvOdlvGYHMCCQ-HE"} []
[2018-12-10 04:19:03]  mm exchange .INFO: Home page request {"fbclid":"IwAR0Yj9yz8RiWYYgKwJZR4PYqb1LfXTa5ZOs7IADYQmSkvOdlvGYHMCCQ-HE"} []
[2018-12-10 04:21:53]  mm exchange .INFO: Home page request {"fbclid":"IwAR0Yj9yz8RiWYYgKwJZR4PYqb1LfXTa5ZOs7IADYQmSkvOdlvGYHMCCQ-HE"} []
[2018-12-10 04:24:37]  mm exchange .INFO: Home page request {"fbclid":"IwAR0Yj9yz8RiWYYgKwJZR4PYqb1LfXTa5ZOs7IADYQmSkvOdlvGYHMCCQ-HE"} []
[2018-12-10 04:54:09]  mm exchange .INFO: Home page request {"fbclid":"IwAR0Yj9yz8RiWYYgKwJZR4PYqb1LfXTa5ZOs7IADYQmSkvOdlvGYHMCCQ-HE"} []
[2018-12-10 04:56:49]  mm exchange .INFO: Home page request {"fbclid":"IwAR0Yj9yz8RiWYYgKwJZR4PYqb1LfXTa5ZOs7IADYQmSkvOdlvGYHMCCQ-HE"} []
[2018-12-10 05:50:01]  mm exchange .INFO: Home page request {"fbclid":"IwAR0Yj9yz8RiWYYgKwJZR4PYqb1LfXTa5ZOs7IADYQmSkvOdlvGYHMCCQ-HE"} []
