[2019-01-09 03:45:16]  mm exchange .INFO: KBZ Exchange Request [] []
[2019-01-09 03:45:24]  mm exchange .INFO: AYa Exchange Request [] []
[2019-01-09 03:45:32]  mm exchange .INFO: AGD Exchange Request [] []
[2019-01-09 03:45:44]  mm exchange .INFO: CB Exchange Request [] []
[2019-01-09 03:45:51]  mm exchange .INFO: UAB Exchange Request [] []
[2019-01-09 03:45:58]  mm exchange .INFO: MOB Exchange Request [] []
[2019-01-09 03:46:16]  mm exchange .INFO: MOB Exchange Request [] []
[2019-01-09 07:39:17]  mm exchange .INFO: KBZ Exchange Request [] []
[2019-01-09 07:39:25]  mm exchange .INFO: AGD Exchange Request [] []
[2019-01-09 07:39:33]  mm exchange .INFO: AYa Exchange Request [] []
[2019-01-09 07:39:39]  mm exchange .INFO: CB Exchange Request [] []
[2019-01-09 07:39:44]  mm exchange .INFO: UAB Exchange Request [] []
[2019-01-09 07:39:49]  mm exchange .INFO: MOB Exchange Request [] []
[2019-01-09 11:27:49]  mm exchange .INFO: Home page request [] []
[2019-01-09 11:28:47]  mm exchange .INFO: API Home url request [] []
[2019-01-09 11:29:08]  mm exchange .INFO: UAB Exchange Request [] []
[2019-01-09 11:30:27]  mm exchange .INFO: Home page request [] []
[2019-01-09 11:30:28]  mm exchange .INFO: Home page request [] []
[2019-01-09 11:30:31]  mm exchange .INFO: API Home url request [] []
[2019-01-09 11:30:32]  mm exchange .INFO: Home page request [] []
[2019-01-09 11:32:31]  mm exchange .INFO: Home page request [] []
[2019-01-09 11:33:33]  mm exchange .INFO: API Home url request [] []
[2019-01-09 11:33:44]  mm exchange .INFO: KBZ Exchange Request [] []
[2019-01-09 11:34:30]  mm exchange .INFO: API Home url request [] []
[2019-01-09 11:34:47]  mm exchange .INFO: Home page request [] []
[2019-01-09 11:34:53]  mm exchange .INFO: API Home url request [] []
[2019-01-09 16:05:42]  mm exchange .INFO: Home page request [] []
[2019-01-09 16:06:19]  mm exchange .INFO: API Home url request [] []
[2019-01-09 16:06:39]  mm exchange .INFO: KBZ Exchange Request [] []
[2019-01-09 17:09:57]  mm exchange .INFO: Home page request [] []
[2019-01-09 17:10:31]  mm exchange .INFO: API Home url request [] []
[2019-01-09 17:10:42]  mm exchange .INFO: API Home url request [] []
[2019-01-09 17:14:08]  mm exchange .INFO: API Home url request [] []
[2019-01-09 19:58:49]  mm exchange .INFO: Home page request [] []
