[2019-01-12 02:57:35]  mm exchange .INFO: Home page request {"fbclid":"IwAR0sDaouXBkdfXUlGTAVFk_RTBH5bve_LBNTsDEJ8krmZcW2RjM1pv5qqys"} []
[2019-01-12 04:40:07]  mm exchange .INFO: Home page request [] []
[2019-01-12 05:29:55]  mm exchange .INFO: Home page request {"fbclid":"IwAR1CCSHBXxGEfJXTH7HD72xRjmbN0znWIuequF6QnvP-L02hR78qwXE6QjQ"} []
[2019-01-12 05:29:56]  mm exchange .INFO: API Home url request {"fbclid":"IwAR3FRAMhaHqmcP9TfWtM5fupzOPLWDpj3dyPZdwphB2i4RJFvAwzrtoOg4U"} []
[2019-01-12 06:02:48]  mm exchange .INFO: Home page request {"fbclid":"IwAR1CCSHBXxGEfJXTH7HD72xRjmbN0znWIuequF6QnvP-L02hR78qwXE6QjQ"} []
[2019-01-12 06:02:53]  mm exchange .INFO: Home page request {"fbclid":"IwAR1CCSHBXxGEfJXTH7HD72xRjmbN0znWIuequF6QnvP-L02hR78qwXE6QjQ"} []
[2019-01-12 06:02:55]  mm exchange .INFO: API Home url request {"fbclid":"IwAR3FRAMhaHqmcP9TfWtM5fupzOPLWDpj3dyPZdwphB2i4RJFvAwzrtoOg4U"} []
[2019-01-12 06:03:14]  mm exchange .INFO: AYa Exchange Request [] []
[2019-01-12 06:03:36]  mm exchange .INFO: Home page request {"fbclid":"IwAR1CCSHBXxGEfJXTH7HD72xRjmbN0znWIuequF6QnvP-L02hR78qwXE6QjQ"} []
[2019-01-12 06:04:45]  mm exchange .INFO: KBZ Exchange Request [] []
[2019-01-12 06:05:04]  mm exchange .INFO: AYa Exchange Request [] []
[2019-01-12 07:10:18]  mm exchange .ERROR: Unknow url /mmexchange/resources/js/popper.min.js.map {"Request application ":"Mozilla/5.0 (Windows NT 10.0; Win64; x64) AppleWebKit/537.36 (KHTML, like Gecko) Chrome/71.0.3578.98 Safari/537.36","Request client ip ":null,"Request client host ip ":"116.206.137.247"} []
[2019-01-12 07:10:19]  mm exchange .ERROR: Unknow url /mmexchange/resources/css/bootstrap.min.css.map {"Request application ":"Mozilla/5.0 (Windows NT 10.0; Win64; x64) AppleWebKit/537.36 (KHTML, like Gecko) Chrome/71.0.3578.98 Safari/537.36","Request client ip ":null,"Request client host ip ":"116.206.137.247"} []
[2019-01-12 07:10:53]  mm exchange .INFO: API Home url request [] []
[2019-01-12 07:11:07]  mm exchange .INFO: UAB Exchange Request [] []
[2019-01-12 07:13:31]  mm exchange .INFO: Home page request [] []
[2019-01-12 07:22:46]  mm exchange .INFO: API Home url request [] []
[2019-01-12 07:23:11]  mm exchange .INFO: AYa Exchange Request [] []
[2019-01-12 07:23:25]  mm exchange .INFO: Home page request [] []
[2019-01-12 07:58:33]  mm exchange .INFO: API Home url request [] []
[2019-01-12 07:58:50]  mm exchange .INFO: Home page request [] []
[2019-01-12 07:59:03]  mm exchange .INFO: Home page request [] []
[2019-01-12 08:05:36]  mm exchange .INFO: Home page request [] []
[2019-01-12 09:09:44]  mm exchange .INFO: API Home url request [] []
[2019-01-12 09:10:31]  mm exchange .INFO: AYa Exchange Request [] []
[2019-01-12 11:27:40]  mm exchange .INFO: API Home url request [] []
[2019-01-12 11:27:45]  mm exchange .INFO: Home page request [] []
[2019-01-12 12:22:48]  mm exchange .INFO: Home page request [] []
[2019-01-12 13:17:03]  mm exchange .INFO: Home page request [] []
[2019-01-12 14:56:22]  mm exchange .INFO: Home page request [] []
[2019-01-12 14:56:39]  mm exchange .INFO: API Home url request [] []
[2019-01-12 14:57:08]  mm exchange .INFO: Home page request [] []
[2019-01-12 16:11:18]  mm exchange .INFO: Home page request [] []
[2019-01-12 16:11:26]  mm exchange .INFO: API Home url request [] []
[2019-01-12 16:50:34]  mm exchange .INFO: API Home url request [] []
[2019-01-12 16:51:13]  mm exchange .INFO: CB Exchange Request [] []
[2019-01-12 16:51:20]  mm exchange .INFO: Home page request [] []
[2019-01-12 16:51:52]  mm exchange .INFO: Home page request [] []
[2019-01-12 16:54:06]  mm exchange .INFO: API Home url request [] []
[2019-01-12 16:54:17]  mm exchange .INFO: UAB Exchange Request [] []
[2019-01-12 17:23:11]  mm exchange .INFO: Home page request [] []
[2019-01-12 17:23:46]  mm exchange .INFO: API Home url request [] []
[2019-01-12 17:24:02]  mm exchange .INFO: CB Exchange Request [] []
[2019-01-12 17:24:27]  mm exchange .INFO: API Home url request [] []
[2019-01-12 21:11:34]  mm exchange .INFO: Home page request {"fbclid":"IwAR21oQ6e1NiGDMBFZImylt_CQF-nI0pVIGL1zbTsoDyt2ynEoT5PqSfAj3o"} []
[2019-01-12 21:11:48]  mm exchange .INFO: Home page request [] []
