[2019-06-24 01:47:31]  mm exchange .INFO: Home page request [] []
[2019-06-24 01:49:03]  mm exchange .INFO: Home page request [] []
[2019-06-24 02:48:37]  mm exchange .INFO: Home page request [] []
[2019-06-24 02:48:37]  mm exchange .INFO: Home page request [] []
[2019-06-24 02:48:38]  mm exchange .INFO: Home page request [] []
[2019-06-24 02:48:38]  mm exchange .INFO: Home page request [] []
[2019-06-24 02:48:38]  mm exchange .INFO: Home page request [] []
[2019-06-24 02:48:38]  mm exchange .INFO: Home page request [] []
[2019-06-24 02:49:07]  mm exchange .INFO: Home page request {"fbclid":"IwAR3-4szhVfLW5c5J1jF0obqbSRLYYqJ8T1zQ6u66hBEWBCrcjgQt75sQfDM"} []
[2019-06-24 02:49:10]  mm exchange .INFO: Home page request {"fbclid":"IwAR2NbE5cciKXY_PqY8kwdxGyB19dI6HEC2y_vNVhTOCf63yC6-8l7QV73wU"} []
[2019-06-24 02:49:22]  mm exchange .INFO: Home page request [] []
[2019-06-24 02:52:46]  mm exchange .INFO: Home page request [] []
[2019-06-24 02:54:06]  mm exchange .INFO: Home page request [] []
[2019-06-24 02:54:42]  mm exchange .INFO: Home page request [] []
[2019-06-24 02:58:34]  mm exchange .INFO: Home page request [] []
[2019-06-24 02:58:41]  mm exchange .INFO: Home page request [] []
[2019-06-24 02:59:17]  mm exchange .INFO: API Home url request [] []
[2019-06-24 02:59:23]  mm exchange .INFO: KBZ Exchange Request [] []
[2019-06-24 03:02:16]  mm exchange .INFO: Home page request [] []
[2019-06-24 03:02:35]  mm exchange .INFO: API Home url request [] []
[2019-06-24 03:03:15]  mm exchange .INFO: Home page request [] []
[2019-06-24 03:03:24]  mm exchange .INFO: Home page request [] []
[2019-06-24 03:03:30]  mm exchange .INFO: Home page request [] []
[2019-06-24 03:03:46]  mm exchange .INFO: Home page request [] []
[2019-06-24 03:03:56]  mm exchange .INFO: Home page request [] []
[2019-06-24 03:04:05]  mm exchange .INFO: Home page request [] []
[2019-06-24 03:04:24]  mm exchange .INFO: API Home url request [] []
[2019-06-24 03:04:45]  mm exchange .INFO: KBZ Exchange Request [] []
[2019-06-24 03:05:30]  mm exchange .INFO: Home page request [] []
[2019-06-24 03:06:44]  mm exchange .INFO: Home page request [] []
[2019-06-24 03:06:45]  mm exchange .INFO: Home page request [] []
[2019-06-24 03:06:58]  mm exchange .INFO: Home page request [] []
[2019-06-24 03:07:02]  mm exchange .INFO: Home page request [] []
[2019-06-24 03:10:37]  mm exchange .INFO: Home page request [] []
[2019-06-24 03:11:13]  mm exchange .INFO: Home page request [] []
[2019-06-24 03:11:42]  mm exchange .INFO: API Home url request [] []
[2019-06-24 03:11:51]  mm exchange .INFO: KBZ Exchange Request [] []
[2019-06-24 03:12:50]  mm exchange .INFO: API Home url request [] []
[2019-06-24 03:25:07]  mm exchange .INFO: Home page request [] []
[2019-06-24 03:26:43]  mm exchange .INFO: Home page request [] []
[2019-06-24 03:32:03]  mm exchange .INFO: Home page request [] []
[2019-06-24 03:32:26]  mm exchange .INFO: API Home url request [] []
[2019-06-24 03:32:40]  mm exchange .INFO: KBZ Exchange Request [] []
[2019-06-24 03:33:21]  mm exchange .INFO: Home page request [] []
[2019-06-24 03:33:41]  mm exchange .INFO: API Home url request [] []
[2019-06-24 03:34:13]  mm exchange .INFO: Home page request [] []
[2019-06-24 03:34:29]  mm exchange .INFO: API Home url request [] []
[2019-06-24 03:34:45]  mm exchange .INFO: UAB Exchange Request [] []
[2019-06-24 03:34:50]  mm exchange .INFO: UAB Exchange Request [] []
[2019-06-24 03:42:11]  mm exchange .INFO: Home page request {"fbclid":"IwAR2nJD4vXUTDRXo26_tQW77-Ym7djFiglmE8JAcpJItjBcdyddSvjFdhwuE"} []
[2019-06-24 03:42:41]  mm exchange .INFO: API Home url request [] []
[2019-06-24 03:44:26]  mm exchange .INFO: Home page request [] []
[2019-06-24 03:44:28]  mm exchange .ERROR: Unknow url /mmexchange/resources/css/bootstrap.min.css.map {"Request application ":"Mozilla/5.0 (Macintosh; Intel Mac OS X 10_14_3) AppleWebKit/537.36 (KHTML, like Gecko) Chrome/75.0.3770.100 Safari/537.36","Request client ip ":null,"Request client host ip ":"103.231.92.125"} []
[2019-06-24 03:44:28]  mm exchange .ERROR: Unknow url /mmexchange/resources/js/popper.min.js.map {"Request application ":"Mozilla/5.0 (Macintosh; Intel Mac OS X 10_14_3) AppleWebKit/537.36 (KHTML, like Gecko) Chrome/75.0.3770.100 Safari/537.36","Request client ip ":null,"Request client host ip ":"103.231.92.125"} []
[2019-06-24 03:48:53]  mm exchange .INFO: Home page request {"fbclid":"IwAR16qO5tn6fQcPq9QXfI4FMem8sjw4PvEIJsNFsfGuzQZbg5fce1XTinniU"} []
[2019-06-24 03:49:01]  mm exchange .INFO: API Home url request [] []
[2019-06-24 03:50:45]  mm exchange .INFO: Home page request [] []
[2019-06-24 03:55:00]  mm exchange .INFO: Home page request [] []
[2019-06-24 03:55:05]  mm exchange .INFO: Home page request [] []
[2019-06-24 03:55:24]  mm exchange .INFO: API Home url request [] []
[2019-06-24 03:55:28]  mm exchange .INFO: KBZ Exchange Request [] []
[2019-06-24 03:58:43]  mm exchange .INFO: Home page request [] []
[2019-06-24 04:00:38]  mm exchange .INFO: Home page request [] []
[2019-06-24 04:01:16]  mm exchange .INFO: Home page request [] []
[2019-06-24 04:05:43]  mm exchange .INFO: Home page request [] []
[2019-06-24 04:13:35]  mm exchange .INFO: Home page request [] []
[2019-06-24 04:15:17]  mm exchange .INFO: Home page request [] []
[2019-06-24 04:16:37]  mm exchange .INFO: API Home url request [] []
[2019-06-24 04:16:51]  mm exchange .INFO: KBZ Exchange Request [] []
[2019-06-24 04:17:50]  mm exchange .INFO: Home page request [] []
[2019-06-24 04:34:46]  mm exchange .INFO: Home page request [] []
[2019-06-24 04:34:54]  mm exchange .INFO: Home page request [] []
[2019-06-24 04:34:59]  mm exchange .INFO: Home page request [] []
[2019-06-24 04:35:17]  mm exchange .INFO: API Home url request [] []
[2019-06-24 04:40:39]  mm exchange .INFO: Home page request [] []
[2019-06-24 04:40:50]  mm exchange .INFO: Home page request [] []
[2019-06-24 04:40:57]  mm exchange .INFO: API Home url request [] []
[2019-06-24 05:03:07]  mm exchange .INFO: Home page request [] []
[2019-06-24 05:06:59]  mm exchange .INFO: Home page request [] []
[2019-06-24 05:08:37]  mm exchange .INFO: Home page request [] []
[2019-06-24 05:09:40]  mm exchange .INFO: Home page request [] []
[2019-06-24 05:13:18]  mm exchange .INFO: Home page request [] []
[2019-06-24 05:25:56]  mm exchange .INFO: Home page request [] []
[2019-06-24 05:26:36]  mm exchange .INFO: Home page request [] []
[2019-06-24 05:26:45]  mm exchange .INFO: API Home url request [] []
[2019-06-24 05:26:49]  mm exchange .INFO: API Home url request [] []
[2019-06-24 05:27:20]  mm exchange .INFO: Home page request [] []
[2019-06-24 05:27:31]  mm exchange .INFO: Home page request [] []
[2019-06-24 05:27:48]  mm exchange .INFO: API Home url request [] []
[2019-06-24 05:51:12]  mm exchange .INFO: Home page request [] []
[2019-06-24 05:55:30]  mm exchange .INFO: Home page request [] []
[2019-06-24 05:55:54]  mm exchange .INFO: API Home url request [] []
[2019-06-24 06:50:32]  mm exchange .INFO: Home page request [] []
[2019-06-24 06:54:05]  mm exchange .INFO: Home page request [] []
[2019-06-24 07:12:08]  mm exchange .INFO: KBZ Exchange Request [] []
[2019-06-24 07:16:44]  mm exchange .INFO: KBZ Exchange Request [] []
[2019-06-24 07:30:12]  mm exchange .INFO: Home page request [] []
[2019-06-24 07:30:27]  mm exchange .INFO: API Home url request [] []
[2019-06-24 07:31:36]  mm exchange .INFO: Home page request [] []
[2019-06-24 07:53:25]  mm exchange .INFO: Home page request [] []
[2019-06-24 07:54:32]  mm exchange .INFO: API Home url request [] []
[2019-06-24 08:02:20]  mm exchange .INFO: Home page request [] []
[2019-06-24 08:10:13]  mm exchange .INFO: Home page request {"fbclid":"IwAR3vneQ_JBBoHDNDJ4v0S_Q9KNM09DDg_tH7xP9ZeOWxcBaqbNKQsiFrhTM"} []
[2019-06-24 08:10:43]  mm exchange .INFO: API Home url request [] []
[2019-06-24 08:11:29]  mm exchange .INFO: KBZ Exchange Request [] []
[2019-06-24 08:11:33]  mm exchange .ERROR: Unknow url /mmexchange/api/v1/ {"Request application ":"Mozilla/5.0 (Windows NT 10.0; Win64; x64) AppleWebKit/537.36 (KHTML, like Gecko) Chrome/75.0.3770.100 Safari/537.36","Request client ip ":null,"Request client host ip ":"136.228.171.214"} []
[2019-06-24 08:11:34]  mm exchange .ERROR: Unknow url /mmexchange/api/v1/resources/img/profile.jpg {"Request application ":"Mozilla/5.0 (Windows NT 10.0; Win64; x64) AppleWebKit/537.36 (KHTML, like Gecko) Chrome/75.0.3770.100 Safari/537.36","Request client ip ":null,"Request client host ip ":"136.228.171.214"} []
[2019-06-24 08:11:38]  mm exchange .INFO: API Home url request [] []
[2019-06-24 08:11:44]  mm exchange .INFO: AYa Exchange Request [] []
[2019-06-24 08:11:56]  mm exchange .INFO: AYa Exchange Request [] []
[2019-06-24 08:11:58]  mm exchange .INFO: AYa Exchange Request [] []
[2019-06-24 09:10:09]  mm exchange .INFO: Home page request {"fbclid":"IwAR1jM2aMLmRWvyxMXq4SFtEyF9MGtvXMHIcIoOKQTSiccQurcI-_zK8OaEs"} []
[2019-06-24 09:10:33]  mm exchange .INFO: Home page request {"fbclid":"IwAR1jM2aMLmRWvyxMXq4SFtEyF9MGtvXMHIcIoOKQTSiccQurcI-_zK8OaEs"} []
[2019-06-24 09:35:30]  mm exchange .INFO: Home page request [] []
[2019-06-24 09:45:06]  mm exchange .INFO: Home page request [] []
[2019-06-24 10:14:11]  mm exchange .INFO: Home page request [] []
