[2018-10-02 03:48:19]  mm exchange .INFO: KBZ Exchange Request [] []
[2018-10-02 03:48:27]  mm exchange .INFO: AYa Exchange Request [] []
[2018-10-02 03:50:42]  mm exchange .INFO: Home page request [] []
[2018-10-02 03:51:51]  mm exchange .INFO: Home page request [] []
[2018-10-02 03:52:15]  mm exchange .INFO: MOB Exchange Request [] []
[2018-10-02 03:52:24]  mm exchange .INFO: UAB Exchange Request [] []
[2018-10-02 03:52:43]  mm exchange .INFO: CB Exchange Request [] []
[2018-10-02 03:52:54]  mm exchange .INFO: AGD Exchange Request [] []
[2018-10-02 03:53:19]  mm exchange .INFO: AGD Exchange Request [] []
[2018-10-02 03:53:28]  mm exchange .INFO: KBZ Exchange Request [] []
[2018-10-02 03:55:16]  mm exchange .INFO: KBZ Exchange Request [] []
[2018-10-02 03:55:19]  mm exchange .INFO: AYa Exchange Request [] []
[2018-10-02 03:55:21]  mm exchange .INFO: AGD Exchange Request [] []
[2018-10-02 03:55:23]  mm exchange .INFO: CB Exchange Request [] []
[2018-10-02 03:55:25]  mm exchange .INFO: MOB Exchange Request [] []
[2018-10-02 03:55:28]  mm exchange .INFO: UAB Exchange Request [] []
[2018-10-02 04:23:00]  mm exchange .INFO: Home page request [] []
[2018-10-02 04:57:08]  mm exchange .INFO: Home page request [] []
[2018-10-02 04:58:54]  mm exchange .INFO: Home page request [] []
[2018-10-02 04:59:09]  mm exchange .ERROR: Unknow url /mmexchange/resources/js/popper.min.js.map {"Request application ":"Mozilla/5.0 (Windows NT 10.0; Win64; x64) AppleWebKit/537.36 (KHTML, like Gecko) Chrome/69.0.3497.100 Safari/537.36","Request client ip ":"192.168.0.121","Request client host ip ":"103.197.196.52"} []
[2018-10-02 04:59:09]  mm exchange .ERROR: Unknow url /mmexchange/resources/css/bootstrap.min.css.map {"Request application ":"Mozilla/5.0 (Windows NT 10.0; Win64; x64) AppleWebKit/537.36 (KHTML, like Gecko) Chrome/69.0.3497.100 Safari/537.36","Request client ip ":"192.168.0.121","Request client host ip ":"103.197.196.52"} []
[2018-10-02 05:00:20]  mm exchange .INFO: Home page request [] []
[2018-10-02 05:00:36]  mm exchange .ERROR: Unknow url /mmexchange/resources/css/bootstrap.min.css.map {"Request application ":"Mozilla/5.0 (Windows NT 10.0; Win64; x64) AppleWebKit/537.36 (KHTML, like Gecko) Chrome/69.0.3497.100 Safari/537.36","Request client ip ":"192.168.0.121","Request client host ip ":"103.197.196.52"} []
[2018-10-02 05:00:36]  mm exchange .ERROR: Unknow url /mmexchange/resources/js/popper.min.js.map {"Request application ":"Mozilla/5.0 (Windows NT 10.0; Win64; x64) AppleWebKit/537.36 (KHTML, like Gecko) Chrome/69.0.3497.100 Safari/537.36","Request client ip ":"192.168.0.121","Request client host ip ":"103.197.196.52"} []
[2018-10-02 05:00:46]  mm exchange .INFO: Home page request [] []
[2018-10-02 05:00:52]  mm exchange .ERROR: Unknow url /mmexchange/resources/js/popper.min.js.map {"Request application ":"Mozilla/5.0 (Windows NT 10.0; Win64; x64) AppleWebKit/537.36 (KHTML, like Gecko) Chrome/69.0.3497.100 Safari/537.36","Request client ip ":"192.168.0.121","Request client host ip ":"103.197.196.52"} []
[2018-10-02 05:00:52]  mm exchange .ERROR: Unknow url /mmexchange/resources/css/bootstrap.min.css.map {"Request application ":"Mozilla/5.0 (Windows NT 10.0; Win64; x64) AppleWebKit/537.36 (KHTML, like Gecko) Chrome/69.0.3497.100 Safari/537.36","Request client ip ":"192.168.0.121","Request client host ip ":"103.197.196.52"} []
[2018-10-02 06:40:05]  mm exchange .INFO: Home page request [] []
[2018-10-02 06:40:56]  mm exchange .INFO: Home page request [] []
[2018-10-02 07:35:40]  mm exchange .INFO: KBZ Exchange Request [] []
[2018-10-02 07:35:49]  mm exchange .INFO: AYa Exchange Request [] []
[2018-10-02 07:35:58]  mm exchange .INFO: AGD Exchange Request [] []
[2018-10-02 07:36:10]  mm exchange .INFO: CB Exchange Request [] []
[2018-10-02 07:36:17]  mm exchange .INFO: UAB Exchange Request [] []
[2018-10-02 07:36:23]  mm exchange .INFO: MOB Exchange Request [] []
[2018-10-02 07:39:52]  mm exchange .INFO: AGD Exchange Request [] []
[2018-10-02 07:40:25]  mm exchange .INFO: AGD Exchange Request [] []
[2018-10-02 07:42:12]  mm exchange .INFO: AGD Exchange Request [] []
[2018-10-02 07:47:29]  mm exchange .INFO: AGD Exchange Request [] []
[2018-10-02 07:48:34]  mm exchange .INFO: AGD Exchange Request [] []
[2018-10-02 07:49:02]  mm exchange .INFO: AGD Exchange Request [] []
[2018-10-02 07:53:08]  mm exchange .INFO: AGD Exchange Request [] []
[2018-10-02 07:55:53]  mm exchange .INFO: AGD Exchange Request [] []
[2018-10-02 07:59:00]  mm exchange .INFO: Home page request [] []
[2018-10-02 08:00:08]  mm exchange .INFO: API Home url request [] []
[2018-10-02 08:00:20]  mm exchange .INFO: KBZ Exchange Request [] []
[2018-10-02 08:04:25]  mm exchange .INFO: AGD Exchange Request [] []
[2018-10-02 08:08:20]  mm exchange .INFO: AGD Exchange Request [] []
[2018-10-02 08:14:09]  mm exchange .INFO: AGD Exchange Request [] []
[2018-10-02 08:14:44]  mm exchange .INFO: AGD Exchange Request [] []
[2018-10-02 08:16:30]  mm exchange .INFO: AGD Exchange Request [] []
[2018-10-02 08:17:43]  mm exchange .INFO: KBZ Exchange Request [] []
[2018-10-02 08:17:50]  mm exchange .INFO: AYa Exchange Request [] []
[2018-10-02 08:18:00]  mm exchange .INFO: AGD Exchange Request [] []
[2018-10-02 08:18:09]  mm exchange .INFO: CB Exchange Request [] []
[2018-10-02 08:18:19]  mm exchange .INFO: MOB Exchange Request [] []
[2018-10-02 08:18:27]  mm exchange .INFO: UAB Exchange Request [] []
[2018-10-02 08:22:03]  mm exchange .INFO: AGD Exchange Request [] []
[2018-10-02 08:23:35]  mm exchange .INFO: KBZ Exchange Request [] []
[2018-10-02 08:23:40]  mm exchange .INFO: AYa Exchange Request [] []
[2018-10-02 08:23:44]  mm exchange .INFO: AGD Exchange Request [] []
[2018-10-02 08:23:48]  mm exchange .INFO: CB Exchange Request [] []
[2018-10-02 08:23:52]  mm exchange .INFO: UAB Exchange Request [] []
[2018-10-02 08:23:57]  mm exchange .INFO: MOB Exchange Request [] []
[2018-10-02 08:24:19]  mm exchange .INFO: AGD Exchange Request [] []
[2018-10-02 08:34:13]  mm exchange .INFO: KBZ Exchange Request [] []
[2018-10-02 08:36:49]  mm exchange .INFO: KBZ Exchange Request [] []
[2018-10-02 09:05:12]  mm exchange .INFO: AGD Exchange Request [] []
[2018-10-02 09:06:26]  mm exchange .INFO: AGD Exchange Request [] []
[2018-10-02 09:07:20]  mm exchange .INFO: AGD Exchange Request [] []
[2018-10-02 09:07:34]  mm exchange .INFO: KBZ Exchange Request [] []
[2018-10-02 09:08:54]  mm exchange .INFO: KBZ Exchange Request [] []
[2018-10-02 09:11:53]  mm exchange .INFO: KBZ Exchange Request [] []
[2018-10-02 09:12:32]  mm exchange .INFO: KBZ Exchange Request [] []
[2018-10-02 09:12:54]  mm exchange .INFO: AYa Exchange Request [] []
[2018-10-02 09:13:04]  mm exchange .INFO: KBZ Exchange Request [] []
[2018-10-02 09:13:30]  mm exchange .INFO: KBZ Exchange Request [] []
[2018-10-02 09:55:01]  mm exchange .INFO: KBZ Exchange Request [] []
[2018-10-02 09:55:09]  mm exchange .INFO: AGD Exchange Request [] []
[2018-10-02 09:55:19]  mm exchange .INFO: CB Exchange Request [] []
[2018-10-02 10:54:58]  mm exchange .INFO: Home page request [] []
[2018-10-02 10:56:15]  mm exchange .INFO: API Home url request [] []
[2018-10-02 11:55:09]  mm exchange .INFO: Home page request [] []
[2018-10-02 11:56:07]  mm exchange .INFO: API Home url request [] []
[2018-10-02 11:56:42]  mm exchange .INFO: Home page request [] []
[2018-10-02 15:02:58]  mm exchange .INFO: Home page request [] []
[2018-10-02 16:58:25]  mm exchange .INFO: Home page request [] []
[2018-10-02 16:58:37]  mm exchange .INFO: API Home url request [] []
[2018-10-02 18:23:56]  mm exchange .INFO: Home page request [] []
