[2018-09-28 03:44:40]  mm exchange .INFO: Home page request [] []
[2018-09-28 03:44:41]  mm exchange .INFO: KBZ Exchange Request [] []
[2018-09-28 03:44:49]  mm exchange .INFO: AGD Exchange Request [] []
[2018-09-28 03:44:58]  mm exchange .INFO: AYa Exchange Request [] []
[2018-09-28 03:45:08]  mm exchange .INFO: CB Exchange Request [] []
[2018-09-28 03:45:14]  mm exchange .INFO: Home page request [] []
[2018-09-28 03:45:20]  mm exchange .INFO: MOB Exchange Request [] []
[2018-09-28 03:45:28]  mm exchange .INFO: UAB Exchange Request [] []
[2018-09-28 04:18:23]  mm exchange .INFO: Home page request [] []
[2018-09-28 05:05:04]  mm exchange .INFO: Home page request [] []
[2018-09-28 05:06:53]  mm exchange .INFO: Home page request [] []
[2018-09-28 05:07:39]  mm exchange .ERROR: Unknow url /mmexchange/resources/js/popper.min.js.map {"Request application ":"Mozilla/5.0 (Windows NT 10.0; Win64; x64) AppleWebKit/537.36 (KHTML, like Gecko) Chrome/69.0.3497.100 Safari/537.36","Request client ip ":"192.168.0.121","Request client host ip ":"103.197.196.67"} []
[2018-09-28 05:07:39]  mm exchange .ERROR: Unknow url /mmexchange/resources/css/bootstrap.min.css.map {"Request application ":"Mozilla/5.0 (Windows NT 10.0; Win64; x64) AppleWebKit/537.36 (KHTML, like Gecko) Chrome/69.0.3497.100 Safari/537.36","Request client ip ":"192.168.0.121","Request client host ip ":"103.197.196.67"} []
[2018-09-28 05:08:29]  mm exchange .INFO: Home page request [] []
[2018-09-28 06:04:29]  mm exchange .INFO: KBZ Exchange Request [] []
[2018-09-28 06:30:30]  mm exchange .INFO: KBZ Exchange Request [] []
[2018-09-28 06:34:39]  mm exchange .INFO: KBZ Exchange Request [] []
[2018-09-28 07:24:55]  mm exchange .INFO: KBZ Exchange Request [] []
[2018-09-28 07:25:23]  mm exchange .INFO: KBZ Exchange Request [] []
[2018-09-28 07:26:54]  mm exchange .INFO: KBZ Exchange Request [] []
[2018-09-28 07:27:19]  mm exchange .INFO: KBZ Exchange Request [] []
[2018-09-28 07:31:23]  mm exchange .INFO: Home page request [] []
[2018-09-28 07:47:41]  mm exchange .INFO: AYa Exchange Request [] []
[2018-09-28 07:56:33]  mm exchange .INFO: AGD Exchange Request [] []
[2018-09-28 07:59:22]  mm exchange .INFO: CB Exchange Request [] []
[2018-09-28 08:03:02]  mm exchange .INFO: MOB Exchange Request [] []
[2018-09-28 08:03:12]  mm exchange .INFO: MOB Exchange Request [] []
[2018-09-28 08:03:50]  mm exchange .INFO: UAB Exchange Request [] []
[2018-09-28 08:30:45]  mm exchange .INFO: Home page request [] []
[2018-09-28 08:41:49]  mm exchange .INFO: KBZ Exchange Request [] []
[2018-09-28 08:43:15]  mm exchange .INFO: AYa Exchange Request [] []
[2018-09-28 08:43:36]  mm exchange .INFO: AGD Exchange Request [] []
[2018-09-28 08:43:58]  mm exchange .INFO: CB Exchange Request [] []
[2018-09-28 08:45:31]  mm exchange .INFO: UAB Exchange Request [] []
[2018-09-28 08:46:19]  mm exchange .INFO: MOB Exchange Request [] []
[2018-09-28 09:55:11]  mm exchange .INFO: Home page request [] []
[2018-09-28 10:51:52]  mm exchange .INFO: KBZ Exchange Request [] []
[2018-09-28 10:52:08]  mm exchange .INFO: AYa Exchange Request [] []
[2018-09-28 10:52:17]  mm exchange .INFO: AGD Exchange Request [] []
[2018-09-28 10:52:30]  mm exchange .INFO: CB Exchange Request [] []
[2018-09-28 10:52:35]  mm exchange .INFO: UAB Exchange Request [] []
[2018-09-28 10:52:53]  mm exchange .INFO: CB Exchange Request [] []
[2018-09-28 10:53:25]  mm exchange .INFO: CB Exchange Request [] []
[2018-09-28 11:54:56]  mm exchange .INFO: Home page request [] []
[2018-09-28 16:34:50]  mm exchange .INFO: Home page request [] []
[2018-09-28 16:34:56]  mm exchange .ERROR: Unknow url /mmexchange/dd {"Request application ":"ia_archiver","Request client ip ":null,"Request client host ip ":"54.165.59.7"} []
[2018-09-28 16:35:23]  mm exchange .ERROR: Unknow url /mmexchange/jjjj {"Request application ":"ia_archiver","Request client ip ":null,"Request client host ip ":"54.165.59.7"} []
[2018-09-28 16:35:51]  mm exchange .ERROR: Unknow url /mmexchange/kkll {"Request application ":"ia_archiver","Request client ip ":null,"Request client host ip ":"54.165.59.7"} []
[2018-09-28 17:36:17]  mm exchange .ERROR: Unknow url /mmexchange/api/fff {"Request application ":"ia_archiver","Request client ip ":null,"Request client host ip ":"54.165.59.7"} []
[2018-09-28 17:37:30]  mm exchange .ERROR: Unknow url /mmexchange/dd/ {"Request application ":"ia_archiver","Request client ip ":null,"Request client host ip ":"54.165.59.7"} []
