[2019-01-15 02:51:29]  mm exchange .INFO: Home page request [] []
[2019-01-15 02:51:35]  mm exchange .INFO: API Home url request [] []
[2019-01-15 04:58:28]  mm exchange .INFO: KBZ Exchange Request [] []
[2019-01-15 04:58:33]  mm exchange .INFO: AYa Exchange Request [] []
[2019-01-15 04:58:37]  mm exchange .INFO: AGD Exchange Request [] []
[2019-01-15 04:58:43]  mm exchange .INFO: CB Exchange Request [] []
[2019-01-15 04:58:47]  mm exchange .INFO: UAB Exchange Request [] []
[2019-01-15 04:58:52]  mm exchange .INFO: MOB Exchange Request [] []
[2019-01-15 05:38:29]  mm exchange .INFO: Home page request [] []
[2019-01-15 05:39:23]  mm exchange .INFO: Home page request [] []
[2019-01-15 06:38:39]  mm exchange .INFO: Home page request {"fbclid":"IwAR1NiZ74s0fyyLN7sfxZqIRxdMpqH7KvzTiZxra0bWO996OGm-g1xEp8ljA"} []
[2019-01-15 06:38:42]  mm exchange .INFO: Home page request {"fbclid":"IwAR1NiZ74s0fyyLN7sfxZqIRxdMpqH7KvzTiZxra0bWO996OGm-g1xEp8ljA"} []
[2019-01-15 07:15:12]  mm exchange .INFO: Home page request [] []
[2019-01-15 09:21:08]  mm exchange .INFO: Home page request [] []
[2019-01-15 09:21:34]  mm exchange .INFO: API Home url request [] []
[2019-01-15 09:21:39]  mm exchange .INFO: CB Exchange Request [] []
[2019-01-15 18:24:07]  mm exchange .INFO: Home page request [] []
[2019-01-15 18:26:12]  mm exchange .INFO: Home page request [] []
[2019-01-15 18:26:28]  mm exchange .INFO: API Home url request [] []
[2019-01-15 18:27:01]  mm exchange .INFO: KBZ Exchange Request [] []
[2019-01-15 18:27:15]  mm exchange .INFO: AYa Exchange Request [] []
[2019-01-15 19:20:58]  mm exchange .INFO: Home page request [] []
