[2019-02-13 00:47:50]  mm exchange .INFO: Home page request {"fbclid":"IwAR2KmPYWOGvZGpWXa9hPNT9vuB--dsoDJk_YOD0YOz22Jf5h785HTYr-LPs"} []
[2019-02-13 03:25:18]  mm exchange .INFO: MOB Exchange Request [] []
[2019-02-13 03:30:13]  mm exchange .INFO: KBZ Exchange Request [] []
[2019-02-13 03:30:18]  mm exchange .INFO: AYa Exchange Request [] []
[2019-02-13 03:30:23]  mm exchange .INFO: AGD Exchange Request [] []
[2019-02-13 03:30:30]  mm exchange .INFO: CB Exchange Request [] []
[2019-02-13 03:30:36]  mm exchange .INFO: UAB Exchange Request [] []
[2019-02-13 04:18:22]  mm exchange .INFO: Home page request [] []
[2019-02-13 05:07:52]  mm exchange .INFO: KBZ Exchange Request [] []
[2019-02-13 05:07:57]  mm exchange .INFO: AYa Exchange Request [] []
[2019-02-13 05:08:02]  mm exchange .INFO: AGD Exchange Request [] []
[2019-02-13 05:08:07]  mm exchange .INFO: CB Exchange Request [] []
[2019-02-13 05:08:11]  mm exchange .INFO: UAB Exchange Request [] []
[2019-02-13 05:08:17]  mm exchange .INFO: MOB Exchange Request [] []
[2019-02-13 07:23:15]  mm exchange .INFO: KBZ Exchange Request [] []
[2019-02-13 07:23:28]  mm exchange .INFO: AYa Exchange Request [] []
[2019-02-13 07:23:34]  mm exchange .INFO: AGD Exchange Request [] []
[2019-02-13 07:23:38]  mm exchange .INFO: CB Exchange Request [] []
[2019-02-13 07:23:42]  mm exchange .INFO: UAB Exchange Request [] []
[2019-02-13 07:23:53]  mm exchange .INFO: MOB Exchange Request [] []
[2019-02-13 07:23:53]  mm exchange .INFO: MOB Exchange Request [] []
[2019-02-13 08:23:59]  mm exchange .INFO: Home page request {"fbclid":"IwAR3jBkPdMiAy3wXUZtdqBbdlaIZrWBP6CmlR50E_ZCQCgsaklbBNEz11V34"} []
[2019-02-13 08:25:07]  mm exchange .INFO: Home page request {"fbclid":"IwAR3jBkPdMiAy3wXUZtdqBbdlaIZrWBP6CmlR50E_ZCQCgsaklbBNEz11V34"} []
[2019-02-13 08:25:18]  mm exchange .INFO: API Home url request [] []
[2019-02-13 08:26:00]  mm exchange .INFO: API Home url request [] []
[2019-02-13 08:26:22]  mm exchange .INFO: API Home url request [] []
[2019-02-13 08:26:39]  mm exchange .INFO: KBZ Exchange Request [] []
[2019-02-13 08:27:32]  mm exchange .INFO: Home page request {"fbclid":"IwAR3jBkPdMiAy3wXUZtdqBbdlaIZrWBP6CmlR50E_ZCQCgsaklbBNEz11V34"} []
[2019-02-13 08:27:47]  mm exchange .INFO: API Home url request [] []
[2019-02-13 08:27:52]  mm exchange .INFO: Home page request {"fbclid":"IwAR3jBkPdMiAy3wXUZtdqBbdlaIZrWBP6CmlR50E_ZCQCgsaklbBNEz11V34"} []
[2019-02-13 08:28:38]  mm exchange .INFO: Home page request {"fbclid":"IwAR3jBkPdMiAy3wXUZtdqBbdlaIZrWBP6CmlR50E_ZCQCgsaklbBNEz11V34"} []
[2019-02-13 08:28:45]  mm exchange .INFO: Home page request {"fbclid":"IwAR3jBkPdMiAy3wXUZtdqBbdlaIZrWBP6CmlR50E_ZCQCgsaklbBNEz11V34"} []
[2019-02-13 15:57:35]  mm exchange .INFO: Home page request [] []
