[2019-02-16 14:40:23]  mm exchange .INFO: KBZ Exchange Request [] []
[2019-02-16 15:13:23]  mm exchange .INFO: KBZ Exchange Request [] []
[2019-02-16 15:23:51]  mm exchange .INFO: AYa Exchange Request [] []
[2019-02-16 15:24:01]  mm exchange .INFO: KBZ Exchange Request [] []
[2019-02-16 15:26:37]  mm exchange .INFO: AYa Exchange Request [] []
[2019-02-16 15:31:46]  mm exchange .INFO: KBZ Exchange Request [] []
[2019-02-16 15:32:52]  mm exchange .INFO: AYa Exchange Request [] []
[2019-02-16 15:33:17]  mm exchange .INFO: AYa Exchange Request [] []
[2019-02-16 15:33:23]  mm exchange .INFO: KBZ Exchange Request [] []
[2019-02-16 15:34:41]  mm exchange .INFO: AYa Exchange Request [] []
[2019-02-16 15:36:20]  mm exchange .INFO: AYa Exchange Request [] []
[2019-02-16 15:36:58]  mm exchange .INFO: CB Exchange Request [] []
[2019-02-16 15:37:04]  mm exchange .INFO: KBZ Exchange Request [] []
[2019-02-16 15:37:42]  mm exchange .INFO: KBZ Exchange Request [] []
[2019-02-16 15:38:04]  mm exchange .INFO: KBZ Exchange Request [] []
[2019-02-16 15:38:09]  mm exchange .INFO: AYa Exchange Request [] []
[2019-02-16 15:39:10]  mm exchange .INFO: KBZ Exchange Request [] []
[2019-02-16 15:39:19]  mm exchange .INFO: AYa Exchange Request [] []
[2019-02-16 15:40:53]  mm exchange .INFO: KBZ Exchange Request [] []
[2019-02-16 15:43:45]  mm exchange .INFO: KBZ Exchange Request [] []
[2019-02-16 15:50:59]  mm exchange .INFO: KBZ Exchange Request [] []
[2019-02-16 15:51:03]  mm exchange .INFO: AYa Exchange Request [] []
[2019-02-16 16:00:16]  mm exchange .INFO: KBZ Exchange Request [] []
[2019-02-16 16:03:25]  mm exchange .INFO: UAB Exchange Request [] []
[2019-02-16 16:03:32]  mm exchange .INFO: AGD Exchange Request [] []
[2019-02-16 16:03:41]  mm exchange .INFO: CB Exchange Request [] []
[2019-02-16 16:03:56]  mm exchange .INFO: KBZ Exchange Request [] []
