[2019-01-28 03:35:48]  mm exchange .INFO: KBZ Exchange Request [] []
[2019-01-28 03:35:58]  mm exchange .INFO: AYa Exchange Request [] []
[2019-01-28 03:36:03]  mm exchange .INFO: AGD Exchange Request [] []
[2019-01-28 03:36:13]  mm exchange .INFO: CB Exchange Request [] []
[2019-01-28 03:36:22]  mm exchange .INFO: UAB Exchange Request [] []
[2019-01-28 03:36:27]  mm exchange .INFO: MOB Exchange Request [] []
[2019-01-28 04:32:47]  mm exchange .INFO: KBZ Exchange Request [] []
[2019-01-28 04:32:52]  mm exchange .INFO: AYa Exchange Request [] []
[2019-01-28 04:32:57]  mm exchange .INFO: AGD Exchange Request [] []
[2019-01-28 04:33:01]  mm exchange .INFO: CB Exchange Request [] []
[2019-01-28 04:33:07]  mm exchange .INFO: UAB Exchange Request [] []
[2019-01-28 04:33:12]  mm exchange .INFO: MOB Exchange Request [] []
[2019-01-28 04:42:39]  mm exchange .INFO: Home page request [] []
[2019-01-28 04:44:01]  mm exchange .INFO: API Home url request [] []
[2019-01-28 04:44:14]  mm exchange .INFO: KBZ Exchange Request [] []
[2019-01-28 04:44:38]  mm exchange .INFO: KBZ Exchange Request [] []
[2019-01-28 04:44:38]  mm exchange .INFO: KBZ Exchange Request [] []
[2019-01-28 04:45:21]  mm exchange .INFO: Home page request [] []
[2019-01-28 17:21:28]  mm exchange .INFO: API Home url request {"fbclid":"IwAR10NyEGHu6M8xgpGWdBND6CUZRm9LGlh_6Jl3pFKVS4Jwl4TrDWegdZUtg"} []
[2019-01-28 17:21:49]  mm exchange .INFO: Home page request {"fbclid":"IwAR3O5-cEu_UItbgHlktQfrnHoNHypgSGMqz5BnSugNUS3_rAeBrPYr7b6_8"} []
[2019-01-28 17:27:42]  mm exchange .INFO: Home page request [] []
