[2018-10-11 01:28:08]  mm exchange .INFO: KBZ Exchange Request [] []
[2018-10-11 01:28:08]  mm exchange .INFO: AYa Exchange Request [] []
[2018-10-11 01:28:09]  mm exchange .INFO: CB Exchange Request [] []
[2018-10-11 01:28:09]  mm exchange .INFO: MOB Exchange Request [] []
[2018-10-11 01:28:09]  mm exchange .INFO: AGD Exchange Request [] []
[2018-10-11 01:28:10]  mm exchange .INFO: UAB Exchange Request [] []
[2018-10-11 03:46:20]  mm exchange .INFO: KBZ Exchange Request [] []
[2018-10-11 03:46:25]  mm exchange .INFO: AYa Exchange Request [] []
[2018-10-11 03:46:32]  mm exchange .INFO: AGD Exchange Request [] []
[2018-10-11 03:46:37]  mm exchange .INFO: CB Exchange Request [] []
[2018-10-11 03:46:43]  mm exchange .INFO: UAB Exchange Request [] []
[2018-10-11 03:46:48]  mm exchange .INFO: MOB Exchange Request [] []
[2018-10-11 05:56:22]  mm exchange .INFO: Home page request [] []
[2018-10-11 05:56:41]  mm exchange .INFO: Home page request [] []
[2018-10-11 05:56:51]  mm exchange .INFO: API Home url request [] []
[2018-10-11 05:56:57]  mm exchange .INFO: API Home url request [] []
[2018-10-11 05:57:59]  mm exchange .INFO: Home page request [] []
[2018-10-11 06:31:07]  mm exchange .INFO: Home page request [] []
[2018-10-11 06:34:22]  mm exchange .INFO: API Home url request [] []
[2018-10-11 06:35:08]  mm exchange .INFO: Home page request [] []
[2018-10-11 06:35:37]  mm exchange .INFO: AYa Exchange Request [] []
[2018-10-11 06:36:05]  mm exchange .INFO: AYa Exchange Request [] []
[2018-10-11 06:57:43]  mm exchange .INFO: Home page request [] []
[2018-10-11 07:24:03]  mm exchange .INFO: Home page request [] []
[2018-10-11 07:44:59]  mm exchange .INFO: KBZ Exchange Request [] []
[2018-10-11 07:45:09]  mm exchange .INFO: AYa Exchange Request [] []
[2018-10-11 07:45:14]  mm exchange .INFO: AGD Exchange Request [] []
[2018-10-11 07:45:19]  mm exchange .INFO: CB Exchange Request [] []
[2018-10-11 07:45:23]  mm exchange .INFO: UAB Exchange Request [] []
[2018-10-11 07:45:29]  mm exchange .INFO: MOB Exchange Request [] []
[2018-10-11 08:14:18]  mm exchange .INFO: Home page request [] []
[2018-10-11 08:25:06]  mm exchange .INFO: Home page request [] []
[2018-10-11 08:25:40]  mm exchange .INFO: API Home url request [] []
[2018-10-11 08:25:44]  mm exchange .INFO: KBZ Exchange Request [] []
[2018-10-11 12:05:04]  mm exchange .INFO: Home page request [] []
[2018-10-11 14:30:40]  mm exchange .INFO: Home page request [] []
[2018-10-11 15:02:35]  mm exchange .INFO: Home page request [] []
[2018-10-11 15:03:16]  mm exchange .INFO: API Home url request [] []
[2018-10-11 17:10:52]  mm exchange .INFO: Home page request [] []
[2018-10-11 17:11:19]  mm exchange .INFO: API Home url request [] []
[2018-10-11 17:11:27]  mm exchange .INFO: KBZ Exchange Request [] []
[2018-10-11 17:14:15]  mm exchange .INFO: API Home url request [] []
[2018-10-11 17:14:30]  mm exchange .INFO: UAB Exchange Request [] []
