[2018-09-19 03:24:11]  mm exchange .INFO: Home page request [] []
[2018-09-19 03:25:19]  mm exchange .INFO: API Home url request [] []
[2018-09-19 03:25:35]  mm exchange .INFO: Home page request [] []
[2018-09-19 03:43:19]  mm exchange .INFO: Home page request [] []
[2018-09-19 03:44:55]  mm exchange .INFO: Home page request [] []
[2018-09-19 03:45:59]  mm exchange .INFO: API Home url request [] []
[2018-09-19 04:03:55]  mm exchange .INFO: Home page request [] []
[2018-09-19 04:20:35]  mm exchange .ERROR: Unknow url /mmexchange/%E1%80%B1%E1%80%85%E1%80%84 [] []
[2018-09-19 04:20:43]  mm exchange .ERROR: Unknow url /mmexchange/eee [] []
[2018-09-19 04:32:31]  mm exchange .INFO: API Home url request [] []
[2018-09-19 04:33:06]  mm exchange .INFO: Home page request [] []
[2018-09-19 04:33:45]  mm exchange .INFO: API Home url request [] []
[2018-09-19 04:34:01]  mm exchange .INFO: Home page request [] []
[2018-09-19 04:38:36]  mm exchange .INFO: Home page request [] []
[2018-09-19 04:38:42]  mm exchange .INFO: API Home url request [] []
[2018-09-19 05:59:01]  mm exchange .INFO: Home page request [] []
[2018-09-19 05:59:41]  mm exchange .INFO: Home page request [] []
[2018-09-19 05:59:50]  mm exchange .INFO: Home page request [] []
[2018-09-19 06:00:08]  mm exchange .INFO: API Home url request [] []
[2018-09-19 06:00:17]  mm exchange .INFO: AGD Exchange Request [] []
[2018-09-19 07:11:47]  mm exchange .INFO: API Home url request [] []
[2018-09-19 07:12:14]  mm exchange .INFO: KBZ Exchange Request [] []
[2018-09-19 08:11:46]  mm exchange .INFO: API Home url request [] []
[2018-09-19 08:12:15]  mm exchange .INFO: CB Exchange Request [] []
[2018-09-19 08:12:40]  mm exchange .INFO: Home page request [] []
[2018-09-19 08:15:09]  mm exchange .INFO: Home page request [] []
[2018-09-19 08:15:10]  mm exchange .INFO: Home page request [] []
[2018-09-19 08:41:27]  mm exchange .INFO: Home page request [] []
[2018-09-19 08:41:28]  mm exchange .INFO: API Home url request [] []
[2018-09-19 08:42:52]  mm exchange .INFO: Home page request [] []
[2018-09-19 08:43:27]  mm exchange .INFO: Home page request [] []
[2018-09-19 08:43:27]  mm exchange .INFO: Home page request [] []
[2018-09-19 08:43:31]  mm exchange .INFO: Home page request [] []
[2018-09-19 08:43:31]  mm exchange .INFO: Home page request [] []
[2018-09-19 08:53:28]  mm exchange .INFO: Home page request [] []
[2018-09-19 08:53:28]  mm exchange .INFO: Home page request [] []
[2018-09-19 08:53:43]  mm exchange .INFO: Home page request [] []
[2018-09-19 08:53:43]  mm exchange .INFO: Home page request [] []
[2018-09-19 08:53:49]  mm exchange .INFO: Home page request [] []
[2018-09-19 08:53:49]  mm exchange .INFO: Home page request [] []
[2018-09-19 08:54:03]  mm exchange .INFO: Home page request [] []
[2018-09-19 08:54:03]  mm exchange .INFO: Home page request [] []
[2018-09-19 10:25:03]  mm exchange .INFO: Home page request [] []
[2018-09-19 10:25:03]  mm exchange .INFO: Home page request [] []
[2018-09-19 11:31:51]  mm exchange .INFO: Home page request [] []
[2018-09-19 11:32:39]  mm exchange .INFO: Home page request [] []
[2018-09-19 12:40:20]  mm exchange .INFO: Home page request [] []
[2018-09-19 14:06:56]  mm exchange .INFO: Home page request [] []
[2018-09-19 14:32:20]  mm exchange .INFO: Home page request [] []
[2018-09-19 14:32:53]  mm exchange .INFO: API Home url request [] []
[2018-09-19 16:08:37]  mm exchange .ERROR: Unknow url /mmexchange/resources/js/popper.min.js.map [] []
[2018-09-19 16:08:37]  mm exchange .ERROR: Unknow url /mmexchange/resources/css/bootstrap.min.css.map [] []
[2018-09-19 16:09:41]  mm exchange .INFO: Home page request [] []
[2018-09-19 18:20:28]  mm exchange .INFO: Home page request [] []
[2018-09-19 18:20:40]  mm exchange .INFO: API Home url request [] []
[2018-09-19 18:20:43]  mm exchange .INFO: API Home url request [] []
[2018-09-19 18:20:47]  mm exchange .INFO: KBZ Exchange Request [] []
[2018-09-19 18:21:53]  mm exchange .INFO: Home page request [] []
[2018-09-19 18:22:16]  mm exchange .INFO: Home page request [] []
[2018-09-19 18:24:49]  mm exchange .INFO: Home page request [] []
[2018-09-19 19:12:50]  mm exchange .INFO: AGD Exchange Request [] []
[2018-09-19 23:57:13]  mm exchange .INFO: Home page request [] []
