[2018-12-06 03:09:55]  mm exchange .INFO: Home page request [] []
[2018-12-06 03:32:07]  mm exchange .INFO: KBZ Exchange Request [] []
[2018-12-06 03:32:12]  mm exchange .INFO: AYa Exchange Request [] []
[2018-12-06 03:32:16]  mm exchange .INFO: AGD Exchange Request [] []
[2018-12-06 03:32:21]  mm exchange .INFO: CB Exchange Request [] []
[2018-12-06 03:32:25]  mm exchange .INFO: UAB Exchange Request [] []
[2018-12-06 03:32:30]  mm exchange .INFO: MOB Exchange Request [] []
[2018-12-06 03:45:58]  mm exchange .INFO: Home page request [] []
[2018-12-06 03:46:47]  mm exchange .INFO: API Home url request [] []
[2018-12-06 03:48:17]  mm exchange .INFO: Home page request [] []
[2018-12-06 04:48:36]  mm exchange .INFO: Home page request [] []
[2018-12-06 08:12:38]  mm exchange .INFO: KBZ Exchange Request [] []
[2018-12-06 08:12:51]  mm exchange .INFO: AYa Exchange Request [] []
[2018-12-06 08:12:56]  mm exchange .INFO: AGD Exchange Request [] []
[2018-12-06 08:13:05]  mm exchange .INFO: CB Exchange Request [] []
[2018-12-06 08:13:22]  mm exchange .INFO: UAB Exchange Request [] []
[2018-12-06 08:13:28]  mm exchange .INFO: MOB Exchange Request [] []
[2018-12-06 12:21:18]  mm exchange .INFO: Home page request [] []
[2018-12-06 12:43:24]  mm exchange .INFO: Home page request [] []
[2018-12-06 12:45:33]  mm exchange .INFO: Home page request [] []
[2018-12-06 12:45:33]  mm exchange .INFO: Home page request [] []
[2018-12-06 12:46:31]  mm exchange .INFO: API Home url request [] []
[2018-12-06 12:47:03]  mm exchange .INFO: UAB Exchange Request [] []
[2018-12-06 12:48:01]  mm exchange .INFO: API Home url request [] []
[2018-12-06 12:48:11]  mm exchange .INFO: Home page request [] []
[2018-12-06 12:48:19]  mm exchange .INFO: API Home url request {"fbclid":"IwAR2SHebJ9j6Ann4lxWSCW6oQ80hR4iPAymmZds05Vyb8bfo0XjpdjelpgM0"} []
[2018-12-06 12:50:47]  mm exchange .INFO: Home page request [] []
[2018-12-06 12:51:09]  mm exchange .INFO: API Home url request [] []
[2018-12-06 12:51:31]  mm exchange .INFO: UAB Exchange Request [] []
[2018-12-06 12:52:24]  mm exchange .INFO: AYa Exchange Request [] []
[2018-12-06 18:05:57]  mm exchange .INFO: Home page request {"fbclid":"IwAR1NiZ74s0fyyLN7sfxZqIRxdMpqH7KvzTiZxra0bWO996OGm-g1xEp8ljA"} []
