[2018-09-22 01:21:01]  mm exchange .INFO: Home page request [] []
[2018-09-22 01:21:18]  mm exchange .INFO: API Home url request [] []
[2018-09-22 02:29:20]  mm exchange .INFO: Home page request [] []
[2018-09-22 03:14:45]  mm exchange .INFO: API Home url request [] []
[2018-09-22 04:10:41]  mm exchange .INFO: Home page request [] []
[2018-09-22 05:16:09]  mm exchange .INFO: Home page request [] []
[2018-09-22 07:13:33]  mm exchange .INFO: Home page request [] []
[2018-09-22 07:13:35]  mm exchange .INFO: Home page request [] []
[2018-09-22 07:13:43]  mm exchange .INFO: API Home url request [] []
[2018-09-22 07:13:52]  mm exchange .INFO: KBZ Exchange Request [] []
[2018-09-22 07:13:59]  mm exchange .INFO: Home page request [] []
[2018-09-22 07:31:46]  mm exchange .INFO: Home page request [] []
[2018-09-22 07:38:27]  mm exchange .INFO: Home page request [] []
[2018-09-22 10:22:47]  mm exchange .INFO: Home page request [] []
[2018-09-22 10:22:49]  mm exchange .ERROR: Unknow url /mmexchange/resources/js/popper.min.js.map [] []
[2018-09-22 10:22:49]  mm exchange .ERROR: Unknow url /mmexchange/resources/css/bootstrap.min.css.map [] []
[2018-09-22 13:04:10]  mm exchange .INFO: Home page request [] []
[2018-09-22 13:04:32]  mm exchange .INFO: Home page request [] []
[2018-09-22 13:04:44]  mm exchange .INFO: API Home url request [] []
[2018-09-22 13:22:08]  mm exchange .INFO: Home page request [] []
[2018-09-22 13:59:06]  mm exchange .INFO: Home page request [] []
[2018-09-22 14:06:26]  mm exchange .INFO: Home page request [] []
[2018-09-22 14:06:30]  mm exchange .ERROR: Unknow url /mmexchange/resources/js/popper.min.js.map [] []
[2018-09-22 14:06:30]  mm exchange .ERROR: Unknow url /mmexchange/resources/css/bootstrap.min.css.map [] []
[2018-09-22 16:06:33]  mm exchange .INFO: Home page request [] []
[2018-09-22 16:34:41]  mm exchange .INFO: API Home url request [] []
[2018-09-22 16:35:17]  mm exchange .INFO: Home page request [] []
[2018-09-22 21:09:02]  mm exchange .INFO: Home page request [] []
[2018-09-22 21:09:37]  mm exchange .INFO: API Home url request [] []
[2018-09-22 21:09:44]  mm exchange .INFO: KBZ Exchange Request [] []
