[2019-01-14 03:48:05]  mm exchange .INFO: Home page request [] []
[2019-01-14 03:51:16]  mm exchange .INFO: Home page request {"fbclid":"IwAR1fbkkIbanahgsMdJ9bNNTo9GnaLDMpZeWCs5DvU8L1Q2AP5uf4nzNQFrI"} []
[2019-01-14 06:35:29]  mm exchange .INFO: Home page request [] []
[2019-01-14 06:36:22]  mm exchange .INFO: API Home url request [] []
[2019-01-14 06:37:05]  mm exchange .INFO: Home page request [] []
[2019-01-14 07:08:29]  mm exchange .INFO: Home page request [] []
[2019-01-14 10:45:16]  mm exchange .INFO: KBZ Exchange Request [] []
[2019-01-14 10:45:42]  mm exchange .INFO: AYa Exchange Request [] []
[2019-01-14 10:45:46]  mm exchange .INFO: AGD Exchange Request [] []
[2019-01-14 10:45:51]  mm exchange .INFO: CB Exchange Request [] []
[2019-01-14 10:45:55]  mm exchange .INFO: UAB Exchange Request [] []
[2019-01-14 10:46:00]  mm exchange .INFO: MOB Exchange Request [] []
[2019-01-14 11:55:22]  mm exchange .INFO: Home page request [] []
[2019-01-14 11:55:55]  mm exchange .INFO: API Home url request [] []
[2019-01-14 11:56:02]  mm exchange .INFO: Home page request [] []
[2019-01-14 11:57:09]  mm exchange .INFO: Home page request [] []
[2019-01-14 12:36:33]  mm exchange .INFO: Home page request [] []
[2019-01-14 12:37:57]  mm exchange .INFO: API Home url request [] []
[2019-01-14 12:38:13]  mm exchange .INFO: CB Exchange Request [] []
[2019-01-14 12:38:34]  mm exchange .INFO: KBZ Exchange Request [] []
[2019-01-14 12:38:55]  mm exchange .INFO: KBZ Exchange Request [] []
[2019-01-14 12:39:05]  mm exchange .INFO: CB Exchange Request [] []
[2019-01-14 12:44:14]  mm exchange .INFO: CB Exchange Request [] []
[2019-01-14 13:26:47]  mm exchange .INFO: API Home url request [] []
[2019-01-14 13:27:02]  mm exchange .INFO: KBZ Exchange Request [] []
[2019-01-14 13:27:08]  mm exchange .INFO: Home page request [] []
[2019-01-14 13:27:29]  mm exchange .INFO: Home page request [] []
