[2018-09-17 01:41:36]  mm exchange .INFO: Home page request [] []
[2018-09-17 02:52:54]  mm exchange .INFO: Home page request [] []
[2018-09-17 02:53:15]  mm exchange .INFO: API Home url request [] []
[2018-09-17 02:53:20]  mm exchange .INFO: KBZ Exchange Request [] []
[2018-09-17 02:53:39]  mm exchange .INFO: KBZ Exchange Request [] []
[2018-09-17 03:49:07]  mm exchange .INFO: API Home url request [] []
[2018-09-17 04:45:56]  mm exchange .INFO: Home page request [] []
[2018-09-17 05:16:48]  mm exchange .INFO: MOB Exchange Request [] []
[2018-09-17 05:30:21]  mm exchange .INFO: Home page request [] []
[2018-09-17 05:31:22]  mm exchange .INFO: AYa Exchange Request [] []
[2018-09-17 05:31:42]  mm exchange .INFO: API Home url request [] []
[2018-09-17 05:32:35]  mm exchange .INFO: KBZ Exchange Request [] []
[2018-09-17 05:36:42]  mm exchange .INFO: AGD Exchange Request [] []
[2018-09-17 06:26:11]  mm exchange .INFO: Home page request [] []
[2018-09-17 06:26:53]  mm exchange .INFO: Home page request [] []
[2018-09-17 07:04:44]  mm exchange .INFO: Home page request [] []
[2018-09-17 07:05:00]  mm exchange .INFO: API Home url request [] []
[2018-09-17 07:08:06]  mm exchange .INFO: Home page request [] []
[2018-09-17 07:20:44]  mm exchange .INFO: KBZ Exchange Request [] []
[2018-09-17 07:38:00]  mm exchange .INFO: MOB Exchange Request [] []
[2018-09-17 07:38:08]  mm exchange .INFO: API Home url request [] []
[2018-09-17 07:38:18]  mm exchange .INFO: Home page request [] []
[2018-09-17 07:38:42]  mm exchange .INFO: API Home url request [] []
[2018-09-17 07:43:22]  mm exchange .INFO: KBZ Exchange Request [] []
[2018-09-17 07:43:33]  mm exchange .INFO: AYa Exchange Request [] []
[2018-09-17 07:44:59]  mm exchange .INFO: MOB Exchange Request [] []
[2018-09-17 09:49:00]  mm exchange .INFO: KBZ Exchange Request [] []
[2018-09-17 09:49:35]  mm exchange .INFO: KBZ Exchange Request [] []
[2018-09-17 09:50:45]  mm exchange .INFO: MOB Exchange Request [] []
[2018-09-17 09:51:05]  mm exchange .INFO: AYa Exchange Request [] []
[2018-09-17 09:51:34]  mm exchange .INFO: AGD Exchange Request [] []
[2018-09-17 09:52:59]  mm exchange .INFO: API Home url request [] []
[2018-09-17 09:53:14]  mm exchange .INFO: KBZ Exchange Request [] []
[2018-09-17 09:53:40]  mm exchange .INFO: CB Exchange Request [] []
[2018-09-17 09:53:52]  mm exchange .INFO: Home page request [] []
[2018-09-17 09:54:06]  mm exchange .INFO: CB Exchange Request [] []
[2018-09-17 09:55:27]  mm exchange .INFO: CB Exchange Request [] []
[2018-09-17 10:08:08]  mm exchange .INFO: CB Exchange Request [] []
[2018-09-17 14:01:35]  mm exchange .INFO: MOB Exchange Request [] []
[2018-09-17 14:37:45]  mm exchange .INFO: Home page request [] []
[2018-09-17 14:38:13]  mm exchange .INFO: Home page request [] []
[2018-09-17 14:38:18]  mm exchange .INFO: Home page request [] []
[2018-09-17 14:39:06]  mm exchange .INFO: API Home url request [] []
[2018-09-17 15:26:11]  mm exchange .INFO: API Home url request [] []
[2018-09-17 17:34:51]  mm exchange .INFO: Home page request [] []
[2018-09-17 23:11:42]  mm exchange .INFO: API Home url request [] []
[2018-09-17 23:11:52]  mm exchange .INFO: Home page request [] []
[2018-09-17 23:12:12]  mm exchange .INFO: Home page request [] []
[2018-09-17 23:12:15]  mm exchange .INFO: Home page request [] []
[2018-09-17 23:12:17]  mm exchange .INFO: Home page request [] []
