[2019-01-24 03:01:15]  mm exchange .INFO: Home page request [] []
[2019-01-24 03:01:46]  mm exchange .INFO: API Home url request [] []
[2019-01-24 03:01:57]  mm exchange .INFO: UAB Exchange Request [] []
[2019-01-24 03:42:55]  mm exchange .INFO: KBZ Exchange Request [] []
[2019-01-24 03:43:03]  mm exchange .INFO: AYa Exchange Request [] []
[2019-01-24 03:43:18]  mm exchange .INFO: AGD Exchange Request [] []
[2019-01-24 03:43:33]  mm exchange .INFO: CB Exchange Request [] []
[2019-01-24 03:43:41]  mm exchange .INFO: UAB Exchange Request [] []
[2019-01-24 03:44:11]  mm exchange .INFO: MOB Exchange Request [] []
[2019-01-24 05:04:16]  mm exchange .INFO: KBZ Exchange Request [] []
[2019-01-24 05:05:08]  mm exchange .INFO: AYa Exchange Request [] []
[2019-01-24 05:05:17]  mm exchange .INFO: AGD Exchange Request [] []
[2019-01-24 05:05:22]  mm exchange .INFO: CB Exchange Request [] []
[2019-01-24 05:05:27]  mm exchange .INFO: UAB Exchange Request [] []
[2019-01-24 05:05:32]  mm exchange .INFO: MOB Exchange Request [] []
[2019-01-24 08:14:41]  mm exchange .INFO: Home page request [] []
[2019-01-24 08:14:59]  mm exchange .INFO: Home page request [] []
[2019-01-24 08:15:14]  mm exchange .INFO: API Home url request [] []
[2019-01-24 08:15:27]  mm exchange .INFO: UAB Exchange Request [] []
[2019-01-24 08:15:42]  mm exchange .INFO: AGD Exchange Request [] []
[2019-01-24 13:53:07]  mm exchange .INFO: API Home url request [] []
[2019-01-24 13:53:30]  mm exchange .INFO: UAB Exchange Request [] []
[2019-01-24 13:53:44]  mm exchange .INFO: API Home url request [] []
[2019-01-24 18:26:12]  mm exchange .INFO: Home page request [] []
