[2019-02-02 03:46:30]  mm exchange .INFO: Home page request [] []
[2019-02-02 03:46:50]  mm exchange .INFO: API Home url request [] []
[2019-02-02 03:47:23]  mm exchange .INFO: API Home url request [] []
[2019-02-02 03:47:34]  mm exchange .INFO: Home page request [] []
[2019-02-02 07:08:07]  mm exchange .INFO: KBZ Exchange Request [] []
[2019-02-02 07:08:13]  mm exchange .INFO: AYa Exchange Request [] []
[2019-02-02 07:08:17]  mm exchange .INFO: AGD Exchange Request [] []
[2019-02-02 07:08:22]  mm exchange .INFO: CB Exchange Request [] []
[2019-02-02 07:08:26]  mm exchange .INFO: UAB Exchange Request [] []
[2019-02-02 07:08:31]  mm exchange .INFO: MOB Exchange Request [] []
[2019-02-02 10:45:47]  mm exchange .INFO: Home page request [] []
[2019-02-02 10:46:19]  mm exchange .INFO: API Home url request [] []
[2019-02-02 10:46:20]  mm exchange .INFO: API Home url request [] []
[2019-02-02 10:46:21]  mm exchange .INFO: Home page request [] []
[2019-02-02 10:46:23]  mm exchange .INFO: Home page request [] []
[2019-02-02 10:46:45]  mm exchange .INFO: KBZ Exchange Request [] []
[2019-02-02 10:48:23]  mm exchange .INFO: API Home url request [] []
[2019-02-02 10:48:43]  mm exchange .INFO: AYa Exchange Request [] []
[2019-02-02 11:39:29]  mm exchange .INFO: Home page request [] []
[2019-02-02 11:40:51]  mm exchange .INFO: Home page request [] []
[2019-02-02 11:41:20]  mm exchange .INFO: API Home url request [] []
[2019-02-02 11:41:27]  mm exchange .INFO: UAB Exchange Request [] []
