[2018-09-26 03:26:36]  mm exchange .INFO: CB Exchange Request [] []
[2018-09-26 03:26:44]  mm exchange .INFO: API Home url request [] []
[2018-09-26 03:53:36]  mm exchange .INFO: KBZ Exchange Request [] []
[2018-09-26 03:54:27]  mm exchange .INFO: KBZ Exchange Request [] []
[2018-09-26 03:54:55]  mm exchange .INFO: KBZ Exchange Request [] []
[2018-09-26 03:55:09]  mm exchange .INFO: KBZ Exchange Request [] []
[2018-09-26 03:55:26]  mm exchange .INFO: KBZ Exchange Request [] []
[2018-09-26 03:55:54]  mm exchange .INFO: KBZ Exchange Request [] []
[2018-09-26 03:56:19]  mm exchange .INFO: KBZ Exchange Request [] []
[2018-09-26 03:56:48]  mm exchange .INFO: KBZ Exchange Request [] []
[2018-09-26 03:57:07]  mm exchange .INFO: KBZ Exchange Request [] []
[2018-09-26 03:58:28]  mm exchange .INFO: KBZ Exchange Request [] []
[2018-09-26 03:58:52]  mm exchange .INFO: KBZ Exchange Request [] []
[2018-09-26 04:01:48]  mm exchange .INFO: KBZ Exchange Request [] []
[2018-09-26 04:01:59]  mm exchange .INFO: KBZ Exchange Request [] []
[2018-09-26 04:04:42]  mm exchange .INFO: KBZ Exchange Request [] []
[2018-09-26 04:04:59]  mm exchange .INFO: KBZ Exchange Request [] []
[2018-09-26 04:07:11]  mm exchange .INFO: KBZ Exchange Request [] []
[2018-09-26 04:07:37]  mm exchange .INFO: KBZ Exchange Request [] []
[2018-09-26 04:07:46]  mm exchange .INFO: KBZ Exchange Request [] []
[2018-09-26 04:08:12]  mm exchange .INFO: KBZ Exchange Request [] []
[2018-09-26 04:08:33]  mm exchange .INFO: KBZ Exchange Request [] []
[2018-09-26 04:14:08]  mm exchange .INFO: KBZ Exchange Request [] []
[2018-09-26 04:14:21]  mm exchange .INFO: KBZ Exchange Request [] []
[2018-09-26 04:15:17]  mm exchange .INFO: KBZ Exchange Request [] []
[2018-09-26 04:15:37]  mm exchange .INFO: KBZ Exchange Request [] []
[2018-09-26 04:15:51]  mm exchange .INFO: KBZ Exchange Request [] []
[2018-09-26 04:16:09]  mm exchange .INFO: KBZ Exchange Request [] []
[2018-09-26 04:18:58]  mm exchange .INFO: KBZ Exchange Request [] []
[2018-09-26 04:19:46]  mm exchange .INFO: KBZ Exchange Request [] []
[2018-09-26 04:22:11]  mm exchange .INFO: KBZ Exchange Request [] []
[2018-09-26 04:22:26]  mm exchange .INFO: KBZ Exchange Request [] []
[2018-09-26 04:22:53]  mm exchange .INFO: KBZ Exchange Request [] []
[2018-09-26 04:23:06]  mm exchange .INFO: KBZ Exchange Request [] []
[2018-09-26 04:23:49]  mm exchange .INFO: KBZ Exchange Request [] []
[2018-09-26 04:24:23]  mm exchange .INFO: KBZ Exchange Request [] []
[2018-09-26 04:24:29]  mm exchange .INFO: KBZ Exchange Request [] []
[2018-09-26 04:24:39]  mm exchange .INFO: KBZ Exchange Request [] []
[2018-09-26 04:24:48]  mm exchange .INFO: KBZ Exchange Request [] []
[2018-09-26 04:30:44]  mm exchange .ERROR: Unknow url /mmexchange/api/v1/kbz_banks {"Request application ":"GuzzleHttp/6.3.3 curl/7.58.0 PHP/7.2.10-0ubuntu0.18.04.1","Request client ip ":null,"Request client host ip ":"103.231.94.137"} []
[2018-09-26 04:32:20]  mm exchange .ERROR: Unknow url /mmexchange/api/v1/kbz_banks {"Request application ":"GuzzleHttp/6.3.3 curl/7.58.0 PHP/7.2.10-0ubuntu0.18.04.1","Request client ip ":null,"Request client host ip ":"103.231.94.137"} []
[2018-09-26 04:32:41]  mm exchange .INFO: KBZ Exchange Request [] []
[2018-09-26 04:33:07]  mm exchange .ERROR: Unknow url /mmexchange/api/v2/kbz_bank {"Request application ":"GuzzleHttp/6.3.3 curl/7.58.0 PHP/7.2.10-0ubuntu0.18.04.1","Request client ip ":null,"Request client host ip ":"103.231.94.137"} []
[2018-09-26 04:36:26]  mm exchange .ERROR: Unknow url /mmexchange/api/v2/kbz_bank {"Request application ":"GuzzleHttp/6.3.3 curl/7.58.0 PHP/7.2.10-0ubuntu0.18.04.1","Request client ip ":null,"Request client host ip ":"103.231.94.137"} []
[2018-09-26 04:36:39]  mm exchange .INFO: KBZ Exchange Request [] []
[2018-09-26 04:47:52]  mm exchange .INFO: KBZ Exchange Request [] []
[2018-09-26 04:52:17]  mm exchange .INFO: Home page request [] []
[2018-09-26 04:53:21]  mm exchange .INFO: API Home url request [] []
[2018-09-26 04:53:39]  mm exchange .INFO: KBZ Exchange Request [] []
[2018-09-26 04:53:46]  mm exchange .INFO: API Home url request [] []
[2018-09-26 04:53:54]  mm exchange .INFO: API Home url request [] []
[2018-09-26 04:54:18]  mm exchange .INFO: AYa Exchange Request [] []
[2018-09-26 04:59:29]  mm exchange .INFO: Home page request [] []
[2018-09-26 05:08:34]  mm exchange .INFO: KBZ Exchange Request [] []
[2018-09-26 05:09:19]  mm exchange .INFO: KBZ Exchange Request [] []
[2018-09-26 05:13:22]  mm exchange .INFO: KBZ Exchange Request [] []
[2018-09-26 05:14:30]  mm exchange .INFO: KBZ Exchange Request [] []
[2018-09-26 05:14:37]  mm exchange .INFO: KBZ Exchange Request [] []
[2018-09-26 05:15:14]  mm exchange .ERROR: Unknow url /mmexchange/api/v2/kbz_bank {"Request application ":"GuzzleHttp/6.3.3 curl/7.58.0 PHP/7.2.10-0ubuntu0.18.04.1","Request client ip ":null,"Request client host ip ":"103.231.94.137"} []
[2018-09-26 05:16:14]  mm exchange .ERROR: Unknow url /mmexchange/api/v2/kbz_bank {"Request application ":"GuzzleHttp/6.3.3 curl/7.58.0 PHP/7.2.10-0ubuntu0.18.04.1","Request client ip ":null,"Request client host ip ":"103.231.94.137"} []
[2018-09-26 05:17:26]  mm exchange .ERROR: Unknow url /mmexchange/api/v2/kbz_bank {"Request application ":"GuzzleHttp/6.3.3 curl/7.58.0 PHP/7.2.10-0ubuntu0.18.04.1","Request client ip ":null,"Request client host ip ":"103.231.94.137"} []
[2018-09-26 05:23:52]  mm exchange .ERROR: Unknow url /mmexchange/resources/js/popper.min.js.map {"Request application ":"Mozilla/5.0 (Windows NT 10.0; Win64; x64) AppleWebKit/537.36 (KHTML, like Gecko) Chrome/69.0.3497.100 Safari/537.36","Request client ip ":"192.168.0.121","Request client host ip ":"103.197.196.67"} []
[2018-09-26 05:23:55]  mm exchange .ERROR: Unknow url /mmexchange/resources/css/bootstrap.min.css.map {"Request application ":"Mozilla/5.0 (Windows NT 10.0; Win64; x64) AppleWebKit/537.36 (KHTML, like Gecko) Chrome/69.0.3497.100 Safari/537.36","Request client ip ":"192.168.0.121","Request client host ip ":"103.197.196.67"} []
[2018-09-26 05:29:30]  mm exchange .INFO: KBZ Exchange Request [] []
[2018-09-26 05:30:01]  mm exchange .INFO: KBZ Exchange Request [] []
[2018-09-26 05:46:23]  mm exchange .INFO: AYa Exchange Request [] []
[2018-09-26 07:06:23]  mm exchange .ERROR: Unknow url /mmexchange/api/v1/aya-bank_bank {"Request application ":"GuzzleHttp/6.3.3 curl/7.58.0 PHP/7.2.10-0ubuntu0.18.04.1","Request client ip ":null,"Request client host ip ":"103.231.94.137"} []
[2018-09-26 07:07:01]  mm exchange .ERROR: Unknow url /mmexchange/api/v1/aya-bank_bank {"Request application ":"GuzzleHttp/6.3.3 curl/7.58.0 PHP/7.2.10-0ubuntu0.18.04.1","Request client ip ":null,"Request client host ip ":"103.231.94.137"} []
[2018-09-26 07:11:01]  mm exchange .INFO: AYa Exchange Request [] []
[2018-09-26 07:11:22]  mm exchange .INFO: AYa Exchange Request [] []
[2018-09-26 07:19:21]  mm exchange .INFO: Home page request [] []
[2018-09-26 07:19:37]  mm exchange .INFO: API Home url request [] []
[2018-09-26 07:22:33]  mm exchange .INFO: KBZ Exchange Request [] []
[2018-09-26 07:22:52]  mm exchange .INFO: KBZ Exchange Request [] []
[2018-09-26 07:23:08]  mm exchange .INFO: AYa Exchange Request [] []
[2018-09-26 07:23:18]  mm exchange .INFO: AYa Exchange Request [] []
[2018-09-26 07:24:06]  mm exchange .INFO: AYa Exchange Request [] []
[2018-09-26 07:26:45]  mm exchange .INFO: AYa Exchange Request [] []
[2018-09-26 07:27:20]  mm exchange .INFO: AYa Exchange Request [] []
[2018-09-26 07:57:19]  mm exchange .INFO: KBZ Exchange Request [] []
[2018-09-26 07:57:51]  mm exchange .INFO: KBZ Exchange Request [] []
[2018-09-26 07:59:15]  mm exchange .INFO: AYa Exchange Request [] []
[2018-09-26 08:04:34]  mm exchange .ERROR: Unknow url /mmexchange/api/v11/aya_bank {"Request application ":"GuzzleHttp/6.3.3 curl/7.58.0 PHP/7.2.10-0ubuntu0.18.04.1","Request client ip ":null,"Request client host ip ":"103.231.94.137"} []
[2018-09-26 08:07:58]  mm exchange .INFO: Home page request [] []
[2018-09-26 08:09:01]  mm exchange .INFO: Home page request [] []
[2018-09-26 08:09:15]  mm exchange .INFO: AGD Exchange Request [] []
[2018-09-26 08:16:53]  mm exchange .INFO: KBZ Exchange Request [] []
[2018-09-26 08:17:41]  mm exchange .INFO: KBZ Exchange Request [] []
[2018-09-26 08:21:40]  mm exchange .INFO: AYa Exchange Request [] []
[2018-09-26 08:22:11]  mm exchange .INFO: AYa Exchange Request [] []
[2018-09-26 08:29:40]  mm exchange .INFO: AYa Exchange Request [] []
[2018-09-26 08:45:01]  mm exchange .INFO: AYa Exchange Request [] []
[2018-09-26 08:46:41]  mm exchange .INFO: AYa Exchange Request [] []
[2018-09-26 08:47:04]  mm exchange .INFO: AYa Exchange Request [] []
[2018-09-26 08:47:11]  mm exchange .INFO: KBZ Exchange Request [] []
[2018-09-26 08:48:44]  mm exchange .INFO: AYa Exchange Request [] []
[2018-09-26 08:50:23]  mm exchange .INFO: AYa Exchange Request [] []
[2018-09-26 09:04:00]  mm exchange .ERROR: Unknow url /mmexchange/api/v11/kbz_bank {"Request application ":"GuzzleHttp/6.3.3 curl/7.58.0 PHP/7.2.10-0ubuntu0.18.04.1","Request client ip ":null,"Request client host ip ":"103.231.94.137"} []
[2018-09-26 09:04:29]  mm exchange .INFO: KBZ Exchange Request [] []
[2018-09-26 09:05:01]  mm exchange .INFO: KBZ Exchange Request [] []
[2018-09-26 09:06:53]  mm exchange .INFO: KBZ Exchange Request [] []
[2018-09-26 09:18:51]  mm exchange .INFO: KBZ Exchange Request [] []
[2018-09-26 09:19:20]  mm exchange .INFO: KBZ Exchange Request [] []
[2018-09-26 09:23:33]  mm exchange .INFO: KBZ Exchange Request [] []
[2018-09-26 09:26:54]  mm exchange .INFO: KBZ Exchange Request [] []
[2018-09-26 09:28:08]  mm exchange .INFO: AYa Exchange Request [] []
[2018-09-26 09:29:03]  mm exchange .INFO: AYa Exchange Request [] []
[2018-09-26 10:00:51]  mm exchange .INFO: KBZ Exchange Request [] []
[2018-09-26 10:01:34]  mm exchange .INFO: KBZ Exchange Request [] []
[2018-09-26 10:06:42]  mm exchange .INFO: KBZ Exchange Request [] []
[2018-09-26 10:07:46]  mm exchange .INFO: KBZ Exchange Request [] []
[2018-09-26 10:15:07]  mm exchange .INFO: KBZ Exchange Request [] []
[2018-09-26 10:19:34]  mm exchange .INFO: KBZ Exchange Request [] []
[2018-09-26 10:20:02]  mm exchange .INFO: KBZ Exchange Request [] []
[2018-09-26 10:22:44]  mm exchange .INFO: KBZ Exchange Request [] []
[2018-09-26 10:23:47]  mm exchange .INFO: KBZ Exchange Request [] []
[2018-09-26 10:26:11]  mm exchange .INFO: KBZ Exchange Request [] []
[2018-09-26 10:26:57]  mm exchange .INFO: KBZ Exchange Request [] []
[2018-09-26 10:27:10]  mm exchange .INFO: KBZ Exchange Request [] []
[2018-09-26 10:27:41]  mm exchange .INFO: KBZ Exchange Request [] []
[2018-09-26 10:28:00]  mm exchange .INFO: Home page request [] []
[2018-09-26 10:28:46]  mm exchange .INFO: KBZ Exchange Request [] []
[2018-09-26 10:29:03]  mm exchange .INFO: KBZ Exchange Request [] []
[2018-09-26 10:33:15]  mm exchange .INFO: KBZ Exchange Request [] []
[2018-09-26 10:33:35]  mm exchange .INFO: KBZ Exchange Request [] []
[2018-09-26 10:35:43]  mm exchange .INFO: KBZ Exchange Request [] []
[2018-09-26 10:37:06]  mm exchange .INFO: KBZ Exchange Request [] []
[2018-09-26 10:40:05]  mm exchange .INFO: KBZ Exchange Request [] []
[2018-09-26 10:43:18]  mm exchange .INFO: KBZ Exchange Request [] []
[2018-09-26 10:45:45]  mm exchange .INFO: KBZ Exchange Request [] []
[2018-09-26 10:45:59]  mm exchange .INFO: KBZ Exchange Request [] []
[2018-09-26 10:47:09]  mm exchange .INFO: KBZ Exchange Request [] []
[2018-09-26 10:47:57]  mm exchange .INFO: KBZ Exchange Request [] []
[2018-09-26 10:48:05]  mm exchange .INFO: KBZ Exchange Request [] []
[2018-09-26 10:54:53]  mm exchange .INFO: KBZ Exchange Request [] []
[2018-09-26 10:55:40]  mm exchange .INFO: KBZ Exchange Request [] []
[2018-09-26 10:57:26]  mm exchange .INFO: KBZ Exchange Request [] []
[2018-09-26 10:57:37]  mm exchange .INFO: KBZ Exchange Request [] []
[2018-09-26 10:58:02]  mm exchange .INFO: AYa Exchange Request [] []
[2018-09-26 10:59:30]  mm exchange .INFO: AYa Exchange Request [] []
[2018-09-26 11:00:42]  mm exchange .INFO: AYa Exchange Request [] []
[2018-09-26 11:01:32]  mm exchange .INFO: AYa Exchange Request [] []
[2018-09-26 13:40:48]  mm exchange .INFO: KBZ Exchange Request [] []
[2018-09-26 13:42:05]  mm exchange .INFO: KBZ Exchange Request [] []
[2018-09-26 13:43:31]  mm exchange .INFO: KBZ Exchange Request [] []
[2018-09-26 13:44:19]  mm exchange .INFO: KBZ Exchange Request [] []
[2018-09-26 13:48:50]  mm exchange .INFO: KBZ Exchange Request [] []
[2018-09-26 13:49:02]  mm exchange .INFO: KBZ Exchange Request [] []
[2018-09-26 13:49:15]  mm exchange .INFO: KBZ Exchange Request [] []
[2018-09-26 13:49:40]  mm exchange .INFO: KBZ Exchange Request [] []
[2018-09-26 13:50:00]  mm exchange .INFO: KBZ Exchange Request [] []
[2018-09-26 13:50:19]  mm exchange .INFO: KBZ Exchange Request [] []
[2018-09-26 13:50:29]  mm exchange .INFO: KBZ Exchange Request [] []
[2018-09-26 13:52:00]  mm exchange .INFO: KBZ Exchange Request [] []
[2018-09-26 13:52:15]  mm exchange .INFO: KBZ Exchange Request [] []
[2018-09-26 13:52:49]  mm exchange .INFO: KBZ Exchange Request [] []
[2018-09-26 13:53:29]  mm exchange .INFO: KBZ Exchange Request [] []
[2018-09-26 13:54:25]  mm exchange .INFO: KBZ Exchange Request [] []
[2018-09-26 13:54:33]  mm exchange .INFO: KBZ Exchange Request [] []
[2018-09-26 13:56:59]  mm exchange .INFO: KBZ Exchange Request [] []
[2018-09-26 13:57:27]  mm exchange .INFO: KBZ Exchange Request [] []
[2018-09-26 14:00:33]  mm exchange .INFO: KBZ Exchange Request [] []
[2018-09-26 14:02:27]  mm exchange .INFO: KBZ Exchange Request [] []
[2018-09-26 14:02:56]  mm exchange .INFO: KBZ Exchange Request [] []
[2018-09-26 14:05:07]  mm exchange .INFO: KBZ Exchange Request [] []
[2018-09-26 14:18:36]  mm exchange .INFO: KBZ Exchange Request [] []
[2018-09-26 14:22:02]  mm exchange .INFO: KBZ Exchange Request [] []
[2018-09-26 14:23:38]  mm exchange .INFO: KBZ Exchange Request [] []
[2018-09-26 14:25:00]  mm exchange .INFO: KBZ Exchange Request [] []
[2018-09-26 14:25:18]  mm exchange .INFO: KBZ Exchange Request [] []
[2018-09-26 14:25:28]  mm exchange .INFO: KBZ Exchange Request [] []
[2018-09-26 14:27:06]  mm exchange .INFO: KBZ Exchange Request [] []
[2018-09-26 14:29:09]  mm exchange .INFO: KBZ Exchange Request [] []
[2018-09-26 14:30:07]  mm exchange .INFO: KBZ Exchange Request [] []
[2018-09-26 14:31:34]  mm exchange .INFO: KBZ Exchange Request [] []
[2018-09-26 14:32:44]  mm exchange .INFO: KBZ Exchange Request [] []
[2018-09-26 14:42:36]  mm exchange .INFO: KBZ Exchange Request [] []
[2018-09-26 14:42:59]  mm exchange .INFO: KBZ Exchange Request [] []
[2018-09-26 14:47:09]  mm exchange .INFO: KBZ Exchange Request [] []
[2018-09-26 14:49:15]  mm exchange .INFO: AYa Exchange Request [] []
[2018-09-26 14:49:30]  mm exchange .INFO: AYa Exchange Request [] []
[2018-09-26 14:54:44]  mm exchange .INFO: CB Exchange Request [] []
[2018-09-26 14:54:47]  mm exchange .INFO: CB Exchange Request [] []
[2018-09-26 14:55:51]  mm exchange .INFO: CB Exchange Request [] []
[2018-09-26 14:56:03]  mm exchange .INFO: CB Exchange Request [] []
[2018-09-26 15:01:57]  mm exchange .INFO: KBZ Exchange Request [] []
[2018-09-26 15:02:45]  mm exchange .INFO: KBZ Exchange Request [] []
[2018-09-26 15:03:14]  mm exchange .INFO: AYa Exchange Request [] []
[2018-09-26 15:03:28]  mm exchange .INFO: CB Exchange Request [] []
[2018-09-26 15:03:45]  mm exchange .INFO: AGD Exchange Request [] []
[2018-09-26 15:03:59]  mm exchange .INFO: UAB Exchange Request [] []
[2018-09-26 15:04:17]  mm exchange .INFO: MOB Exchange Request [] []
[2018-09-26 15:10:14]  mm exchange .INFO: KBZ Exchange Request [] []
[2018-09-26 15:11:38]  mm exchange .INFO: KBZ Exchange Request [] []
[2018-09-26 15:20:32]  mm exchange .ERROR: Unknow url /mmexchange/api/v2/kbz_bank {"Request application ":"GuzzleHttp/6.3.3 curl/7.58.0 PHP/7.2.10-0ubuntu0.18.04.1","Request client ip ":null,"Request client host ip ":"116.206.137.180"} []
[2018-09-26 15:22:58]  mm exchange .INFO: Home page request [] []
[2018-09-26 15:23:03]  mm exchange .ERROR: Unknow url /mmexchange/api/v2/kbz_bank {"Request application ":"GuzzleHttp/6.3.3 curl/7.58.0 PHP/7.2.10-0ubuntu0.18.04.1","Request client ip ":null,"Request client host ip ":"116.206.137.180"} []
[2018-09-26 15:28:14]  mm exchange .ERROR: Unknow url /mmexchange/api/v2/kbz_bank {"Request application ":"GuzzleHttp/6.3.3 curl/7.58.0 PHP/7.2.10-0ubuntu0.18.04.1","Request client ip ":null,"Request client host ip ":"116.206.137.180"} []
[2018-09-26 15:28:57]  mm exchange .ERROR: Unknow url /mmexchange/api/v2/kbz_bank {"Request application ":"GuzzleHttp/6.3.3 curl/7.58.0 PHP/7.2.10-0ubuntu0.18.04.1","Request client ip ":null,"Request client host ip ":"116.206.137.180"} []
[2018-09-26 15:29:47]  mm exchange .ERROR: Unknow url /mmexchange/api/v2/kbz_bank {"Request application ":"GuzzleHttp/6.3.3 curl/7.58.0 PHP/7.2.10-0ubuntu0.18.04.1","Request client ip ":null,"Request client host ip ":"116.206.137.180"} []
[2018-09-26 17:11:02]  mm exchange .INFO: API Home url request [] []
[2018-09-26 17:11:21]  mm exchange .INFO: Home page request [] []
[2018-09-26 17:12:10]  mm exchange .INFO: Home page request [] []
[2018-09-26 17:12:11]  mm exchange .INFO: Home page request [] []
[2018-09-26 17:12:35]  mm exchange .INFO: Home page request [] []
