[2019-05-18 07:22:11]  mm exchange .INFO: Home page request [] []
[2019-05-18 07:22:24]  mm exchange .INFO: API Home url request [] []
[2019-05-18 07:22:31]  mm exchange .INFO: KBZ Exchange Request [] []
[2019-05-18 08:18:45]  mm exchange .INFO: KBZ Exchange Request [] []
[2019-05-18 16:33:42]  mm exchange .INFO: KBZ Exchange Request [] []
[2019-05-18 16:48:03]  mm exchange .INFO: API Home url request [] []
[2019-05-18 16:48:09]  mm exchange .INFO: KBZ Exchange Request [] []
[2019-05-18 17:54:45]  mm exchange .INFO: KBZ Exchange Request [] []
[2019-05-18 17:55:34]  mm exchange .INFO: KBZ Exchange Request [] []
[2019-05-18 17:59:47]  mm exchange .INFO: KBZ Exchange Request [] []
[2019-05-18 18:01:34]  mm exchange .INFO: KBZ Exchange Request [] []
[2019-05-18 18:01:58]  mm exchange .INFO: KBZ Exchange Request [] []
[2019-05-18 18:04:35]  mm exchange .INFO: KBZ Exchange Request [] []
[2019-05-18 18:18:26]  mm exchange .INFO: KBZ Exchange Request [] []
[2019-05-18 18:22:18]  mm exchange .INFO: KBZ Exchange Request [] []
[2019-05-18 18:31:20]  mm exchange .INFO: KBZ Exchange Request [] []
[2019-05-18 19:22:47]  mm exchange .INFO: KBZ Exchange Request [] []
[2019-05-18 19:23:34]  mm exchange .INFO: KBZ Exchange Request [] []
[2019-05-18 19:26:37]  mm exchange .INFO: AYa Exchange Request [] []
[2019-05-18 19:39:21]  mm exchange .INFO: KBZ Exchange Request [] []
[2019-05-18 19:48:28]  mm exchange .INFO: KBZ Exchange Request [] []
[2019-05-18 19:49:27]  mm exchange .INFO: KBZ Exchange Request [] []
[2019-05-18 19:52:58]  mm exchange .INFO: KBZ Exchange Request [] []
[2019-05-18 19:55:04]  mm exchange .INFO: KBZ Exchange Request [] []
[2019-05-18 19:57:17]  mm exchange .INFO: KBZ Exchange Request [] []
[2019-05-18 19:57:31]  mm exchange .INFO: KBZ Exchange Request [] []
[2019-05-18 20:10:50]  mm exchange .INFO: KBZ Exchange Request [] []
[2019-05-18 20:18:49]  mm exchange .INFO: KBZ Exchange Request [] []
[2019-05-18 20:19:04]  mm exchange .INFO: KBZ Exchange Request [] []
[2019-05-18 20:29:43]  mm exchange .INFO: KBZ Exchange Request [] []
[2019-05-18 20:31:04]  mm exchange .INFO: KBZ Exchange Request [] []
[2019-05-18 20:32:15]  mm exchange .INFO: KBZ Exchange Request [] []
[2019-05-18 20:52:03]  mm exchange .INFO: KBZ Exchange Request [] []
[2019-05-18 20:56:34]  mm exchange .INFO: KBZ Exchange Request [] []
[2019-05-18 20:57:37]  mm exchange .INFO: KBZ Exchange Request [] []
[2019-05-18 20:58:23]  mm exchange .INFO: KBZ Exchange Request [] []
[2019-05-18 20:58:38]  mm exchange .INFO: KBZ Exchange Request [] []
[2019-05-18 21:06:07]  mm exchange .INFO: KBZ Exchange Request [] []
[2019-05-18 21:06:19]  mm exchange .INFO: KBZ Exchange Request [] []
[2019-05-18 21:06:43]  mm exchange .INFO: KBZ Exchange Request [] []
[2019-05-18 21:08:14]  mm exchange .INFO: KBZ Exchange Request [] []
[2019-05-18 21:09:16]  mm exchange .INFO: KBZ Exchange Request [] []
[2019-05-18 21:12:45]  mm exchange .INFO: KBZ Exchange Request [] []
[2019-05-18 21:13:04]  mm exchange .INFO: KBZ Exchange Request [] []
[2019-05-18 21:15:27]  mm exchange .INFO: KBZ Exchange Request [] []
[2019-05-18 21:16:57]  mm exchange .INFO: KBZ Exchange Request [] []
[2019-05-18 21:18:18]  mm exchange .INFO: KBZ Exchange Request [] []
[2019-05-18 21:24:07]  mm exchange .INFO: KBZ Exchange Request [] []
[2019-05-18 21:25:37]  mm exchange .INFO: KBZ Exchange Request [] []
[2019-05-18 21:27:14]  mm exchange .INFO: KBZ Exchange Request [] []
[2019-05-18 21:27:28]  mm exchange .INFO: KBZ Exchange Request [] []
[2019-05-18 21:28:32]  mm exchange .INFO: KBZ Exchange Request [] []
[2019-05-18 21:48:12]  mm exchange .INFO: KBZ Exchange Request [] []
[2019-05-18 22:10:09]  mm exchange .INFO: KBZ Exchange Request [] []
[2019-05-18 22:14:23]  mm exchange .INFO: KBZ Exchange Request [] []
[2019-05-18 22:17:15]  mm exchange .INFO: KBZ Exchange Request [] []
[2019-05-18 22:17:36]  mm exchange .INFO: KBZ Exchange Request [] []
[2019-05-18 22:32:06]  mm exchange .INFO: KBZ Exchange Request [] []
[2019-05-18 22:37:26]  mm exchange .INFO: KBZ Exchange Request [] []
[2019-05-18 22:38:53]  mm exchange .INFO: AYa Exchange Request [] []
[2019-05-18 22:39:36]  mm exchange .INFO: KBZ Exchange Request [] []
[2019-05-18 22:42:20]  mm exchange .INFO: KBZ Exchange Request [] []
[2019-05-18 22:46:11]  mm exchange .INFO: CB Exchange Request [] []
[2019-05-18 23:03:37]  mm exchange .INFO: KBZ Exchange Request [] []
[2019-05-18 23:03:42]  mm exchange .INFO: KBZ Exchange Request [] []
[2019-05-18 23:03:46]  mm exchange .INFO: KBZ Exchange Request [] []
[2019-05-18 23:03:49]  mm exchange .INFO: KBZ Exchange Request [] []
[2019-05-18 23:12:14]  mm exchange .INFO: KBZ Exchange Request [] []
[2019-05-18 23:12:18]  mm exchange .INFO: KBZ Exchange Request [] []
[2019-05-18 23:13:13]  mm exchange .INFO: KBZ Exchange Request [] []
