[2019-01-31 02:27:12]  mm exchange .INFO: Home page request {"fbclid":"IwAR1bA5nGf0n04jATipgt5TtejgBvwDV8G7ichGOMmpACROcaEYwuuwqw6Y8"} []
[2019-01-31 03:33:58]  mm exchange .INFO: Home page request [] []
[2019-01-31 03:34:22]  mm exchange .INFO: Home page request [] []
[2019-01-31 04:15:13]  mm exchange .INFO: Home page request {"fbclid":"IwAR1VeTjEF74gDi3-PSfSScgYJ98aflM961zhkGSQDomJ8HincJJDJaTziok"} []
[2019-01-31 05:17:13]  mm exchange .INFO: KBZ Exchange Request [] []
[2019-01-31 08:54:22]  mm exchange .INFO: Home page request [] []
[2019-01-31 08:54:44]  mm exchange .INFO: API Home url request [] []
[2019-01-31 08:55:24]  mm exchange .INFO: API Home url request [] []
[2019-01-31 08:55:52]  mm exchange .INFO: AYa Exchange Request [] []
[2019-01-31 12:41:00]  mm exchange .INFO: KBZ Exchange Request [] []
[2019-01-31 12:43:25]  mm exchange .INFO: KBZ Exchange Request [] []
[2019-01-31 12:47:30]  mm exchange .INFO: KBZ Exchange Request [] []
[2019-01-31 12:48:42]  mm exchange .INFO: KBZ Exchange Request [] []
[2019-01-31 12:52:47]  mm exchange .INFO: KBZ Exchange Request [] []
[2019-01-31 12:59:01]  mm exchange .INFO: KBZ Exchange Request [] []
[2019-01-31 12:59:10]  mm exchange .INFO: KBZ Exchange Request [] []
[2019-01-31 12:59:22]  mm exchange .INFO: KBZ Exchange Request [] []
[2019-01-31 12:59:26]  mm exchange .INFO: KBZ Exchange Request [] []
[2019-01-31 12:59:29]  mm exchange .INFO: KBZ Exchange Request [] []
[2019-01-31 13:03:17]  mm exchange .INFO: KBZ Exchange Request [] []
[2019-01-31 13:05:16]  mm exchange .INFO: KBZ Exchange Request [] []
[2019-01-31 13:08:22]  mm exchange .INFO: KBZ Exchange Request [] []
[2019-01-31 13:09:06]  mm exchange .INFO: KBZ Exchange Request [] []
[2019-01-31 13:10:11]  mm exchange .INFO: KBZ Exchange Request [] []
[2019-01-31 13:12:19]  mm exchange .INFO: KBZ Exchange Request [] []
[2019-01-31 13:14:59]  mm exchange .INFO: KBZ Exchange Request [] []
[2019-01-31 13:15:42]  mm exchange .INFO: KBZ Exchange Request [] []
[2019-01-31 13:15:49]  mm exchange .INFO: KBZ Exchange Request [] []
[2019-01-31 13:15:57]  mm exchange .INFO: KBZ Exchange Request [] []
[2019-01-31 13:35:36]  mm exchange .INFO: KBZ Exchange Request [] []
[2019-01-31 13:36:52]  mm exchange .INFO: KBZ Exchange Request [] []
[2019-01-31 13:38:10]  mm exchange .INFO: KBZ Exchange Request [] []
[2019-01-31 13:50:01]  mm exchange .INFO: API Home url request [] []
