[2018-10-05 04:21:28]  mm exchange .INFO: KBZ Exchange Request [] []
[2018-10-05 04:21:38]  mm exchange .INFO: AYa Exchange Request [] []
[2018-10-05 04:21:44]  mm exchange .INFO: CB Exchange Request [] []
[2018-10-05 04:21:58]  mm exchange .INFO: AGD Exchange Request [] []
[2018-10-05 04:22:03]  mm exchange .INFO: CB Exchange Request [] []
[2018-10-05 04:22:09]  mm exchange .INFO: UAB Exchange Request [] []
[2018-10-05 04:22:14]  mm exchange .INFO: MOB Exchange Request [] []
[2018-10-05 05:18:22]  mm exchange .INFO: Home page request [] []
[2018-10-05 06:19:01]  mm exchange .INFO: KBZ Exchange Request [] []
[2018-10-05 06:19:33]  mm exchange .INFO: KBZ Exchange Request [] []
[2018-10-05 06:22:59]  mm exchange .INFO: KBZ Exchange Request [] []
[2018-10-05 06:23:33]  mm exchange .INFO: KBZ Exchange Request [] []
[2018-10-05 06:24:03]  mm exchange .INFO: KBZ Exchange Request [] []
[2018-10-05 06:24:28]  mm exchange .INFO: KBZ Exchange Request [] []
[2018-10-05 07:10:12]  mm exchange .INFO: Home page request [] []
[2018-10-05 07:46:32]  mm exchange .INFO: API Home url request [] []
[2018-10-05 07:47:01]  mm exchange .INFO: UAB Exchange Request [] []
[2018-10-05 12:38:29]  mm exchange .INFO: API Home url request [] []
[2018-10-05 12:38:47]  mm exchange .INFO: UAB Exchange Request [] []
[2018-10-05 15:09:15]  mm exchange .INFO: Home page request [] []
[2018-10-05 15:09:54]  mm exchange .INFO: Home page request [] []
