[2018-09-15 03:51:50]  mm exchange .INFO: API Home url request [] []
[2018-09-15 04:34:02]  mm exchange .INFO: Home page request [] []
[2018-09-15 04:34:16]  mm exchange .INFO: API Home url request [] []
[2018-09-15 04:34:23]  mm exchange .INFO: KBZ Exchange Request [] []
[2018-09-15 05:19:56]  mm exchange .INFO: MOB Exchange Request [] []
[2018-09-15 06:12:02]  mm exchange .INFO: Home page request [] []
[2018-09-15 07:23:49]  mm exchange .INFO: Home page request [] []
[2018-09-15 07:24:38]  mm exchange .INFO: Home page request [] []
[2018-09-15 07:53:27]  mm exchange .INFO: Home page request [] []
[2018-09-15 10:43:40]  mm exchange .INFO: API Home url request [] []
[2018-09-15 11:00:28]  mm exchange .INFO: API Home url request [] []
[2018-09-15 19:36:59]  mm exchange .INFO: API Home url request [] []
[2018-09-15 19:37:00]  mm exchange .INFO: API Home url request [] []
[2018-09-15 19:37:01]  mm exchange .INFO: Home page request [] []
[2018-09-15 19:37:06]  mm exchange .INFO: AYa Exchange Request [] []
[2018-09-15 19:37:12]  mm exchange .INFO: API Home url request [] []
[2018-09-15 19:37:21]  mm exchange .INFO: KBZ Exchange Request [] []
[2018-09-15 19:37:43]  mm exchange .INFO: AYa Exchange Request [] []
[2018-09-15 19:38:42]  mm exchange .INFO: UAB Exchange Request [] []
[2018-09-15 19:38:46]  mm exchange .INFO: UAB Exchange Request [] []
[2018-09-15 19:44:21]  mm exchange .INFO: API Home url request [] []
[2018-09-15 19:44:27]  mm exchange .INFO: API Home url request [] []
[2018-09-15 19:45:35]  mm exchange .INFO: Home page request [] []
[2018-09-15 19:45:58]  mm exchange .INFO: API Home url request [] []
