[2018-09-20 02:35:58]  mm exchange .INFO: API Home url request [] []
[2018-09-20 02:36:26]  mm exchange .INFO: KBZ Exchange Request [] []
[2018-09-20 04:52:19]  mm exchange .INFO: Home page request [] []
[2018-09-20 06:22:52]  mm exchange .INFO: Home page request [] []
[2018-09-20 06:23:48]  mm exchange .INFO: API Home url request [] []
[2018-09-20 07:02:42]  mm exchange .INFO: Home page request [] []
[2018-09-20 07:47:22]  mm exchange .INFO: API Home url request [] []
[2018-09-20 08:17:53]  mm exchange .ERROR: Unknow url /mmexchange/resources/css/bootstrap.min.css.map [] []
[2018-09-20 08:17:53]  mm exchange .ERROR: Unknow url /mmexchange/resources/js/popper.min.js.map [] []
[2018-09-20 08:18:10]  mm exchange .INFO: Home page request [] []
[2018-09-20 08:18:14]  mm exchange .ERROR: Unknow url /mmexchange/resources/js/popper.min.js.map [] []
[2018-09-20 08:18:14]  mm exchange .ERROR: Unknow url /mmexchange/resources/css/bootstrap.min.css.map [] []
[2018-09-20 08:31:58]  mm exchange .INFO: Home page request [] []
[2018-09-20 08:32:50]  mm exchange .INFO: MOB Exchange Request [] []
[2018-09-20 08:38:40]  mm exchange .INFO: KBZ Exchange Request [] []
[2018-09-20 08:39:07]  mm exchange .INFO: CB Exchange Request [] []
[2018-09-20 08:39:33]  mm exchange .INFO: UAB Exchange Request [] []
[2018-09-20 08:39:55]  mm exchange .INFO: AYa Exchange Request [] []
[2018-09-20 08:40:21]  mm exchange .INFO: AGD Exchange Request [] []
[2018-09-20 09:55:40]  mm exchange .INFO: KBZ Exchange Request [] []
[2018-09-20 09:56:02]  mm exchange .INFO: AYa Exchange Request [] []
[2018-09-20 09:56:24]  mm exchange .INFO: MOB Exchange Request [] []
[2018-09-20 09:56:44]  mm exchange .INFO: CB Exchange Request [] []
[2018-09-20 09:57:00]  mm exchange .INFO: UAB Exchange Request [] []
[2018-09-20 10:02:04]  mm exchange .INFO: CB Exchange Request [] []
[2018-09-20 13:22:58]  mm exchange .INFO: Home page request [] []
[2018-09-20 14:22:26]  mm exchange .INFO: Home page request [] []
[2018-09-20 14:22:58]  mm exchange .INFO: API Home url request [] []
[2018-09-20 17:42:25]  mm exchange .INFO: Home page request [] []
[2018-09-20 18:17:51]  mm exchange .INFO: Home page request [] []
[2018-09-20 18:18:23]  mm exchange .INFO: API Home url request [] []
[2018-09-20 18:18:33]  mm exchange .INFO: KBZ Exchange Request [] []
[2018-09-20 23:47:44]  mm exchange .INFO: Home page request [] []
