[2019-01-22 05:41:37]  mm exchange .INFO: Home page request [] []
[2019-01-22 07:29:24]  mm exchange .INFO: Home page request [] []
[2019-01-22 07:38:07]  mm exchange .INFO: Home page request [] []
[2019-01-22 07:38:57]  mm exchange .INFO: API Home url request [] []
[2019-01-22 07:39:06]  mm exchange .INFO: UAB Exchange Request [] []
[2019-01-22 07:55:57]  mm exchange .INFO: Home page request {"fbclid":"IwAR2KE9kS_GQ-0lKp50PYujlNE9c6UWD56DbtGeBvlCjAToRKdooLIUvO7eI"} []
[2019-01-22 07:55:59]  mm exchange .INFO: API Home url request {"fbclid":"IwAR0Z7Cp6-8kA9b5nnZ5ZzHVrkwcBQI-tnLSUEVpmoZJC7HUk7AJS4hoxWQs"} []
[2019-01-22 07:56:30]  mm exchange .INFO: API Home url request [] []
[2019-01-22 07:56:37]  mm exchange .INFO: CB Exchange Request [] []
[2019-01-22 08:14:00]  mm exchange .INFO: API Home url request [] []
[2019-01-22 08:15:07]  mm exchange .INFO: UAB Exchange Request [] []
[2019-01-22 08:15:21]  mm exchange .INFO: Home page request [] []
[2019-01-22 08:21:45]  mm exchange .INFO: Home page request {"fbclid":"IwAR18JFoxYv-AWQxWrWYcHwfScvKT02CnTsicOJJkX5LuwzilSY9VwR2bAvo"} []
[2019-01-22 08:33:00]  mm exchange .INFO: API Home url request [] []
[2019-01-22 10:29:11]  mm exchange .INFO: KBZ Exchange Request [] []
[2019-01-22 10:29:15]  mm exchange .INFO: AYa Exchange Request [] []
[2019-01-22 10:29:20]  mm exchange .INFO: AGD Exchange Request [] []
[2019-01-22 10:29:24]  mm exchange .INFO: CB Exchange Request [] []
[2019-01-22 10:29:28]  mm exchange .INFO: UAB Exchange Request [] []
[2019-01-22 10:29:32]  mm exchange .INFO: MOB Exchange Request [] []
[2019-01-22 11:42:47]  mm exchange .INFO: Home page request [] []
[2019-01-22 11:43:14]  mm exchange .INFO: Home page request [] []
[2019-01-22 19:00:25]  mm exchange .INFO: Home page request {"fbclid":"IwAR1NiZ74s0fyyLN7sfxZqIRxdMpqH7KvzTiZxra0bWO996OGm-g1xEp8ljA"} []
