[2018-10-17 02:35:37]  mm exchange .INFO: Home page request [] []
[2018-10-17 02:37:40]  mm exchange .INFO: Home page request [] []
[2018-10-17 03:15:44]  mm exchange .INFO: KBZ Exchange Request [] []
[2018-10-17 03:15:49]  mm exchange .INFO: AYa Exchange Request [] []
[2018-10-17 03:15:54]  mm exchange .INFO: AGD Exchange Request [] []
[2018-10-17 03:15:58]  mm exchange .INFO: CB Exchange Request [] []
[2018-10-17 03:16:02]  mm exchange .INFO: UAB Exchange Request [] []
[2018-10-17 03:16:06]  mm exchange .INFO: MOB Exchange Request [] []
[2018-10-17 04:16:31]  mm exchange .INFO: KBZ Exchange Request [] []
[2018-10-17 04:16:36]  mm exchange .INFO: AYa Exchange Request [] []
[2018-10-17 04:16:41]  mm exchange .INFO: AGD Exchange Request [] []
[2018-10-17 04:16:46]  mm exchange .INFO: CB Exchange Request [] []
[2018-10-17 04:16:51]  mm exchange .INFO: UAB Exchange Request [] []
[2018-10-17 04:16:56]  mm exchange .INFO: MOB Exchange Request [] []
[2018-10-17 06:52:20]  mm exchange .INFO: Home page request [] []
[2018-10-17 07:02:34]  mm exchange .INFO: KBZ Exchange Request [] []
[2018-10-17 07:02:41]  mm exchange .INFO: AYa Exchange Request [] []
[2018-10-17 07:02:47]  mm exchange .INFO: AGD Exchange Request [] []
[2018-10-17 07:02:51]  mm exchange .INFO: CB Exchange Request [] []
[2018-10-17 07:02:57]  mm exchange .INFO: UAB Exchange Request [] []
[2018-10-17 07:03:02]  mm exchange .INFO: MOB Exchange Request [] []
[2018-10-17 07:36:30]  mm exchange .INFO: Home page request [] []
[2018-10-17 09:03:01]  mm exchange .INFO: Home page request [] []
[2018-10-17 09:11:57]  mm exchange .INFO: KBZ Exchange Request [] []
[2018-10-17 09:13:47]  mm exchange .INFO: KBZ Exchange Request [] []
[2018-10-17 09:14:29]  mm exchange .INFO: KBZ Exchange Request [] []
[2018-10-17 09:15:02]  mm exchange .INFO: KBZ Exchange Request [] []
[2018-10-17 09:20:20]  mm exchange .INFO: KBZ Exchange Request [] []
[2018-10-17 09:28:48]  mm exchange .INFO: KBZ Exchange Request [] []
[2018-10-17 09:29:05]  mm exchange .INFO: KBZ Exchange Request [] []
[2018-10-17 09:44:57]  mm exchange .INFO: AYa Exchange Request [] []
[2018-10-17 09:46:52]  mm exchange .INFO: AYa Exchange Request [] []
[2018-10-17 09:47:56]  mm exchange .INFO: AYa Exchange Request [] []
[2018-10-17 09:50:31]  mm exchange .INFO: AYa Exchange Request [] []
[2018-10-17 09:55:58]  mm exchange .INFO: AYa Exchange Request [] []
[2018-10-17 09:56:27]  mm exchange .INFO: AYa Exchange Request [] []
[2018-10-17 09:59:04]  mm exchange .INFO: AYa Exchange Request [] []
[2018-10-17 10:00:29]  mm exchange .INFO: AYa Exchange Request [] []
[2018-10-17 10:00:52]  mm exchange .INFO: AYa Exchange Request [] []
[2018-10-17 10:01:37]  mm exchange .INFO: AYa Exchange Request [] []
[2018-10-17 10:02:14]  mm exchange .INFO: KBZ Exchange Request [] []
[2018-10-17 10:02:28]  mm exchange .INFO: AGD Exchange Request [] []
[2018-10-17 10:24:41]  mm exchange .INFO: AYa Exchange Request [] []
[2018-10-17 10:29:42]  mm exchange .INFO: Home page request [] []
[2018-10-17 15:22:16]  mm exchange .INFO: Home page request [] []
[2018-10-17 15:26:49]  mm exchange .INFO: Home page request [] []
