[2019-02-17 04:18:38]  mm exchange .INFO: KBZ Exchange Request [] []
[2019-02-17 04:18:47]  mm exchange .INFO: AYa Exchange Request [] []
[2019-02-17 04:18:57]  mm exchange .INFO: AGD Exchange Request [] []
[2019-02-17 04:19:39]  mm exchange .INFO: UAB Exchange Request [] []
[2019-02-17 04:28:33]  mm exchange .INFO: KBZ Exchange Request [] []
[2019-02-17 04:28:40]  mm exchange .INFO: AYa Exchange Request [] []
[2019-02-17 04:28:44]  mm exchange .INFO: AGD Exchange Request [] []
[2019-02-17 04:29:12]  mm exchange .INFO: KBZ Exchange Request [] []
[2019-02-17 04:29:39]  mm exchange .INFO: CB Exchange Request [] []
[2019-02-17 04:29:57]  mm exchange .INFO: AGD Exchange Request [] []
[2019-02-17 04:35:41]  mm exchange .INFO: KBZ Exchange Request [] []
[2019-02-17 04:35:51]  mm exchange .INFO: AYa Exchange Request [] []
[2019-02-17 04:37:57]  mm exchange .INFO: AYa Exchange Request [] []
[2019-02-17 04:39:00]  mm exchange .INFO: KBZ Exchange Request [] []
[2019-02-17 04:39:06]  mm exchange .INFO: CB Exchange Request [] []
[2019-02-17 04:39:16]  mm exchange .INFO: MOB Exchange Request [] []
[2019-02-17 04:39:27]  mm exchange .INFO: CB Exchange Request [] []
[2019-02-17 04:39:30]  mm exchange .INFO: AGD Exchange Request [] []
[2019-02-17 04:39:33]  mm exchange .INFO: UAB Exchange Request [] []
[2019-02-17 04:39:37]  mm exchange .INFO: AYa Exchange Request [] []
[2019-02-17 04:39:41]  mm exchange .INFO: MOB Exchange Request [] []
[2019-02-17 05:09:31]  mm exchange .INFO: KBZ Exchange Request [] []
[2019-02-17 05:09:34]  mm exchange .INFO: MOB Exchange Request [] []
[2019-02-17 05:09:48]  mm exchange .INFO: KBZ Exchange Request [] []
[2019-02-17 05:10:46]  mm exchange .INFO: MOB Exchange Request [] []
[2019-02-17 05:10:59]  mm exchange .INFO: AYa Exchange Request [] []
[2019-02-17 05:11:03]  mm exchange .INFO: MOB Exchange Request [] []
[2019-02-17 05:11:07]  mm exchange .INFO: AGD Exchange Request [] []
[2019-02-17 05:11:17]  mm exchange .INFO: KBZ Exchange Request [] []
[2019-02-17 06:26:46]  mm exchange .INFO: KBZ Exchange Request [] []
[2019-02-17 06:26:49]  mm exchange .INFO: CB Exchange Request [] []
[2019-02-17 06:27:00]  mm exchange .INFO: UAB Exchange Request [] []
[2019-02-17 07:07:00]  mm exchange .INFO: KBZ Exchange Request [] []
[2019-02-17 07:34:34]  mm exchange .INFO: KBZ Exchange Request [] []
[2019-02-17 07:34:39]  mm exchange .INFO: AYa Exchange Request [] []
[2019-02-17 07:34:56]  mm exchange .INFO: KBZ Exchange Request [] []
[2019-02-17 07:34:59]  mm exchange .INFO: CB Exchange Request [] []
[2019-02-17 07:45:10]  mm exchange .INFO: KBZ Exchange Request [] []
[2019-02-17 07:45:13]  mm exchange .INFO: KBZ Exchange Request [] []
[2019-02-17 07:45:17]  mm exchange .INFO: AYa Exchange Request [] []
[2019-02-17 07:45:21]  mm exchange .INFO: MOB Exchange Request [] []
[2019-02-17 09:00:22]  mm exchange .INFO: KBZ Exchange Request [] []
[2019-02-17 09:00:26]  mm exchange .INFO: CB Exchange Request [] []
[2019-02-17 09:00:52]  mm exchange .INFO: AGD Exchange Request [] []
[2019-02-17 09:01:00]  mm exchange .INFO: UAB Exchange Request [] []
[2019-02-17 09:01:15]  mm exchange .INFO: KBZ Exchange Request [] []
[2019-02-17 14:28:30]  mm exchange .INFO: KBZ Exchange Request [] []
[2019-02-17 14:28:37]  mm exchange .INFO: KBZ Exchange Request [] []
[2019-02-17 14:28:42]  mm exchange .INFO: AYa Exchange Request [] []
[2019-02-17 14:28:48]  mm exchange .INFO: CB Exchange Request [] []
[2019-02-17 14:28:53]  mm exchange .INFO: KBZ Exchange Request [] []
[2019-02-17 16:46:21]  mm exchange .INFO: KBZ Exchange Request [] []
[2019-02-17 16:46:25]  mm exchange .INFO: AYa Exchange Request [] []
