[2019-06-23 15:28:53]  mm exchange .INFO: API Home url request {"fbclid":"IwAR22F5UPOGTcDcBBxRj7YAdvf_66HgEenennX6Bl38uC9VG6z__U_g0DcSk"} []
[2019-06-23 15:28:57]  mm exchange .INFO: API Home url request [] []
[2019-06-23 15:29:03]  mm exchange .INFO: KBZ Exchange Request [] []
[2019-06-23 15:29:52]  mm exchange .INFO: KBZ Exchange Request [] []
[2019-06-23 15:30:02]  mm exchange .INFO: AYa Exchange Request [] []
[2019-06-23 15:30:12]  mm exchange .INFO: CB Exchange Request [] []
[2019-06-23 15:30:24]  mm exchange .INFO: MOB Exchange Request [] []
[2019-06-23 15:30:26]  mm exchange .INFO: MOB Exchange Request [] []
[2019-06-23 15:30:36]  mm exchange .INFO: AGD Exchange Request [] []
[2019-06-23 15:30:44]  mm exchange .INFO: UAB Exchange Request [] []
[2019-06-23 15:31:13]  mm exchange .INFO: API Home url request [] []
[2019-06-23 15:31:13]  mm exchange .INFO: API Home url request [] []
[2019-06-23 15:31:32]  mm exchange .INFO: API Home url request [] []
[2019-06-23 15:49:39]  mm exchange .INFO: AGD Exchange Request [] []
[2019-06-23 15:50:22]  mm exchange .INFO: KBZ Exchange Request [] []
[2019-06-23 17:02:10]  mm exchange .INFO: KBZ Exchange Request [] []
[2019-06-23 17:42:07]  mm exchange .ERROR: Unknow url /mmexchange/api/v1/aya {"Request application ":"Mozilla/5.0 (Macintosh; Intel Mac OS X 10_14_5) AppleWebKit/537.36 (KHTML, like Gecko) Chrome/74.0.3729.169 Safari/537.36","Request client ip ":null,"Request client host ip ":"103.197.198.48"} []
[2019-06-23 17:42:08]  mm exchange .ERROR: Unknow url /mmexchange/api/v1/resources/img/profile.jpg {"Request application ":"Mozilla/5.0 (Macintosh; Intel Mac OS X 10_14_5) AppleWebKit/537.36 (KHTML, like Gecko) Chrome/74.0.3729.169 Safari/537.36","Request client ip ":null,"Request client host ip ":"103.197.198.48"} []
[2019-06-23 17:42:13]  mm exchange .INFO: AYa Exchange Request [] []
[2019-06-23 17:45:55]  mm exchange .INFO: KBZ Exchange Request [] []
[2019-06-23 17:46:54]  mm exchange .INFO: KBZ Exchange Request [] []
[2019-06-23 17:47:03]  mm exchange .INFO: KBZ Exchange Request [] []
[2019-06-23 17:48:31]  mm exchange .INFO: KBZ Exchange Request [] []
[2019-06-23 17:49:02]  mm exchange .INFO: KBZ Exchange Request [] []
[2019-06-23 17:50:05]  mm exchange .INFO: KBZ Exchange Request [] []
[2019-06-23 17:51:00]  mm exchange .INFO: AYa Exchange Request [] []
[2019-06-23 17:51:32]  mm exchange .INFO: CB Exchange Request [] []
[2019-06-23 17:52:16]  mm exchange .INFO: MOB Exchange Request [] []
[2019-06-23 18:27:57]  mm exchange .INFO: MOB Exchange Request [] []
[2019-06-23 18:29:32]  mm exchange .INFO: MOB Exchange Request [] []
[2019-06-23 18:35:11]  mm exchange .INFO: MOB Exchange Request [] []
[2019-06-23 18:36:16]  mm exchange .INFO: MOB Exchange Request [] []
[2019-06-23 18:36:33]  mm exchange .INFO: AGD Exchange Request [] []
[2019-06-23 18:37:30]  mm exchange .INFO: UAB Exchange Request [] []
[2019-06-23 18:40:08]  mm exchange .INFO: AGD Exchange Request [] []
[2019-06-23 18:43:19]  mm exchange .INFO: KBZ Exchange Request [] []
[2019-06-23 18:43:25]  mm exchange .INFO: KBZ Exchange Request [] []
[2019-06-23 18:43:59]  mm exchange .INFO: AYa Exchange Request [] []
[2019-06-23 18:44:19]  mm exchange .INFO: API Home url request [] []
[2019-06-23 18:44:23]  mm exchange .INFO: AYa Exchange Request [] []
[2019-06-23 18:44:54]  mm exchange .INFO: CB Exchange Request [] []
[2019-06-23 18:45:17]  mm exchange .INFO: MOB Exchange Request [] []
[2019-06-23 18:46:01]  mm exchange .INFO: AGD Exchange Request [] []
[2019-06-23 18:46:17]  mm exchange .INFO: UAB Exchange Request [] []
[2019-06-23 18:47:56]  mm exchange .INFO: API Home url request [] []
[2019-06-23 18:48:03]  mm exchange .INFO: Home page request [] []
[2019-06-23 18:48:40]  mm exchange .ERROR: Unknow url /mmexchange/api/ {"Request application ":"Mozilla/5.0 (Macintosh; Intel Mac OS X 10_14_5) AppleWebKit/537.36 (KHTML, like Gecko) Chrome/74.0.3729.169 Safari/537.36","Request client ip ":"192.168.0.110","Request client host ip ":"103.197.197.44"} []
[2019-06-23 18:48:41]  mm exchange .ERROR: Unknow url /mmexchange/api/resources/img/profile.jpg {"Request application ":"Mozilla/5.0 (Macintosh; Intel Mac OS X 10_14_5) AppleWebKit/537.36 (KHTML, like Gecko) Chrome/74.0.3729.169 Safari/537.36","Request client ip ":"192.168.0.110","Request client host ip ":"103.197.197.44"} []
[2019-06-23 18:48:46]  mm exchange .INFO: API Home url request [] []
[2019-06-23 18:48:56]  mm exchange .INFO: KBZ Exchange Request [] []
[2019-06-23 18:50:28]  mm exchange .INFO: KBZ Exchange Request [] []
[2019-06-23 18:50:46]  mm exchange .INFO: AYa Exchange Request [] []
[2019-06-23 18:55:29]  mm exchange .INFO: Home page request [] []
[2019-06-23 18:59:04]  mm exchange .INFO: Home page request [] []
[2019-06-23 18:59:08]  mm exchange .INFO: Home page request [] []
[2019-06-23 19:04:27]  mm exchange .INFO: Home page request [] []
[2019-06-23 19:07:10]  mm exchange .INFO: Home page request [] []
[2019-06-23 19:09:36]  mm exchange .INFO: Home page request [] []
[2019-06-23 19:10:43]  mm exchange .INFO: Home page request [] []
[2019-06-23 19:13:59]  mm exchange .INFO: Home page request [] []
[2019-06-23 19:14:30]  mm exchange .ERROR: Unknow url /mmexchange/resources/js/popper.min.js.map {"Request application ":"Mozilla/5.0 (Macintosh; Intel Mac OS X 10_14_5) AppleWebKit/537.36 (KHTML, like Gecko) Chrome/74.0.3729.169 Safari/537.36","Request client ip ":"192.168.0.110","Request client host ip ":"103.197.197.70"} []
[2019-06-23 19:14:30]  mm exchange .ERROR: Unknow url /mmexchange/resources/css/bootstrap.min.css.map {"Request application ":"Mozilla/5.0 (Macintosh; Intel Mac OS X 10_14_5) AppleWebKit/537.36 (KHTML, like Gecko) Chrome/74.0.3729.169 Safari/537.36","Request client ip ":"192.168.0.110","Request client host ip ":"103.197.197.20"} []
[2019-06-23 19:18:14]  mm exchange .INFO: Home page request [] []
[2019-06-23 19:18:14]  mm exchange .INFO: Home page request [] []
[2019-06-23 19:18:16]  mm exchange .INFO: Home page request [] []
[2019-06-23 19:18:25]  mm exchange .INFO: Home page request [] []
[2019-06-23 19:42:38]  mm exchange .INFO: Home page request [] []
[2019-06-23 19:43:02]  mm exchange .INFO: API Home url request [] []
[2019-06-23 19:44:09]  mm exchange .INFO: Home page request [] []
[2019-06-23 23:36:01]  mm exchange .INFO: Home page request [] []
[2019-06-23 23:36:51]  mm exchange .INFO: API Home url request [] []
[2019-06-23 23:37:28]  mm exchange .INFO: UAB Exchange Request [] []
