[2018-09-13 03:18:38]  mm exchange .INFO: Today Request [] []
[2018-09-13 03:18:38]  mm exchange .INFO: Today Request [] []
[2018-09-13 03:18:42]  mm exchange .INFO: Today Request [] []
[2018-09-13 03:18:45]  mm exchange .INFO: Today Request [] []
[2018-09-13 03:18:56]  mm exchange .INFO: Today Request [] []
[2018-09-13 03:18:57]  mm exchange .INFO: Today Request [] []
[2018-09-13 03:19:29]  mm exchange .INFO: Today Request [] []
[2018-09-13 03:19:30]  mm exchange .ERROR: Unknow url /mmexchange/eee [] []
[2018-09-13 03:19:55]  mm exchange .INFO: Today Request [] []
[2018-09-13 03:20:16]  mm exchange .INFO: Today Request [] []
[2018-09-13 03:20:22]  mm exchange .INFO: Today Request [] []
[2018-09-13 03:20:31]  mm exchange .INFO: Today Request [] []
[2018-09-13 03:20:35]  mm exchange .INFO: Today Request [] []
[2018-09-13 03:20:45]  mm exchange .INFO: Today Request [] []
[2018-09-13 03:20:47]  mm exchange .INFO: Today Request [] []
[2018-09-13 03:20:54]  mm exchange .INFO: Today Request [] []
[2018-09-13 03:21:06]  mm exchange .INFO: Today Request [] []
[2018-09-13 03:22:13]  mm exchange .ERROR: Unknow url /mmexchange/kk [] []
[2018-09-13 03:23:29]  mm exchange .INFO: Today Request [] []
[2018-09-13 03:23:30]  mm exchange .INFO: Today Request [] []
[2018-09-13 03:23:57]  mm exchange .INFO: Today Request [] []
[2018-09-13 03:24:10]  mm exchange .INFO: Today Request [] []
[2018-09-13 03:27:26]  mm exchange .INFO: Today Request [] []
[2018-09-13 03:27:40]  mm exchange .INFO: Today Request [] []
[2018-09-13 03:28:30]  mm exchange .INFO: Today Request [] []
[2018-09-13 03:29:13]  mm exchange .INFO: Today Request [] []
[2018-09-13 03:31:15]  mm exchange .INFO: Today Request [] []
[2018-09-13 03:31:41]  mm exchange .INFO: Today Request [] []
[2018-09-13 03:32:33]  mm exchange .INFO: Today Request [] []
[2018-09-13 03:33:16]  mm exchange .INFO: Today Request [] []
[2018-09-13 03:36:47]  mm exchange .INFO: Today Request [] []
[2018-09-13 03:42:02]  mm exchange .ERROR: Unknow url /mmexchange/kk [] []
[2018-09-13 03:42:18]  mm exchange .INFO: API Home url request [] []
[2018-09-13 03:42:20]  mm exchange .ERROR: Unknow url /mmexchange/resources/css/bootstrap.min.css.map [] []
[2018-09-13 03:42:21]  mm exchange .ERROR: Unknow url /mmexchange/resources/js/popper.min.js.map [] []
[2018-09-13 03:43:00]  mm exchange .INFO: KBZ Exchange Request [] []
[2018-09-13 03:59:47]  mm exchange .INFO: Home page request [] []
[2018-09-13 04:00:17]  mm exchange .INFO: Home page request [] []
[2018-09-13 04:00:27]  mm exchange .INFO: API Home url request [] []
[2018-09-13 04:01:18]  mm exchange .INFO: API Home url request [] []
[2018-09-13 04:01:21]  mm exchange .INFO: API Home url request [] []
[2018-09-13 04:01:41]  mm exchange .INFO: Home page request [] []
[2018-09-13 04:01:47]  mm exchange .INFO: API Home url request [] []
[2018-09-13 04:15:41]  mm exchange .INFO: Home page request [] []
[2018-09-13 04:16:07]  mm exchange .INFO: Home page request [] []
[2018-09-13 04:16:09]  mm exchange .INFO: API Home url request [] []
[2018-09-13 04:16:10]  mm exchange .INFO: API Home url request [] []
[2018-09-13 04:16:22]  mm exchange .INFO: API Home url request [] []
[2018-09-13 04:16:51]  mm exchange .INFO: UAB Exchange Request [] []
[2018-09-13 04:18:45]  mm exchange .INFO: Home page request [] []
[2018-09-13 04:18:48]  mm exchange .INFO: Home page request [] []
[2018-09-13 04:18:52]  mm exchange .ERROR: Unknow url /mmexchange/resources/css/bootstrap.min.css.map [] []
[2018-09-13 04:18:52]  mm exchange .ERROR: Unknow url /mmexchange/resources/js/popper.min.js.map [] []
[2018-09-13 04:19:07]  mm exchange .INFO: Home page request [] []
[2018-09-13 04:49:26]  mm exchange .INFO: API Home url request [] []
[2018-09-13 04:49:29]  mm exchange .INFO: API Home url request [] []
[2018-09-13 04:49:32]  mm exchange .INFO: Home page request [] []
[2018-09-13 04:49:35]  mm exchange .INFO: Home page request [] []
[2018-09-13 05:04:45]  mm exchange .INFO: API Home url request [] []
[2018-09-13 05:05:19]  mm exchange .INFO: Home page request [] []
[2018-09-13 05:05:42]  mm exchange .INFO: API Home url request [] []
[2018-09-13 05:07:16]  mm exchange .INFO: API Home url request [] []
[2018-09-13 05:07:28]  mm exchange .INFO: KBZ Exchange Request [] []
[2018-09-13 05:08:03]  mm exchange .INFO: Home page request [] []
[2018-09-13 05:23:40]  mm exchange .INFO: Home page request [] []
[2018-09-13 05:27:55]  mm exchange .INFO: API Home url request [] []
[2018-09-13 05:36:48]  mm exchange .INFO: API Home url request [] []
[2018-09-13 05:36:59]  mm exchange .INFO: KBZ Exchange Request [] []
[2018-09-13 06:13:56]  mm exchange .ERROR: Unknow url /mmexchange/resources/js/popper.min.js.map [] []
[2018-09-13 06:13:56]  mm exchange .ERROR: Unknow url /mmexchange/resources/css/bootstrap.min.css.map [] []
[2018-09-13 06:14:44]  mm exchange .INFO: API Home url request [] []
[2018-09-13 06:15:37]  mm exchange .INFO: Home page request [] []
[2018-09-13 06:15:44]  mm exchange .ERROR: Unknow url /mmexchange/resources/js/popper.min.js.map [] []
[2018-09-13 06:15:44]  mm exchange .ERROR: Unknow url /mmexchange/resources/css/bootstrap.min.css.map [] []
[2018-09-13 06:15:45]  mm exchange .INFO: CB Exchange Request [] []
[2018-09-13 06:15:59]  mm exchange .INFO: API Home url request [] []
[2018-09-13 06:16:13]  mm exchange .INFO: KBZ Exchange Request [] []
[2018-09-13 06:16:23]  mm exchange .ERROR: Unknow url /mmexchange/resources/css/bootstrap.min.css.map [] []
[2018-09-13 06:16:23]  mm exchange .ERROR: Unknow url /mmexchange/resources/js/popper.min.js.map [] []
[2018-09-13 06:16:32]  mm exchange .INFO: Home page request [] []
[2018-09-13 06:16:38]  mm exchange .ERROR: Unknow url /mmexchange/resources/js/popper.min.js.map [] []
[2018-09-13 06:16:38]  mm exchange .ERROR: Unknow url /mmexchange/resources/css/bootstrap.min.css.map [] []
[2018-09-13 06:23:14]  mm exchange .INFO: Home page request [] []
[2018-09-13 06:24:18]  mm exchange .INFO: API Home url request [] []
[2018-09-13 06:58:38]  mm exchange .INFO: Home page request [] []
[2018-09-13 07:10:25]  mm exchange .INFO: Home page request [] []
[2018-09-13 07:10:42]  mm exchange .INFO: API Home url request [] []
[2018-09-13 07:12:05]  mm exchange .INFO: Home page request [] []
[2018-09-13 07:25:41]  mm exchange .INFO: Home page request [] []
[2018-09-13 07:25:41]  mm exchange .INFO: API Home url request [] []
[2018-09-13 07:25:49]  mm exchange .INFO: Home page request [] []
[2018-09-13 07:25:57]  mm exchange .INFO: KBZ Exchange Request [] []
[2018-09-13 07:26:00]  mm exchange .INFO: KBZ Exchange Request [] []
[2018-09-13 07:26:02]  mm exchange .INFO: KBZ Exchange Request [] []
[2018-09-13 07:26:04]  mm exchange .INFO: KBZ Exchange Request [] []
[2018-09-13 07:26:06]  mm exchange .INFO: KBZ Exchange Request [] []
[2018-09-13 07:26:10]  mm exchange .INFO: AYa Exchange Request [] []
[2018-09-13 07:26:11]  mm exchange .INFO: AYa Exchange Request [] []
[2018-09-13 07:26:12]  mm exchange .INFO: AYa Exchange Request [] []
[2018-09-13 07:26:14]  mm exchange .INFO: AYa Exchange Request [] []
[2018-09-13 07:26:15]  mm exchange .INFO: AYa Exchange Request [] []
[2018-09-13 07:26:20]  mm exchange .INFO: CB Exchange Request [] []
[2018-09-13 07:26:21]  mm exchange .INFO: CB Exchange Request [] []
[2018-09-13 07:26:22]  mm exchange .INFO: CB Exchange Request [] []
[2018-09-13 07:26:26]  mm exchange .INFO: Home page request [] []
[2018-09-13 07:26:29]  mm exchange .INFO: Home page request [] []
[2018-09-13 07:28:48]  mm exchange .INFO: Home page request [] []
[2018-09-13 07:29:07]  mm exchange .INFO: API Home url request [] []
[2018-09-13 07:29:21]  mm exchange .INFO: Home page request [] []
[2018-09-13 07:33:22]  mm exchange .INFO: Home page request [] []
[2018-09-13 07:49:20]  mm exchange .INFO: API Home url request [] []
[2018-09-13 07:49:43]  mm exchange .INFO: API Home url request [] []
[2018-09-13 07:56:49]  mm exchange .INFO: API Home url request [] []
[2018-09-13 08:09:43]  mm exchange .INFO: Home page request [] []
[2018-09-13 08:20:56]  mm exchange .ERROR: Unknow url /mmexchange/%E1%80%B1%E1%80%85%E1%80%84 [] []
[2018-09-13 08:21:05]  mm exchange .INFO: API Home url request [] []
[2018-09-13 08:21:13]  mm exchange .ERROR: Unknow url /mmexchange/resources/js/popper.min.js.map [] []
[2018-09-13 08:21:13]  mm exchange .ERROR: Unknow url /mmexchange/resources/css/bootstrap.min.css.map [] []
[2018-09-13 08:21:40]  mm exchange .INFO: Home page request [] []
[2018-09-13 08:23:29]  mm exchange .INFO: API Home url request [] []
[2018-09-13 08:24:56]  mm exchange .INFO: Home page request [] []
[2018-09-13 08:25:08]  mm exchange .INFO: API Home url request [] []
[2018-09-13 08:25:46]  mm exchange .INFO: AGD Exchange Request [] []
[2018-09-13 08:26:45]  mm exchange .INFO: Home page request [] []
[2018-09-13 08:26:46]  mm exchange .INFO: Home page request [] []
[2018-09-13 08:26:53]  mm exchange .ERROR: Unknow url /mmexchange/resources/js/popper.min.js.map [] []
[2018-09-13 08:26:53]  mm exchange .ERROR: Unknow url /mmexchange/resources/css/bootstrap.min.css.map [] []
[2018-09-13 08:27:28]  mm exchange .INFO: Home page request [] []
[2018-09-13 08:30:00]  mm exchange .INFO: Home page request [] []
[2018-09-13 08:30:05]  mm exchange .ERROR: Unknow url /mmexchange/resources/css/bootstrap.min.css.map [] []
[2018-09-13 08:30:05]  mm exchange .ERROR: Unknow url /mmexchange/resources/js/popper.min.js.map [] []
[2018-09-13 08:31:35]  mm exchange .INFO: Home page request [] []
[2018-09-13 08:31:40]  mm exchange .ERROR: Unknow url /mmexchange/resources/css/bootstrap.min.css.map [] []
[2018-09-13 08:31:40]  mm exchange .ERROR: Unknow url /mmexchange/resources/js/popper.min.js.map [] []
[2018-09-13 08:31:54]  mm exchange .INFO: Home page request [] []
[2018-09-13 08:31:59]  mm exchange .ERROR: Unknow url /mmexchange/resources/css/bootstrap.min.css.map [] []
[2018-09-13 08:32:00]  mm exchange .ERROR: Unknow url /mmexchange/resources/js/popper.min.js.map [] []
[2018-09-13 08:32:57]  mm exchange .INFO: Home page request [] []
[2018-09-13 08:33:02]  mm exchange .ERROR: Unknow url /mmexchange/resources/js/popper.min.js.map [] []
[2018-09-13 08:33:02]  mm exchange .ERROR: Unknow url /mmexchange/resources/css/bootstrap.min.css.map [] []
[2018-09-13 08:33:48]  mm exchange .INFO: Home page request [] []
[2018-09-13 08:36:43]  mm exchange .INFO: Home page request [] []
[2018-09-13 08:41:29]  mm exchange .INFO: API Home url request [] []
[2018-09-13 08:41:36]  mm exchange .INFO: KBZ Exchange Request [] []
[2018-09-13 08:41:49]  mm exchange .INFO: AGD Exchange Request [] []
[2018-09-13 08:41:59]  mm exchange .INFO: Home page request [] []
[2018-09-13 08:59:54]  mm exchange .INFO: Home page request [] []
[2018-09-13 09:00:20]  mm exchange .INFO: API Home url request [] []
[2018-09-13 09:00:29]  mm exchange .INFO: KBZ Exchange Request [] []
[2018-09-13 09:01:02]  mm exchange .INFO: API Home url request [] []
[2018-09-13 09:01:11]  mm exchange .INFO: CB Exchange Request [] []
[2018-09-13 09:01:25]  mm exchange .INFO: API Home url request [] []
[2018-09-13 09:01:32]  mm exchange .INFO: CB Exchange Request [] []
[2018-09-13 09:04:07]  mm exchange .INFO: API Home url request [] []
[2018-09-13 09:05:11]  mm exchange .INFO: API Home url request [] []
[2018-09-13 09:05:19]  mm exchange .INFO: AGD Exchange Request [] []
[2018-09-13 10:23:30]  mm exchange .INFO: Home page request [] []
[2018-09-13 10:23:41]  mm exchange .INFO: API Home url request [] []
[2018-09-13 11:03:10]  mm exchange .INFO: Home page request [] []
[2018-09-13 11:45:16]  mm exchange .INFO: Home page request [] []
[2018-09-13 11:45:42]  mm exchange .INFO: API Home url request [] []
[2018-09-13 12:04:23]  mm exchange .INFO: API Home url request [] []
[2018-09-13 12:07:15]  mm exchange .INFO: Home page request [] []
[2018-09-13 12:10:23]  mm exchange .INFO: Home page request [] []
[2018-09-13 12:47:26]  mm exchange .INFO: API Home url request [] []
[2018-09-13 12:47:41]  mm exchange .INFO: KBZ Exchange Request [] []
[2018-09-13 12:53:05]  mm exchange .INFO: API Home url request [] []
[2018-09-13 12:56:31]  mm exchange .INFO: API Home url request [] []
[2018-09-13 12:59:27]  mm exchange .INFO: Home page request [] []
[2018-09-13 13:11:32]  mm exchange .INFO: API Home url request [] []
[2018-09-13 13:11:40]  mm exchange .INFO: KBZ Exchange Request [] []
[2018-09-13 13:11:58]  mm exchange .INFO: AGD Exchange Request [] []
[2018-09-13 13:14:58]  mm exchange .INFO: Home page request [] []
[2018-09-13 13:15:48]  mm exchange .INFO: API Home url request [] []
[2018-09-13 13:16:03]  mm exchange .INFO: AGD Exchange Request [] []
[2018-09-13 13:19:12]  mm exchange .INFO: Home page request [] []
[2018-09-13 13:22:19]  mm exchange .INFO: API Home url request [] []
[2018-09-13 13:22:36]  mm exchange .INFO: KBZ Exchange Request [] []
[2018-09-13 13:23:10]  mm exchange .INFO: API Home url request [] []
[2018-09-13 13:23:11]  mm exchange .INFO: Home page request [] []
[2018-09-13 13:23:14]  mm exchange .INFO: API Home url request [] []
[2018-09-13 13:23:31]  mm exchange .INFO: API Home url request [] []
[2018-09-13 13:26:05]  mm exchange .INFO: Home page request [] []
[2018-09-13 13:26:06]  mm exchange .INFO: API Home url request [] []
[2018-09-13 13:26:24]  mm exchange .INFO: API Home url request [] []
[2018-09-13 13:26:28]  mm exchange .INFO: KBZ Exchange Request [] []
[2018-09-13 13:26:53]  mm exchange .INFO: Home page request [] []
[2018-09-13 13:27:48]  mm exchange .INFO: API Home url request [] []
[2018-09-13 13:30:12]  mm exchange .INFO: Home page request [] []
[2018-09-13 13:30:52]  mm exchange .INFO: Home page request [] []
[2018-09-13 13:30:58]  mm exchange .INFO: Home page request [] []
[2018-09-13 13:31:00]  mm exchange .INFO: Home page request [] []
[2018-09-13 13:33:42]  mm exchange .INFO: Home page request [] []
[2018-09-13 13:36:59]  mm exchange .INFO: Home page request [] []
[2018-09-13 13:37:29]  mm exchange .INFO: API Home url request [] []
[2018-09-13 13:37:45]  mm exchange .INFO: API Home url request [] []
[2018-09-13 13:37:57]  mm exchange .INFO: Home page request [] []
[2018-09-13 13:38:24]  mm exchange .INFO: KBZ Exchange Request [] []
[2018-09-13 13:38:51]  mm exchange .INFO: UAB Exchange Request [] []
[2018-09-13 13:39:30]  mm exchange .INFO: API Home url request [] []
[2018-09-13 13:40:07]  mm exchange .INFO: API Home url request [] []
[2018-09-13 13:42:07]  mm exchange .INFO: API Home url request [] []
[2018-09-13 13:46:05]  mm exchange .INFO: API Home url request [] []
[2018-09-13 13:46:19]  mm exchange .INFO: KBZ Exchange Request [] []
[2018-09-13 13:47:31]  mm exchange .INFO: API Home url request [] []
[2018-09-13 13:47:48]  mm exchange .INFO: KBZ Exchange Request [] []
[2018-09-13 13:48:08]  mm exchange .INFO: AYa Exchange Request [] []
[2018-09-13 13:48:34]  mm exchange .INFO: Home page request [] []
[2018-09-13 13:48:56]  mm exchange .INFO: API Home url request [] []
[2018-09-13 13:49:02]  mm exchange .INFO: UAB Exchange Request [] []
[2018-09-13 13:49:08]  mm exchange .INFO: UAB Exchange Request [] []
[2018-09-13 13:57:51]  mm exchange .INFO: API Home url request [] []
[2018-09-13 13:58:12]  mm exchange .INFO: Home page request [] []
[2018-09-13 13:58:26]  mm exchange .INFO: API Home url request [] []
[2018-09-13 13:58:32]  mm exchange .INFO: KBZ Exchange Request [] []
[2018-09-13 13:58:39]  mm exchange .INFO: Home page request [] []
[2018-09-13 13:59:21]  mm exchange .INFO: KBZ Exchange Request [] []
[2018-09-13 14:04:08]  mm exchange .INFO: API Home url request [] []
[2018-09-13 14:04:13]  mm exchange .INFO: KBZ Exchange Request [] []
[2018-09-13 14:04:30]  mm exchange .INFO: Home page request [] []
[2018-09-13 14:04:46]  mm exchange .INFO: API Home url request [] []
[2018-09-13 14:24:24]  mm exchange .INFO: API Home url request [] []
[2018-09-13 14:24:43]  mm exchange .INFO: KBZ Exchange Request [] []
[2018-09-13 14:26:10]  mm exchange .INFO: API Home url request [] []
[2018-09-13 14:26:22]  mm exchange .INFO: KBZ Exchange Request [] []
[2018-09-13 14:27:32]  mm exchange .INFO: Home page request [] []
[2018-09-13 14:27:51]  mm exchange .INFO: Home page request [] []
[2018-09-13 14:29:40]  mm exchange .INFO: Home page request [] []
[2018-09-13 14:29:43]  mm exchange .INFO: API Home url request [] []
[2018-09-13 15:01:50]  mm exchange .INFO: API Home url request [] []
[2018-09-13 15:01:52]  mm exchange .INFO: Home page request [] []
[2018-09-13 15:02:10]  mm exchange .INFO: KBZ Exchange Request [] []
[2018-09-13 15:08:02]  mm exchange .INFO: API Home url request [] []
[2018-09-13 15:08:19]  mm exchange .INFO: CB Exchange Request [] []
[2018-09-13 15:08:30]  mm exchange .INFO: CB Exchange Request [] []
[2018-09-13 15:09:41]  mm exchange .INFO: API Home url request [] []
[2018-09-13 15:26:03]  mm exchange .INFO: Home page request [] []
[2018-09-13 15:26:32]  mm exchange .INFO: API Home url request [] []
[2018-09-13 15:29:58]  mm exchange .INFO: Home page request [] []
[2018-09-13 15:51:22]  mm exchange .INFO: Home page request [] []
[2018-09-13 15:51:43]  mm exchange .INFO: API Home url request [] []
[2018-09-13 15:51:50]  mm exchange .INFO: KBZ Exchange Request [] []
[2018-09-13 16:17:48]  mm exchange .INFO: Home page request [] []
[2018-09-13 16:18:25]  mm exchange .INFO: API Home url request [] []
[2018-09-13 16:18:33]  mm exchange .INFO: KBZ Exchange Request [] []
[2018-09-13 16:19:28]  mm exchange .INFO: AYa Exchange Request [] []
[2018-09-13 16:37:07]  mm exchange .INFO: Home page request [] []
[2018-09-13 16:37:08]  mm exchange .INFO: API Home url request [] []
[2018-09-13 16:37:37]  mm exchange .INFO: KBZ Exchange Request [] []
[2018-09-13 16:57:42]  mm exchange .INFO: Home page request [] []
[2018-09-13 17:52:27]  mm exchange .INFO: API Home url request [] []
[2018-09-13 17:52:44]  mm exchange .INFO: Home page request [] []
[2018-09-13 17:53:00]  mm exchange .INFO: API Home url request [] []
[2018-09-13 17:58:08]  mm exchange .INFO: API Home url request [] []
[2018-09-13 17:58:14]  mm exchange .INFO: Home page request [] []
[2018-09-13 17:58:26]  mm exchange .ERROR: Unknow url /mmexchange/resources/js/popper.min.js.map [] []
[2018-09-13 17:58:26]  mm exchange .ERROR: Unknow url /mmexchange/resources/css/bootstrap.min.css.map [] []
[2018-09-13 17:58:33]  mm exchange .INFO: Home page request [] []
[2018-09-13 17:58:34]  mm exchange .ERROR: Unknow url /mmexchange/resources/css/bootstrap.min.css.map [] []
[2018-09-13 17:58:34]  mm exchange .ERROR: Unknow url /mmexchange/resources/js/popper.min.js.map [] []
[2018-09-13 17:59:25]  mm exchange .INFO: KBZ Exchange Request [] []
[2018-09-13 17:59:46]  mm exchange .INFO: KBZ Exchange Request [] []
[2018-09-13 18:09:53]  mm exchange .INFO: Home page request [] []
[2018-09-13 18:10:18]  mm exchange .INFO: API Home url request [] []
[2018-09-13 18:14:30]  mm exchange .INFO: Home page request [] []
[2018-09-13 18:14:52]  mm exchange .INFO: API Home url request [] []
[2018-09-13 22:24:43]  mm exchange .INFO: Home page request [] []
