[2018-10-10 03:49:35]  mm exchange .INFO: Home page request [] []
[2018-10-10 03:51:35]  mm exchange .INFO: Home page request [] []
[2018-10-10 03:51:59]  mm exchange .INFO: API Home url request [] []
[2018-10-10 03:52:23]  mm exchange .INFO: KBZ Exchange Request [] []
[2018-10-10 03:53:06]  mm exchange .INFO: KBZ Exchange Request [] []
[2018-10-10 03:54:00]  mm exchange .INFO: AYa Exchange Request [] []
[2018-10-10 03:54:08]  mm exchange .INFO: AGD Exchange Request [] []
[2018-10-10 03:54:29]  mm exchange .INFO: UAB Exchange Request [] []
[2018-10-10 03:54:37]  mm exchange .INFO: CB Exchange Request [] []
[2018-10-10 03:55:45]  mm exchange .INFO: API Home url request [] []
[2018-10-10 05:26:09]  mm exchange .INFO: Home page request [] []
[2018-10-10 07:06:36]  mm exchange .INFO: Home page request [] []
[2018-10-10 07:38:54]  mm exchange .INFO: Home page request [] []
[2018-10-10 07:47:49]  mm exchange .INFO: KBZ Exchange Request [] []
[2018-10-10 07:47:54]  mm exchange .INFO: AYa Exchange Request [] []
[2018-10-10 07:47:59]  mm exchange .INFO: AGD Exchange Request [] []
[2018-10-10 07:48:03]  mm exchange .INFO: CB Exchange Request [] []
[2018-10-10 07:48:08]  mm exchange .INFO: UAB Exchange Request [] []
[2018-10-10 07:48:12]  mm exchange .INFO: MOB Exchange Request [] []
[2018-10-10 08:34:20]  mm exchange .INFO: Home page request [] []
[2018-10-10 08:34:41]  mm exchange .INFO: Home page request [] []
[2018-10-10 08:35:09]  mm exchange .INFO: Home page request [] []
[2018-10-10 08:37:36]  mm exchange .INFO: Home page request [] []
[2018-10-10 08:45:13]  mm exchange .INFO: Home page request [] []
[2018-10-10 09:25:12]  mm exchange .INFO: Home page request [] []
[2018-10-10 09:55:50]  mm exchange .INFO: Home page request [] []
[2018-10-10 10:01:03]  mm exchange .INFO: Home page request [] []
[2018-10-10 18:09:43]  mm exchange .INFO: Home page request [] []
[2018-10-10 18:10:09]  mm exchange .INFO: Home page request [] []
[2018-10-10 18:10:18]  mm exchange .INFO: Home page request [] []
[2018-10-10 18:10:19]  mm exchange .INFO: Home page request [] []
[2018-10-10 21:01:49]  mm exchange .INFO: Home page request [] []
