[2018-10-12 03:46:15]  mm exchange .INFO: Home page request [] []
[2018-10-12 03:55:30]  mm exchange .INFO: API Home url request [] []
[2018-10-12 03:56:56]  mm exchange .INFO: AYa Exchange Request [] []
[2018-10-12 03:57:06]  mm exchange .INFO: Home page request [] []
[2018-10-12 04:05:08]  mm exchange .INFO: Home page request [] []
[2018-10-12 04:19:26]  mm exchange .INFO: Home page request [] []
[2018-10-12 04:20:58]  mm exchange .INFO: API Home url request [] []
[2018-10-12 04:21:08]  mm exchange .INFO: API Home url request [] []
[2018-10-12 05:29:32]  mm exchange .INFO: Home page request [] []
[2018-10-12 05:43:35]  mm exchange .INFO: KBZ Exchange Request [] []
[2018-10-12 05:43:44]  mm exchange .INFO: AYa Exchange Request [] []
[2018-10-12 05:43:50]  mm exchange .INFO: AGD Exchange Request [] []
[2018-10-12 05:43:55]  mm exchange .INFO: CB Exchange Request [] []
[2018-10-12 05:44:00]  mm exchange .INFO: UAB Exchange Request [] []
[2018-10-12 05:44:07]  mm exchange .INFO: MOB Exchange Request [] []
[2018-10-12 06:16:14]  mm exchange .INFO: Home page request [] []
[2018-10-12 06:31:38]  mm exchange .INFO: Home page request [] []
[2018-10-12 06:36:23]  mm exchange .INFO: Home page request [] []
[2018-10-12 07:07:46]  mm exchange .INFO: Home page request [] []
[2018-10-12 07:14:10]  mm exchange .INFO: Home page request [] []
[2018-10-12 08:22:12]  mm exchange .INFO: Home page request [] []
[2018-10-12 08:29:05]  mm exchange .INFO: Home page request [] []
[2018-10-12 09:53:30]  mm exchange .INFO: Home page request [] []
