[2018-12-14 03:23:01]  mm exchange .INFO: KBZ Exchange Request [] []
[2018-12-14 03:23:08]  mm exchange .INFO: AYa Exchange Request [] []
[2018-12-14 03:23:15]  mm exchange .INFO: AGD Exchange Request [] []
[2018-12-14 03:23:22]  mm exchange .INFO: CB Exchange Request [] []
[2018-12-14 03:23:27]  mm exchange .INFO: UAB Exchange Request [] []
[2018-12-14 03:23:30]  mm exchange .INFO: MOB Exchange Request [] []
[2018-12-14 03:53:45]  mm exchange .INFO: Home page request [] []
[2018-12-14 04:40:23]  mm exchange .INFO: Home page request {"fbclid":"IwAR24DHivjewvR2Cbo0icInr5hGMF7KlsjFp00sBM3tNFw8bO1V-_KZ_EAGY"} []
[2018-12-14 05:37:38]  mm exchange .INFO: Home page request [] []
[2018-12-14 06:20:07]  mm exchange .INFO: Home page request [] []
[2018-12-14 06:22:57]  mm exchange .INFO: Home page request [] []
[2018-12-14 07:09:18]  mm exchange .INFO: Home page request [] []
[2018-12-14 07:10:14]  mm exchange .INFO: Home page request [] []
[2018-12-14 10:28:19]  mm exchange .INFO: KBZ Exchange Request [] []
[2018-12-14 10:28:25]  mm exchange .INFO: AYa Exchange Request [] []
[2018-12-14 10:28:29]  mm exchange .INFO: AGD Exchange Request [] []
[2018-12-14 10:28:33]  mm exchange .INFO: CB Exchange Request [] []
[2018-12-14 10:28:37]  mm exchange .INFO: UAB Exchange Request [] []
[2018-12-14 10:28:42]  mm exchange .INFO: MOB Exchange Request [] []
[2018-12-14 10:31:24]  mm exchange .INFO: API Home url request [] []
[2018-12-14 10:32:38]  mm exchange .INFO: KBZ Exchange Request [] []
[2018-12-14 10:32:58]  mm exchange .INFO: Home page request [] []
[2018-12-14 10:49:04]  mm exchange .INFO: KBZ Exchange Request [] []
[2018-12-14 10:49:47]  mm exchange .INFO: KBZ Exchange Request [] []
[2018-12-14 10:50:47]  mm exchange .INFO: KBZ Exchange Request [] []
[2018-12-14 10:53:16]  mm exchange .INFO: KBZ Exchange Request [] []
[2018-12-14 10:55:00]  mm exchange .INFO: KBZ Exchange Request [] []
[2018-12-14 12:47:31]  mm exchange .INFO: API Home url request [] []
[2018-12-14 12:47:52]  mm exchange .INFO: API Home url request [] []
[2018-12-14 12:48:53]  mm exchange .ERROR: Unknow url /mmexchange/api/v1/cb_bank/ {"Request application ":"Apache-HttpClient/UNAVAILABLE (java 1.4)","Request client ip ":null,"Request client host ip ":"65.18.121.237"} []
[2018-12-14 12:49:15]  mm exchange .INFO: CB Exchange Request [] []
[2018-12-14 12:49:57]  mm exchange .INFO: KBZ Exchange Request [] []
[2018-12-14 12:50:04]  mm exchange .INFO: CB Exchange Request [] []
[2018-12-14 12:50:44]  mm exchange .INFO: CB Exchange Request [] []
[2018-12-14 13:19:09]  mm exchange .INFO: CB Exchange Request [] []
[2018-12-14 13:20:04]  mm exchange .INFO: CB Exchange Request [] []
[2018-12-14 13:29:09]  mm exchange .INFO: CB Exchange Request [] []
[2018-12-14 13:30:19]  mm exchange .INFO: CB Exchange Request [] []
[2018-12-14 13:32:48]  mm exchange .INFO: KBZ Exchange Request [] []
[2018-12-14 13:33:09]  mm exchange .INFO: KBZ Exchange Request [] []
[2018-12-14 13:56:19]  mm exchange .INFO: KBZ Exchange Request [] []
[2018-12-14 13:57:34]  mm exchange .INFO: KBZ Exchange Request [] []
[2018-12-14 14:00:10]  mm exchange .INFO: KBZ Exchange Request [] []
[2018-12-14 14:00:33]  mm exchange .INFO: KBZ Exchange Request [] []
[2018-12-14 14:03:13]  mm exchange .INFO: KBZ Exchange Request [] []
[2018-12-14 14:04:59]  mm exchange .INFO: KBZ Exchange Request [] []
[2018-12-14 14:05:41]  mm exchange .INFO: KBZ Exchange Request [] []
[2018-12-14 14:09:57]  mm exchange .INFO: AYa Exchange Request [] []
[2018-12-14 14:10:37]  mm exchange .INFO: AYa Exchange Request [] []
[2018-12-14 14:12:13]  mm exchange .INFO: AYa Exchange Request [] []
[2018-12-14 14:12:44]  mm exchange .INFO: AYa Exchange Request [] []
[2018-12-14 14:13:25]  mm exchange .INFO: AYa Exchange Request [] []
[2018-12-14 14:13:27]  mm exchange .INFO: AYa Exchange Request [] []
[2018-12-14 14:13:59]  mm exchange .INFO: AYa Exchange Request [] []
[2018-12-14 14:14:13]  mm exchange .INFO: AYa Exchange Request [] []
[2018-12-14 14:15:16]  mm exchange .INFO: AYa Exchange Request [] []
[2018-12-14 14:15:29]  mm exchange .INFO: KBZ Exchange Request [] []
[2018-12-14 14:21:03]  mm exchange .INFO: Home page request [] []
[2018-12-14 14:21:21]  mm exchange .INFO: KBZ Exchange Request [] []
[2018-12-14 14:23:25]  mm exchange .INFO: KBZ Exchange Request [] []
[2018-12-14 14:24:00]  mm exchange .INFO: AYa Exchange Request [] []
[2018-12-14 14:24:09]  mm exchange .INFO: AGD Exchange Request [] []
[2018-12-14 14:24:16]  mm exchange .INFO: CB Exchange Request [] []
[2018-12-14 14:24:23]  mm exchange .INFO: UAB Exchange Request [] []
[2018-12-14 14:24:30]  mm exchange .INFO: MOB Exchange Request [] []
[2018-12-14 14:30:37]  mm exchange .INFO: KBZ Exchange Request [] []
[2018-12-14 14:33:22]  mm exchange .INFO: KBZ Exchange Request [] []
[2018-12-14 14:36:15]  mm exchange .INFO: AYa Exchange Request [] []
