[2018-09-18 02:22:14]  mm exchange .INFO: API Home url request [] []
[2018-09-18 02:23:14]  mm exchange .INFO: API Home url request [] []
[2018-09-18 02:23:21]  mm exchange .INFO: API Home url request [] []
[2018-09-18 02:23:27]  mm exchange .INFO: API Home url request [] []
[2018-09-18 02:23:31]  mm exchange .INFO: API Home url request [] []
[2018-09-18 03:30:49]  mm exchange .INFO: Home page request [] []
[2018-09-18 03:31:00]  mm exchange .INFO: Home page request [] []
[2018-09-18 03:33:44]  mm exchange .INFO: Home page request [] []
[2018-09-18 03:48:25]  mm exchange .INFO: MOB Exchange Request [] []
[2018-09-18 03:48:39]  mm exchange .INFO: KBZ Exchange Request [] []
[2018-09-18 03:50:12]  mm exchange .INFO: CB Exchange Request [] []
[2018-09-18 03:51:48]  mm exchange .INFO: API Home url request [] []
[2018-09-18 03:51:49]  mm exchange .INFO: API Home url request [] []
[2018-09-18 03:52:02]  mm exchange .INFO: AYa Exchange Request [] []
[2018-09-18 03:56:04]  mm exchange .INFO: AYa Exchange Request [] []
[2018-09-18 03:56:05]  mm exchange .INFO: AYa Exchange Request [] []
[2018-09-18 03:56:06]  mm exchange .INFO: AYa Exchange Request [] []
[2018-09-18 03:56:07]  mm exchange .INFO: AYa Exchange Request [] []
[2018-09-18 03:56:08]  mm exchange .INFO: AYa Exchange Request [] []
[2018-09-18 03:56:09]  mm exchange .INFO: AYa Exchange Request [] []
[2018-09-18 03:56:11]  mm exchange .INFO: AYa Exchange Request [] []
[2018-09-18 03:56:12]  mm exchange .INFO: AYa Exchange Request [] []
[2018-09-18 03:56:12]  mm exchange .INFO: AYa Exchange Request [] []
[2018-09-18 03:56:13]  mm exchange .INFO: AYa Exchange Request [] []
[2018-09-18 04:01:25]  mm exchange .INFO: AYa Exchange Request [] []
[2018-09-18 04:01:26]  mm exchange .INFO: AYa Exchange Request [] []
[2018-09-18 04:01:28]  mm exchange .INFO: AYa Exchange Request [] []
[2018-09-18 04:01:28]  mm exchange .INFO: AYa Exchange Request [] []
[2018-09-18 04:01:29]  mm exchange .INFO: AYa Exchange Request [] []
[2018-09-18 04:02:03]  mm exchange .INFO: KBZ Exchange Request [] []
[2018-09-18 04:03:39]  mm exchange .INFO: KBZ Exchange Request [] []
[2018-09-18 04:03:41]  mm exchange .INFO: KBZ Exchange Request [] []
[2018-09-18 04:03:41]  mm exchange .INFO: KBZ Exchange Request [] []
[2018-09-18 04:04:05]  mm exchange .INFO: KBZ Exchange Request [] []
[2018-09-18 04:08:02]  mm exchange .INFO: AYa Exchange Request [] []
[2018-09-18 04:08:07]  mm exchange .INFO: KBZ Exchange Request [] []
[2018-09-18 04:08:25]  mm exchange .INFO: KBZ Exchange Request [] []
[2018-09-18 04:08:27]  mm exchange .INFO: KBZ Exchange Request [] []
[2018-09-18 04:10:33]  mm exchange .INFO: KBZ Exchange Request [] []
[2018-09-18 04:12:59]  mm exchange .INFO: KBZ Exchange Request [] []
[2018-09-18 04:13:42]  mm exchange .INFO: KBZ Exchange Request [] []
[2018-09-18 04:14:03]  mm exchange .INFO: KBZ Exchange Request [] []
[2018-09-18 04:14:29]  mm exchange .INFO: KBZ Exchange Request [] []
[2018-09-18 04:20:18]  mm exchange .INFO: KBZ Exchange Request [] []
[2018-09-18 04:20:42]  mm exchange .INFO: AYa Exchange Request [] []
[2018-09-18 04:20:56]  mm exchange .INFO: AYa Exchange Request [] []
[2018-09-18 06:50:34]  mm exchange .INFO: Home page request [] []
[2018-09-18 07:11:22]  mm exchange .INFO: KBZ Exchange Request [] []
[2018-09-18 07:15:00]  mm exchange .INFO: KBZ Exchange Request [] []
[2018-09-18 07:20:51]  mm exchange .INFO: Home page request [] []
[2018-09-18 07:21:02]  mm exchange .INFO: API Home url request [] []
[2018-09-18 08:16:40]  mm exchange .INFO: KBZ Exchange Request [] []
[2018-09-18 08:50:42]  mm exchange .ERROR: Unknow url /mmexchange/resources/js/popper.min.js.map [] []
[2018-09-18 08:50:42]  mm exchange .ERROR: Unknow url /mmexchange/resources/css/bootstrap.min.css.map [] []
[2018-09-18 08:51:37]  mm exchange .INFO: Home page request [] []
[2018-09-18 09:03:56]  mm exchange .INFO: Home page request [] []
[2018-09-18 09:09:30]  mm exchange .ERROR: Unknow url /mmexchange/resources/js/popper.min.js.map [] []
[2018-09-18 09:09:30]  mm exchange .ERROR: Unknow url /mmexchange/resources/css/bootstrap.min.css.map [] []
[2018-09-18 10:07:30]  mm exchange .INFO: Home page request [] []
[2018-09-18 10:07:50]  mm exchange .INFO: API Home url request [] []
[2018-09-18 10:38:04]  mm exchange .INFO: API Home url request [] []
[2018-09-18 10:38:17]  mm exchange .ERROR: Unknow url /mmexchange/resources/css/bootstrap.min.css.map [] []
[2018-09-18 10:38:19]  mm exchange .ERROR: Unknow url /mmexchange/resources/js/popper.min.js.map [] []
[2018-09-18 10:38:38]  mm exchange .INFO: KBZ Exchange Request [] []
[2018-09-18 12:11:20]  mm exchange .INFO: KBZ Exchange Request [] []
[2018-09-18 12:13:52]  mm exchange .INFO: KBZ Exchange Request [] []
[2018-09-18 12:13:53]  mm exchange .INFO: AYa Exchange Request [] []
[2018-09-18 12:13:55]  mm exchange .INFO: CB Exchange Request [] []
[2018-09-18 12:13:57]  mm exchange .INFO: MOB Exchange Request [] []
[2018-09-18 12:14:08]  mm exchange .INFO: AGD Exchange Request [] []
[2018-09-18 12:14:12]  mm exchange .INFO: UAB Exchange Request [] []
[2018-09-18 12:16:16]  mm exchange .INFO: KBZ Exchange Request [] []
[2018-09-18 12:16:17]  mm exchange .INFO: AYa Exchange Request [] []
[2018-09-18 12:16:17]  mm exchange .INFO: CB Exchange Request [] []
[2018-09-18 12:16:18]  mm exchange .INFO: MOB Exchange Request [] []
[2018-09-18 12:16:19]  mm exchange .INFO: AGD Exchange Request [] []
[2018-09-18 12:16:19]  mm exchange .INFO: UAB Exchange Request [] []
[2018-09-18 12:16:50]  mm exchange .INFO: KBZ Exchange Request [] []
[2018-09-18 12:16:50]  mm exchange .INFO: AYa Exchange Request [] []
[2018-09-18 12:16:51]  mm exchange .INFO: CB Exchange Request [] []
[2018-09-18 12:16:51]  mm exchange .INFO: MOB Exchange Request [] []
[2018-09-18 12:16:51]  mm exchange .INFO: AGD Exchange Request [] []
[2018-09-18 12:16:52]  mm exchange .INFO: UAB Exchange Request [] []
[2018-09-18 12:18:38]  mm exchange .INFO: KBZ Exchange Request [] []
[2018-09-18 12:18:39]  mm exchange .INFO: AYa Exchange Request [] []
[2018-09-18 12:18:39]  mm exchange .INFO: CB Exchange Request [] []
[2018-09-18 12:18:40]  mm exchange .INFO: MOB Exchange Request [] []
[2018-09-18 12:18:40]  mm exchange .INFO: AGD Exchange Request [] []
[2018-09-18 12:18:41]  mm exchange .INFO: UAB Exchange Request [] []
[2018-09-18 12:19:49]  mm exchange .INFO: KBZ Exchange Request [] []
[2018-09-18 12:19:49]  mm exchange .INFO: AYa Exchange Request [] []
[2018-09-18 12:19:50]  mm exchange .INFO: CB Exchange Request [] []
[2018-09-18 12:19:51]  mm exchange .INFO: MOB Exchange Request [] []
[2018-09-18 12:19:52]  mm exchange .INFO: AGD Exchange Request [] []
[2018-09-18 12:19:55]  mm exchange .INFO: UAB Exchange Request [] []
[2018-09-18 12:20:53]  mm exchange .INFO: KBZ Exchange Request [] []
[2018-09-18 12:20:53]  mm exchange .INFO: AYa Exchange Request [] []
[2018-09-18 12:20:53]  mm exchange .INFO: CB Exchange Request [] []
[2018-09-18 12:20:54]  mm exchange .INFO: MOB Exchange Request [] []
[2018-09-18 12:20:54]  mm exchange .INFO: AGD Exchange Request [] []
[2018-09-18 12:20:55]  mm exchange .INFO: UAB Exchange Request [] []
[2018-09-18 12:21:08]  mm exchange .INFO: KBZ Exchange Request [] []
[2018-09-18 12:21:08]  mm exchange .INFO: AYa Exchange Request [] []
[2018-09-18 12:21:09]  mm exchange .INFO: CB Exchange Request [] []
[2018-09-18 12:21:09]  mm exchange .INFO: MOB Exchange Request [] []
[2018-09-18 12:21:10]  mm exchange .INFO: AGD Exchange Request [] []
[2018-09-18 12:21:10]  mm exchange .INFO: UAB Exchange Request [] []
[2018-09-18 12:26:10]  mm exchange .INFO: KBZ Exchange Request [] []
[2018-09-18 12:26:10]  mm exchange .INFO: AYa Exchange Request [] []
[2018-09-18 12:26:11]  mm exchange .INFO: CB Exchange Request [] []
[2018-09-18 12:26:11]  mm exchange .INFO: MOB Exchange Request [] []
[2018-09-18 12:26:11]  mm exchange .INFO: AGD Exchange Request [] []
[2018-09-18 12:26:12]  mm exchange .INFO: UAB Exchange Request [] []
[2018-09-18 12:32:10]  mm exchange .INFO: KBZ Exchange Request [] []
[2018-09-18 12:32:11]  mm exchange .INFO: AYa Exchange Request [] []
[2018-09-18 12:32:11]  mm exchange .INFO: CB Exchange Request [] []
[2018-09-18 12:32:11]  mm exchange .INFO: MOB Exchange Request [] []
[2018-09-18 12:32:12]  mm exchange .INFO: AGD Exchange Request [] []
[2018-09-18 12:32:12]  mm exchange .INFO: UAB Exchange Request [] []
[2018-09-18 12:32:26]  mm exchange .INFO: KBZ Exchange Request [] []
[2018-09-18 12:32:26]  mm exchange .INFO: AYa Exchange Request [] []
[2018-09-18 12:32:27]  mm exchange .INFO: CB Exchange Request [] []
[2018-09-18 12:32:27]  mm exchange .INFO: MOB Exchange Request [] []
[2018-09-18 12:32:28]  mm exchange .INFO: AGD Exchange Request [] []
[2018-09-18 12:32:29]  mm exchange .INFO: UAB Exchange Request [] []
[2018-09-18 12:32:40]  mm exchange .INFO: KBZ Exchange Request [] []
[2018-09-18 12:32:40]  mm exchange .INFO: AYa Exchange Request [] []
[2018-09-18 12:32:40]  mm exchange .INFO: CB Exchange Request [] []
[2018-09-18 12:32:41]  mm exchange .INFO: MOB Exchange Request [] []
[2018-09-18 12:32:41]  mm exchange .INFO: AGD Exchange Request [] []
[2018-09-18 12:32:42]  mm exchange .INFO: UAB Exchange Request [] []
[2018-09-18 12:53:15]  mm exchange .INFO: API Home url request [] []
[2018-09-18 12:53:40]  mm exchange .INFO: CB Exchange Request [] []
[2018-09-18 13:06:41]  mm exchange .INFO: KBZ Exchange Request [] []
[2018-09-18 13:06:42]  mm exchange .INFO: AYa Exchange Request [] []
[2018-09-18 13:06:42]  mm exchange .INFO: CB Exchange Request [] []
[2018-09-18 13:06:43]  mm exchange .INFO: MOB Exchange Request [] []
[2018-09-18 13:06:43]  mm exchange .INFO: AGD Exchange Request [] []
[2018-09-18 13:06:44]  mm exchange .INFO: UAB Exchange Request [] []
[2018-09-18 13:19:37]  mm exchange .INFO: Home page request [] []
[2018-09-18 13:21:53]  mm exchange .INFO: Home page request [] []
[2018-09-18 13:27:58]  mm exchange .INFO: KBZ Exchange Request [] []
[2018-09-18 13:27:59]  mm exchange .INFO: AYa Exchange Request [] []
[2018-09-18 13:27:59]  mm exchange .INFO: CB Exchange Request [] []
[2018-09-18 13:28:00]  mm exchange .INFO: MOB Exchange Request [] []
[2018-09-18 13:28:00]  mm exchange .INFO: AGD Exchange Request [] []
[2018-09-18 13:28:00]  mm exchange .INFO: UAB Exchange Request [] []
[2018-09-18 13:29:08]  mm exchange .INFO: KBZ Exchange Request [] []
[2018-09-18 13:29:09]  mm exchange .INFO: AYa Exchange Request [] []
[2018-09-18 13:29:09]  mm exchange .INFO: CB Exchange Request [] []
[2018-09-18 13:29:09]  mm exchange .INFO: MOB Exchange Request [] []
[2018-09-18 13:29:10]  mm exchange .INFO: AGD Exchange Request [] []
[2018-09-18 13:29:10]  mm exchange .INFO: UAB Exchange Request [] []
[2018-09-18 14:08:34]  mm exchange .INFO: KBZ Exchange Request [] []
[2018-09-18 14:08:34]  mm exchange .INFO: AYa Exchange Request [] []
[2018-09-18 14:08:34]  mm exchange .INFO: CB Exchange Request [] []
[2018-09-18 14:08:35]  mm exchange .INFO: MOB Exchange Request [] []
[2018-09-18 14:08:35]  mm exchange .INFO: AGD Exchange Request [] []
[2018-09-18 14:08:36]  mm exchange .INFO: UAB Exchange Request [] []
[2018-09-18 14:09:05]  mm exchange .INFO: KBZ Exchange Request [] []
[2018-09-18 14:09:05]  mm exchange .INFO: AYa Exchange Request [] []
[2018-09-18 14:09:06]  mm exchange .INFO: CB Exchange Request [] []
[2018-09-18 14:09:06]  mm exchange .INFO: MOB Exchange Request [] []
[2018-09-18 14:09:07]  mm exchange .INFO: AGD Exchange Request [] []
[2018-09-18 14:09:07]  mm exchange .INFO: UAB Exchange Request [] []
[2018-09-18 14:17:38]  mm exchange .INFO: Home page request [] []
[2018-09-18 15:02:00]  mm exchange .INFO: Home page request [] []
[2018-09-18 18:01:29]  mm exchange .INFO: API Home url request [] []
[2018-09-18 18:01:57]  mm exchange .INFO: KBZ Exchange Request [] []
[2018-09-18 18:02:56]  mm exchange .INFO: API Home url request [] []
[2018-09-18 18:02:58]  mm exchange .INFO: API Home url request [] []
[2018-09-18 18:02:58]  mm exchange .INFO: Home page request [] []
[2018-09-18 18:02:59]  mm exchange .INFO: Home page request [] []
[2018-09-18 18:07:05]  mm exchange .INFO: UAB Exchange Request [] []
[2018-09-18 18:24:08]  mm exchange .INFO: UAB Exchange Request [] []
[2018-09-18 18:24:27]  mm exchange .INFO: UAB Exchange Request [] []
[2018-09-18 18:25:34]  mm exchange .INFO: UAB Exchange Request [] []
