[2018-09-14 00:11:50]  mm exchange .INFO: API Home url request [] []
[2018-09-14 00:12:25]  mm exchange .INFO: KBZ Exchange Request [] []
[2018-09-14 00:29:34]  mm exchange .INFO: Home page request [] []
[2018-09-14 00:30:08]  mm exchange .INFO: API Home url request [] []
[2018-09-14 00:30:16]  mm exchange .INFO: AYa Exchange Request [] []
[2018-09-14 01:24:50]  mm exchange .INFO: Home page request [] []
[2018-09-14 01:24:55]  mm exchange .INFO: Home page request [] []
[2018-09-14 01:38:04]  mm exchange .INFO: API Home url request [] []
[2018-09-14 01:58:15]  mm exchange .INFO: Home page request [] []
[2018-09-14 01:58:30]  mm exchange .ERROR: Unknow url /mmexchange/resources/js/popper.min.js.map [] []
[2018-09-14 01:58:30]  mm exchange .ERROR: Unknow url /mmexchange/resources/css/bootstrap.min.css.map [] []
[2018-09-14 01:58:37]  mm exchange .INFO: Home page request [] []
[2018-09-14 01:58:37]  mm exchange .ERROR: Unknow url /mmexchange/resources/css/bootstrap.min.css.map [] []
[2018-09-14 01:58:37]  mm exchange .ERROR: Unknow url /mmexchange/resources/js/popper.min.js.map [] []
[2018-09-14 02:01:39]  mm exchange .INFO: API Home url request [] []
[2018-09-14 02:01:51]  mm exchange .INFO: KBZ Exchange Request [] []
[2018-09-14 02:02:03]  mm exchange .INFO: AYa Exchange Request [] []
[2018-09-14 02:02:27]  mm exchange .INFO: API Home url request [] []
[2018-09-14 02:03:25]  mm exchange .ERROR: Unknow url /mmexchange/resources/js/popper.min.js.map [] []
[2018-09-14 02:03:25]  mm exchange .ERROR: Unknow url /mmexchange/resources/css/bootstrap.min.css.map [] []
[2018-09-14 02:03:32]  mm exchange .INFO: Home page request [] []
[2018-09-14 02:03:34]  mm exchange .ERROR: Unknow url /mmexchange/resources/js/popper.min.js.map [] []
[2018-09-14 02:03:34]  mm exchange .ERROR: Unknow url /mmexchange/resources/css/bootstrap.min.css.map [] []
[2018-09-14 02:06:30]  mm exchange .ERROR: Unknow url /mmexchange/resources/js/popper.min.js.map [] []
[2018-09-14 02:06:30]  mm exchange .ERROR: Unknow url /mmexchange/resources/css/bootstrap.min.css.map [] []
[2018-09-14 02:06:34]  mm exchange .INFO: API Home url request [] []
[2018-09-14 02:06:34]  mm exchange .ERROR: Unknow url /mmexchange/resources/css/bootstrap.min.css.map [] []
[2018-09-14 02:06:34]  mm exchange .ERROR: Unknow url /mmexchange/resources/js/popper.min.js.map [] []
[2018-09-14 02:06:57]  mm exchange .INFO: Home page request [] []
[2018-09-14 02:07:21]  mm exchange .INFO: UAB Exchange Request [] []
[2018-09-14 02:07:35]  mm exchange .INFO: AGD Exchange Request [] []
[2018-09-14 02:23:29]  mm exchange .INFO: Home page request [] []
[2018-09-14 02:24:52]  mm exchange .INFO: Home page request [] []
[2018-09-14 02:36:15]  mm exchange .INFO: Home page request [] []
[2018-09-14 02:41:31]  mm exchange .INFO: Home page request [] []
[2018-09-14 02:53:29]  mm exchange .INFO: Home page request [] []
[2018-09-14 02:53:40]  mm exchange .INFO: API Home url request [] []
[2018-09-14 02:53:48]  mm exchange .INFO: AYa Exchange Request [] []
[2018-09-14 03:02:04]  mm exchange .INFO: API Home url request [] []
[2018-09-14 03:02:26]  mm exchange .INFO: AGD Exchange Request [] []
[2018-09-14 03:41:33]  mm exchange .INFO: Home page request [] []
[2018-09-14 03:41:34]  mm exchange .INFO: API Home url request [] []
[2018-09-14 03:59:52]  mm exchange .INFO: Home page request [] []
[2018-09-14 04:00:36]  mm exchange .INFO: Home page request [] []
[2018-09-14 04:03:22]  mm exchange .INFO: Home page request [] []
[2018-09-14 04:16:00]  mm exchange .INFO: Home page request [] []
[2018-09-14 04:42:00]  mm exchange .INFO: API Home url request [] []
[2018-09-14 04:42:12]  mm exchange .INFO: Home page request [] []
[2018-09-14 04:48:46]  mm exchange .INFO: Home page request [] []
[2018-09-14 04:52:34]  mm exchange .INFO: API Home url request [] []
[2018-09-14 04:52:55]  mm exchange .INFO: UAB Exchange Request [] []
[2018-09-14 04:53:02]  mm exchange .INFO: KBZ Exchange Request [] []
[2018-09-14 04:53:18]  mm exchange .INFO: KBZ Exchange Request [] []
[2018-09-14 04:53:20]  mm exchange .INFO: KBZ Exchange Request [] []
[2018-09-14 04:53:20]  mm exchange .INFO: KBZ Exchange Request [] []
[2018-09-14 04:53:20]  mm exchange .INFO: KBZ Exchange Request [] []
[2018-09-14 04:53:30]  mm exchange .INFO: AYa Exchange Request [] []
[2018-09-14 04:53:31]  mm exchange .INFO: AYa Exchange Request [] []
[2018-09-14 04:53:31]  mm exchange .INFO: AYa Exchange Request [] []
[2018-09-14 04:53:31]  mm exchange .INFO: AYa Exchange Request [] []
[2018-09-14 04:53:39]  mm exchange .INFO: CB Exchange Request [] []
[2018-09-14 04:53:40]  mm exchange .INFO: CB Exchange Request [] []
[2018-09-14 04:53:41]  mm exchange .INFO: CB Exchange Request [] []
[2018-09-14 04:53:43]  mm exchange .INFO: CB Exchange Request [] []
[2018-09-14 04:53:46]  mm exchange .INFO: MOB Exchange Request [] []
[2018-09-14 04:53:46]  mm exchange .INFO: MOB Exchange Request [] []
[2018-09-14 04:53:48]  mm exchange .INFO: MOB Exchange Request [] []
[2018-09-14 04:53:49]  mm exchange .INFO: MOB Exchange Request [] []
[2018-09-14 04:53:50]  mm exchange .INFO: KBZ Exchange Request [] []
[2018-09-14 04:53:53]  mm exchange .INFO: AGD Exchange Request [] []
[2018-09-14 04:53:53]  mm exchange .INFO: AGD Exchange Request [] []
[2018-09-14 04:53:54]  mm exchange .INFO: AGD Exchange Request [] []
[2018-09-14 04:53:55]  mm exchange .INFO: AGD Exchange Request [] []
[2018-09-14 04:54:00]  mm exchange .INFO: UAB Exchange Request [] []
[2018-09-14 04:54:00]  mm exchange .INFO: UAB Exchange Request [] []
[2018-09-14 04:54:01]  mm exchange .INFO: UAB Exchange Request [] []
[2018-09-14 04:54:01]  mm exchange .INFO: UAB Exchange Request [] []
[2018-09-14 04:54:54]  mm exchange .INFO: AYa Exchange Request [] []
[2018-09-14 04:55:15]  mm exchange .INFO: KBZ Exchange Request [] []
[2018-09-14 05:43:36]  mm exchange .INFO: Home page request [] []
[2018-09-14 05:43:56]  mm exchange .INFO: API Home url request [] []
[2018-09-14 05:44:04]  mm exchange .INFO: KBZ Exchange Request [] []
[2018-09-14 05:46:49]  mm exchange .INFO: API Home url request [] []
[2018-09-14 05:47:07]  mm exchange .INFO: KBZ Exchange Request [] []
[2018-09-14 05:47:22]  mm exchange .INFO: KBZ Exchange Request [] []
[2018-09-14 05:47:34]  mm exchange .INFO: Home page request [] []
[2018-09-14 05:47:58]  mm exchange .INFO: Home page request [] []
[2018-09-14 05:49:03]  mm exchange .INFO: API Home url request [] []
[2018-09-14 05:49:45]  mm exchange .INFO: AYa Exchange Request [] []
[2018-09-14 05:50:05]  mm exchange .INFO: Home page request [] []
[2018-09-14 05:55:03]  mm exchange .ERROR: Unknow url /mmexchange/ag. [] []
[2018-09-14 05:55:05]  mm exchange .ERROR: Unknow url /mmexchange/ag. [] []
[2018-09-14 05:55:05]  mm exchange .ERROR: Unknow url /mmexchange/ag. [] []
[2018-09-14 05:57:12]  mm exchange .INFO: Home page request [] []
[2018-09-14 05:57:38]  mm exchange .INFO: Home page request [] []
[2018-09-14 05:58:08]  mm exchange .INFO: Home page request [] []
[2018-09-14 05:58:34]  mm exchange .INFO: Home page request [] []
[2018-09-14 05:59:05]  mm exchange .INFO: Home page request [] []
[2018-09-14 06:00:09]  mm exchange .INFO: Home page request [] []
[2018-09-14 06:01:45]  mm exchange .INFO: API Home url request [] []
[2018-09-14 06:02:38]  mm exchange .INFO: KBZ Exchange Request [] []
[2018-09-14 06:02:51]  mm exchange .INFO: Home page request [] []
[2018-09-14 06:03:03]  mm exchange .INFO: Home page request [] []
[2018-09-14 06:05:45]  mm exchange .INFO: Home page request [] []
[2018-09-14 06:06:59]  mm exchange .INFO: Home page request [] []
[2018-09-14 06:24:28]  mm exchange .INFO: API Home url request [] []
[2018-09-14 06:26:15]  mm exchange .INFO: Home page request [] []
[2018-09-14 06:42:47]  mm exchange .INFO: KBZ Exchange Request [] []
[2018-09-14 06:44:47]  mm exchange .INFO: Home page request [] []
[2018-09-14 08:20:10]  mm exchange .INFO: API Home url request [] []
[2018-09-14 08:20:19]  mm exchange .INFO: KBZ Exchange Request [] []
[2018-09-14 08:20:31]  mm exchange .INFO: AYa Exchange Request [] []
[2018-09-14 08:20:42]  mm exchange .INFO: API Home url request [] []
[2018-09-14 08:21:02]  mm exchange .INFO: KBZ Exchange Request [] []
[2018-09-14 08:21:07]  mm exchange .INFO: Home page request [] []
[2018-09-14 08:22:28]  mm exchange .INFO: API Home url request [] []
[2018-09-14 08:22:37]  mm exchange .INFO: AYa Exchange Request [] []
[2018-09-14 08:22:43]  mm exchange .INFO: CB Exchange Request [] []
[2018-09-14 08:22:50]  mm exchange .INFO: UAB Exchange Request [] []
[2018-09-14 08:28:55]  mm exchange .INFO: Home page request [] []
[2018-09-14 08:34:32]  mm exchange .INFO: API Home url request [] []
[2018-09-14 08:36:27]  mm exchange .INFO: KBZ Exchange Request [] []
[2018-09-14 08:37:22]  mm exchange .INFO: UAB Exchange Request [] []
[2018-09-14 09:46:17]  mm exchange .INFO: API Home url request [] []
[2018-09-14 10:20:02]  mm exchange .INFO: Home page request [] []
[2018-09-14 10:20:30]  mm exchange .INFO: API Home url request [] []
[2018-09-14 12:45:22]  mm exchange .INFO: API Home url request [] []
[2018-09-14 12:45:39]  mm exchange .INFO: KBZ Exchange Request [] []
[2018-09-14 12:47:37]  mm exchange .INFO: Home page request [] []
[2018-09-14 12:47:58]  mm exchange .INFO: API Home url request [] []
[2018-09-14 13:36:29]  mm exchange .INFO: API Home url request [] []
[2018-09-14 13:36:46]  mm exchange .INFO: KBZ Exchange Request [] []
[2018-09-14 13:36:53]  mm exchange .INFO: KBZ Exchange Request [] []
[2018-09-14 13:45:33]  mm exchange .INFO: API Home url request [] []
[2018-09-14 13:45:52]  mm exchange .INFO: KBZ Exchange Request [] []
[2018-09-14 13:51:22]  mm exchange .INFO: AYa Exchange Request [] []
[2018-09-14 13:54:42]  mm exchange .INFO: API Home url request [] []
[2018-09-14 13:56:48]  mm exchange .INFO: CB Exchange Request [] []
[2018-09-14 13:57:02]  mm exchange .INFO: MOB Exchange Request [] []
[2018-09-14 14:11:57]  mm exchange .INFO: API Home url request [] []
[2018-09-14 14:12:11]  mm exchange .INFO: KBZ Exchange Request [] []
[2018-09-14 14:13:16]  mm exchange .INFO: AYa Exchange Request [] []
[2018-09-14 14:13:55]  mm exchange .INFO: AGD Exchange Request [] []
[2018-09-14 14:14:14]  mm exchange .INFO: CB Exchange Request [] []
[2018-09-14 14:14:55]  mm exchange .INFO: MOB Exchange Request [] []
[2018-09-14 14:47:50]  mm exchange .INFO: Home page request [] []
[2018-09-14 15:33:43]  mm exchange .INFO: API Home url request [] []
[2018-09-14 15:36:31]  mm exchange .INFO: API Home url request [] []
[2018-09-14 16:11:54]  mm exchange .INFO: API Home url request [] []
[2018-09-14 16:42:43]  mm exchange .INFO: API Home url request [] []
[2018-09-14 16:43:32]  mm exchange .INFO: KBZ Exchange Request [] []
[2018-09-14 19:12:20]  mm exchange .INFO: Home page request [] []
