[2018-10-15 01:36:10]  mm exchange .INFO: Home page request [] []
[2018-10-15 02:14:03]  mm exchange .INFO: API Home url request [] []
[2018-10-15 04:00:32]  mm exchange .INFO: Home page request [] []
[2018-10-15 04:41:17]  mm exchange .INFO: Home page request [] []
[2018-10-15 05:02:59]  mm exchange .INFO: Home page request [] []
[2018-10-15 05:03:10]  mm exchange .INFO: Home page request [] []
[2018-10-15 05:10:32]  mm exchange .INFO: Home page request [] []
[2018-10-15 05:40:30]  mm exchange .INFO: Home page request [] []
[2018-10-15 06:17:05]  mm exchange .INFO: Home page request [] []
[2018-10-15 06:55:12]  mm exchange .INFO: Home page request [] []
[2018-10-15 06:56:17]  mm exchange .INFO: Home page request [] []
[2018-10-15 06:56:58]  mm exchange .INFO: Home page request [] []
[2018-10-15 06:59:20]  mm exchange .INFO: Home page request [] []
[2018-10-15 07:00:03]  mm exchange .INFO: API Home url request [] []
[2018-10-15 07:00:43]  mm exchange .INFO: UAB Exchange Request [] []
[2018-10-15 07:08:14]  mm exchange .INFO: Home page request [] []
[2018-10-15 07:10:38]  mm exchange .INFO: Home page request [] []
[2018-10-15 07:10:45]  mm exchange .INFO: Home page request [] []
[2018-10-15 07:19:44]  mm exchange .INFO: Home page request [] []
[2018-10-15 07:25:01]  mm exchange .INFO: Home page request [] []
[2018-10-15 07:58:02]  mm exchange .INFO: Home page request [] []
[2018-10-15 08:18:54]  mm exchange .INFO: Home page request [] []
[2018-10-15 08:20:57]  mm exchange .INFO: Home page request {"fbclid":"IwAR2P2V1BzkYyPzT385K3iiUeQqZQgSTQcFJ2EKQtte28-UyGhyhAa-W2cMs"} []
[2018-10-15 08:37:22]  mm exchange .INFO: Home page request [] []
[2018-10-15 10:20:08]  mm exchange .INFO: Home page request [] []
[2018-10-15 11:07:23]  mm exchange .INFO: Home page request [] []
[2018-10-15 11:07:40]  mm exchange .INFO: Home page request [] []
[2018-10-15 11:55:37]  mm exchange .INFO: Home page request [] []
[2018-10-15 12:14:24]  mm exchange .INFO: Home page request [] []
[2018-10-15 12:16:42]  mm exchange .INFO: Home page request [] []
[2018-10-15 13:02:37]  mm exchange .INFO: Home page request [] []
[2018-10-15 14:09:24]  mm exchange .INFO: Home page request [] []
[2018-10-15 14:10:54]  mm exchange .INFO: Home page request [] []
[2018-10-15 14:24:22]  mm exchange .INFO: Home page request [] []
[2018-10-15 15:31:52]  mm exchange .INFO: Home page request [] []
[2018-10-15 15:32:46]  mm exchange .INFO: API Home url request [] []
[2018-10-15 15:32:53]  mm exchange .INFO: KBZ Exchange Request [] []
[2018-10-15 16:08:39]  mm exchange .INFO: Home page request [] []
[2018-10-15 17:25:02]  mm exchange .INFO: Home page request [] []
