[2019-01-30 03:10:26]  mm exchange .INFO: KBZ Exchange Request [] []
[2019-01-30 03:10:32]  mm exchange .INFO: AYa Exchange Request [] []
[2019-01-30 03:10:42]  mm exchange .INFO: CB Exchange Request [] []
[2019-01-30 03:11:02]  mm exchange .INFO: AGD Exchange Request [] []
[2019-01-30 03:11:06]  mm exchange .INFO: UAB Exchange Request [] []
[2019-01-30 03:11:10]  mm exchange .INFO: MOB Exchange Request [] []
[2019-01-30 03:11:13]  mm exchange .INFO: KBZ Exchange Request [] []
[2019-01-30 03:11:32]  mm exchange .INFO: AYa Exchange Request [] []
[2019-01-30 03:11:35]  mm exchange .INFO: CB Exchange Request [] []
[2019-01-30 03:11:47]  mm exchange .INFO: KBZ Exchange Request [] []
[2019-01-30 03:12:01]  mm exchange .INFO: AGD Exchange Request [] []
[2019-01-30 03:12:08]  mm exchange .INFO: MOB Exchange Request [] []
[2019-01-30 03:12:12]  mm exchange .INFO: KBZ Exchange Request [] []
[2019-01-30 03:12:43]  mm exchange .INFO: CB Exchange Request [] []
[2019-01-30 03:12:46]  mm exchange .INFO: AYa Exchange Request [] []
[2019-01-30 03:12:50]  mm exchange .INFO: MOB Exchange Request [] []
[2019-01-30 03:12:53]  mm exchange .INFO: UAB Exchange Request [] []
[2019-01-30 03:12:56]  mm exchange .INFO: AGD Exchange Request [] []
[2019-01-30 03:13:15]  mm exchange .INFO: KBZ Exchange Request [] []
[2019-01-30 03:13:17]  mm exchange .INFO: AGD Exchange Request [] []
[2019-01-30 03:13:21]  mm exchange .INFO: UAB Exchange Request [] []
[2019-01-30 03:45:41]  mm exchange .INFO: KBZ Exchange Request [] []
[2019-01-30 03:45:47]  mm exchange .INFO: AGD Exchange Request [] []
[2019-01-30 03:45:53]  mm exchange .INFO: AYa Exchange Request [] []
[2019-01-30 03:46:00]  mm exchange .INFO: CB Exchange Request [] []
[2019-01-30 03:46:05]  mm exchange .INFO: UAB Exchange Request [] []
[2019-01-30 03:46:13]  mm exchange .INFO: MOB Exchange Request [] []
[2019-01-30 03:47:24]  mm exchange .INFO: KBZ Exchange Request [] []
[2019-01-30 03:47:29]  mm exchange .INFO: CB Exchange Request [] []
[2019-01-30 03:47:33]  mm exchange .INFO: AGD Exchange Request [] []
[2019-01-30 03:47:37]  mm exchange .INFO: AYa Exchange Request [] []
[2019-01-30 03:47:40]  mm exchange .INFO: MOB Exchange Request [] []
[2019-01-30 03:47:42]  mm exchange .INFO: UAB Exchange Request [] []
[2019-01-30 03:47:50]  mm exchange .INFO: KBZ Exchange Request [] []
[2019-01-30 03:50:22]  mm exchange .INFO: CB Exchange Request [] []
[2019-01-30 04:26:57]  mm exchange .INFO: KBZ Exchange Request [] []
[2019-01-30 04:27:02]  mm exchange .INFO: AYa Exchange Request [] []
[2019-01-30 04:27:07]  mm exchange .INFO: AGD Exchange Request [] []
[2019-01-30 04:27:11]  mm exchange .INFO: CB Exchange Request [] []
[2019-01-30 04:27:18]  mm exchange .INFO: UAB Exchange Request [] []
[2019-01-30 04:27:23]  mm exchange .INFO: MOB Exchange Request [] []
[2019-01-30 05:32:33]  mm exchange .INFO: Home page request [] []
[2019-01-30 06:23:02]  mm exchange .INFO: Home page request {"fbclid":"IwAR1GCSdHn_KncE6H1LrJYHbHs64hz5ff4X4b3bhh4Md-RBZPX_-CQWI5Mik"} []
[2019-01-30 09:14:49]  mm exchange .INFO: KBZ Exchange Request [] []
[2019-01-30 10:44:32]  mm exchange .INFO: Home page request [] []
[2019-01-30 14:29:32]  mm exchange .INFO: API Home url request [] []
[2019-01-30 14:30:11]  mm exchange .INFO: KBZ Exchange Request [] []
