[2018-10-19 03:07:57]  mm exchange .INFO: Home page request [] []
[2018-10-19 04:13:14]  mm exchange .INFO: KBZ Exchange Request [] []
[2018-10-19 04:13:20]  mm exchange .INFO: AYa Exchange Request [] []
[2018-10-19 04:13:38]  mm exchange .INFO: AGD Exchange Request [] []
[2018-10-19 04:13:43]  mm exchange .INFO: CB Exchange Request [] []
[2018-10-19 04:13:52]  mm exchange .INFO: UAB Exchange Request [] []
[2018-10-19 04:13:57]  mm exchange .INFO: MOB Exchange Request [] []
[2018-10-19 04:14:29]  mm exchange .INFO: MOB Exchange Request [] []
[2018-10-19 05:05:28]  mm exchange .INFO: Home page request [] []
[2018-10-19 05:05:48]  mm exchange .INFO: Home page request [] []
[2018-10-19 05:09:16]  mm exchange .INFO: Home page request [] []
[2018-10-19 05:09:29]  mm exchange .INFO: Home page request [] []
[2018-10-19 06:56:37]  mm exchange .INFO: Home page request [] []
[2018-10-19 06:57:27]  mm exchange .INFO: Home page request [] []
[2018-10-19 07:27:44]  mm exchange .INFO: Home page request [] []
[2018-10-19 07:27:45]  mm exchange .INFO: Home page request [] []
[2018-10-19 08:12:07]  mm exchange .INFO: Home page request [] []
[2018-10-19 08:17:50]  mm exchange .INFO: Home page request [] []
[2018-10-19 08:22:11]  mm exchange .INFO: KBZ Exchange Request [] []
[2018-10-19 08:22:16]  mm exchange .INFO: AYa Exchange Request [] []
[2018-10-19 08:22:20]  mm exchange .INFO: AGD Exchange Request [] []
[2018-10-19 08:22:24]  mm exchange .INFO: CB Exchange Request [] []
[2018-10-19 08:22:28]  mm exchange .INFO: UAB Exchange Request [] []
[2018-10-19 08:22:34]  mm exchange .INFO: MOB Exchange Request [] []
[2018-10-19 12:44:02]  mm exchange .INFO: Home page request [] []
