[2018-11-19 02:58:34]  mm exchange .INFO: Home page request [] []
[2018-11-19 02:59:04]  mm exchange .INFO: API Home url request [] []
[2018-11-19 02:59:16]  mm exchange .INFO: UAB Exchange Request [] []
[2018-11-19 02:59:54]  mm exchange .INFO: API Home url request [] []
[2018-11-19 03:00:04]  mm exchange .INFO: MOB Exchange Request [] []
[2018-11-19 03:00:48]  mm exchange .INFO: API Home url request [] []
[2018-11-19 03:00:52]  mm exchange .INFO: UAB Exchange Request [] []
[2018-11-19 03:03:12]  mm exchange .INFO: Home page request [] []
[2018-11-19 03:04:08]  mm exchange .INFO: API Home url request [] []
[2018-11-19 03:04:15]  mm exchange .INFO: MOB Exchange Request [] []
[2018-11-19 03:04:17]  mm exchange .INFO: MOB Exchange Request [] []
[2018-11-19 03:04:29]  mm exchange .INFO: API Home url request [] []
[2018-11-19 03:04:35]  mm exchange .INFO: UAB Exchange Request [] []
[2018-11-19 04:42:05]  mm exchange .INFO: Home page request {"fbclid":"IwAR34Qawl05TuoRRXuR_7jYS6vN3pxbqrnyl5Wi7IU6zdL1M4CHe4chfsxUU"} []
[2018-11-19 04:43:26]  mm exchange .INFO: API Home url request {"fbclid":"IwAR1ltwxTkATLGZevvi8FUW7_JdbYlIbqc5wz2n17SZnBGRcgRQRQ7nK7MBk"} []
[2018-11-19 04:43:32]  mm exchange .INFO: AYa Exchange Request [] []
[2018-11-19 05:01:56]  mm exchange .INFO: Home page request [] []
[2018-11-19 07:41:58]  mm exchange .INFO: KBZ Exchange Request [] []
[2018-11-19 07:42:10]  mm exchange .INFO: AYa Exchange Request [] []
[2018-11-19 07:42:16]  mm exchange .INFO: AGD Exchange Request [] []
[2018-11-19 07:42:20]  mm exchange .INFO: CB Exchange Request [] []
[2018-11-19 07:42:24]  mm exchange .INFO: UAB Exchange Request [] []
[2018-11-19 07:42:29]  mm exchange .INFO: MOB Exchange Request [] []
[2018-11-19 10:23:41]  mm exchange .INFO: KBZ Exchange Request [] []
[2018-11-19 10:23:53]  mm exchange .INFO: AYa Exchange Request [] []
[2018-11-19 10:23:59]  mm exchange .INFO: AGD Exchange Request [] []
[2018-11-19 10:24:04]  mm exchange .INFO: CB Exchange Request [] []
[2018-11-19 10:24:08]  mm exchange .INFO: UAB Exchange Request [] []
[2018-11-19 10:24:14]  mm exchange .INFO: MOB Exchange Request [] []
