[2018-12-13 02:34:11]  mm exchange .INFO: Home page request [] []
[2018-12-13 02:47:44]  mm exchange .INFO: API Home url request {"fbclid":"IwAR3UIN6q93PUtV5IM9-XmiWhhQSEjNgyi7yuTO8q-6jnwAu5DB_AWpkMibM"} []
[2018-12-13 02:47:58]  mm exchange .INFO: Home page request {"fbclid":"IwAR3lvu0NZRJim6qPz288dYwq_N8zrRmOO_vY0dOVyF56XnF2VORHOTiS7ug"} []
[2018-12-13 02:48:36]  mm exchange .INFO: API Home url request {"fbclid":"IwAR3UIN6q93PUtV5IM9-XmiWhhQSEjNgyi7yuTO8q-6jnwAu5DB_AWpkMibM"} []
[2018-12-13 02:48:45]  mm exchange .INFO: KBZ Exchange Request [] []
[2018-12-13 02:49:01]  mm exchange .INFO: CB Exchange Request [] []
[2018-12-13 03:41:20]  mm exchange .INFO: Home page request [] []
[2018-12-13 03:41:26]  mm exchange .INFO: Home page request [] []
[2018-12-13 04:03:35]  mm exchange .INFO: KBZ Exchange Request [] []
[2018-12-13 04:03:40]  mm exchange .INFO: AYa Exchange Request [] []
[2018-12-13 04:03:44]  mm exchange .INFO: AGD Exchange Request [] []
[2018-12-13 04:03:47]  mm exchange .INFO: CB Exchange Request [] []
[2018-12-13 04:03:51]  mm exchange .INFO: UAB Exchange Request [] []
[2018-12-13 04:03:55]  mm exchange .INFO: MOB Exchange Request [] []
[2018-12-13 05:54:37]  mm exchange .INFO: Home page request [] []
[2018-12-13 05:58:18]  mm exchange .INFO: API Home url request [] []
[2018-12-13 05:58:39]  mm exchange .INFO: Home page request [] []
[2018-12-13 07:02:24]  mm exchange .INFO: KBZ Exchange Request [] []
[2018-12-13 07:02:25]  mm exchange .INFO: Home page request [] []
[2018-12-13 07:02:31]  mm exchange .INFO: AYa Exchange Request [] []
[2018-12-13 07:02:35]  mm exchange .INFO: AGD Exchange Request [] []
[2018-12-13 07:02:40]  mm exchange .INFO: CB Exchange Request [] []
[2018-12-13 07:02:45]  mm exchange .INFO: UAB Exchange Request [] []
[2018-12-13 07:02:50]  mm exchange .INFO: MOB Exchange Request [] []
[2018-12-13 07:11:29]  mm exchange .INFO: Home page request [] []
