[2018-10-08 02:12:31]  mm exchange .INFO: Home page request [] []
[2018-10-08 02:12:48]  mm exchange .INFO: API Home url request [] []
[2018-10-08 02:12:56]  mm exchange .INFO: AGD Exchange Request [] []
[2018-10-08 03:35:54]  mm exchange .INFO: KBZ Exchange Request [] []
[2018-10-08 03:36:00]  mm exchange .INFO: AYa Exchange Request [] []
[2018-10-08 03:36:06]  mm exchange .INFO: AGD Exchange Request [] []
[2018-10-08 03:36:38]  mm exchange .INFO: CB Exchange Request [] []
[2018-10-08 03:36:47]  mm exchange .INFO: UAB Exchange Request [] []
[2018-10-08 03:36:53]  mm exchange .INFO: MOB Exchange Request [] []
[2018-10-08 04:08:05]  mm exchange .INFO: Home page request [] []
[2018-10-08 05:42:16]  mm exchange .INFO: Home page request [] []
[2018-10-08 05:42:46]  mm exchange .INFO: API Home url request [] []
[2018-10-08 06:24:12]  mm exchange .INFO: Home page request [] []
[2018-10-08 06:54:11]  mm exchange .INFO: Home page request [] []
[2018-10-08 07:00:33]  mm exchange .INFO: Home page request [] []
[2018-10-08 07:00:33]  mm exchange .INFO: Home page request [] []
[2018-10-08 07:00:36]  mm exchange .INFO: Home page request [] []
[2018-10-08 07:01:29]  mm exchange .INFO: Home page request [] []
[2018-10-08 07:03:38]  mm exchange .INFO: Home page request [] []
[2018-10-08 07:17:54]  mm exchange .INFO: API Home url request [] []
[2018-10-08 07:18:36]  mm exchange .INFO: API Home url request [] []
[2018-10-08 07:37:17]  mm exchange .INFO: Home page request [] []
[2018-10-08 12:35:25]  mm exchange .INFO: Home page request [] []
[2018-10-08 12:41:03]  mm exchange .INFO: Home page request [] []
[2018-10-08 13:13:19]  mm exchange .INFO: Home page request [] []
[2018-10-08 17:20:23]  mm exchange .INFO: Home page request [] []
[2018-10-08 17:21:17]  mm exchange .INFO: Home page request [] []
[2018-10-08 17:25:15]  mm exchange .INFO: Home page request [] []
[2018-10-08 17:35:49]  mm exchange .INFO: Home page request [] []
[2018-10-08 17:35:58]  mm exchange .INFO: API Home url request [] []
[2018-10-08 17:36:06]  mm exchange .INFO: KBZ Exchange Request [] []
