[2018-12-19 01:20:53]  mm exchange .INFO: Home page request [] []
[2018-12-19 03:05:16]  mm exchange .INFO: KBZ Exchange Request [] []
[2018-12-19 03:05:20]  mm exchange .INFO: AYa Exchange Request [] []
[2018-12-19 03:05:24]  mm exchange .INFO: AGD Exchange Request [] []
[2018-12-19 03:05:27]  mm exchange .INFO: CB Exchange Request [] []
[2018-12-19 03:05:31]  mm exchange .INFO: UAB Exchange Request [] []
[2018-12-19 03:05:35]  mm exchange .INFO: MOB Exchange Request [] []
[2018-12-19 04:02:51]  mm exchange .INFO: KBZ Exchange Request [] []
[2018-12-19 04:02:56]  mm exchange .INFO: AYa Exchange Request [] []
[2018-12-19 04:02:59]  mm exchange .INFO: AGD Exchange Request [] []
[2018-12-19 04:03:03]  mm exchange .INFO: CB Exchange Request [] []
[2018-12-19 04:03:07]  mm exchange .INFO: UAB Exchange Request [] []
[2018-12-19 04:03:12]  mm exchange .INFO: MOB Exchange Request [] []
[2018-12-19 05:35:58]  mm exchange .INFO: Home page request [] []
[2018-12-19 06:53:19]  mm exchange .INFO: KBZ Exchange Request [] []
[2018-12-19 06:55:22]  mm exchange .INFO: Home page request [] []
[2018-12-19 06:56:50]  mm exchange .INFO: AYa Exchange Request [] []
[2018-12-19 07:18:16]  mm exchange .INFO: KBZ Exchange Request [] []
[2018-12-19 07:19:03]  mm exchange .INFO: KBZ Exchange Request [] []
[2018-12-19 07:23:55]  mm exchange .INFO: CB Exchange Request [] []
[2018-12-19 07:24:04]  mm exchange .INFO: CB Exchange Request [] []
[2018-12-19 07:25:47]  mm exchange .INFO: KBZ Exchange Request [] []
[2018-12-19 07:46:56]  mm exchange .INFO: Home page request {"fbclid":"IwAR3JOLNNCQdh0sE0IkOPjjc3eVbMp130-sE4quUyKpDY2K1Hvt9tp41riWo"} []
[2018-12-19 07:47:53]  mm exchange .INFO: Home page request {"fbclid":"IwAR3cSMnVwYlSuKSMLXcqCeeTl-GQ_9cLxASjXFeKbr3577FD-pQSmAZ758A"} []
[2018-12-19 07:48:45]  mm exchange .INFO: Home page request {"fbclid":"IwAR387S_1iUYJ318l2Wp1k_P3VZNyEzF2GZ7PyWOSkBSK8N60dcxtOCCuHZU"} []
[2018-12-19 07:49:37]  mm exchange .INFO: API Home url request [] []
[2018-12-19 08:11:19]  mm exchange .INFO: Home page request {"fbclid":"IwAR0n-PVf7gyJ3KXrMjZppLQ_2LK-QozZ8AnLrE1DqKXkyuX6nnh_rodE7AI"} []
[2018-12-19 08:11:37]  mm exchange .INFO: API Home url request {"fbclid":"IwAR1OINHejgg33sS3U42G0UD0Wp0CfmzKepObS1c4-sdWsQ_1UJWyZfSBluQ"} []
[2018-12-19 08:15:44]  mm exchange .INFO: AYa Exchange Request [] []
[2018-12-19 08:20:31]  mm exchange .INFO: Home page request {"fbclid":"IwAR3VWDoBJCSYhVHXio6_AMiTtHev4D94j1nIFj0nexMagxQnfX7Pm417wAU"} []
[2018-12-19 08:25:46]  mm exchange .INFO: MOB Exchange Request [] []
[2018-12-19 08:26:12]  mm exchange .INFO: MOB Exchange Request [] []
[2018-12-19 08:27:43]  mm exchange .INFO: KBZ Exchange Request [] []
[2018-12-19 08:28:05]  mm exchange .INFO: CB Exchange Request [] []
[2018-12-19 08:30:10]  mm exchange .INFO: Home page request {"fbclid":"IwAR2IuBQrroxcrd-A_16vf6F392LhI-cL1V9Pl94-0rEGm-GR45l9ZUS9wIw"} []
[2018-12-19 09:20:58]  mm exchange .INFO: CB Exchange Request [] []
[2018-12-19 11:35:00]  mm exchange .INFO: Home page request [] []
[2018-12-19 16:41:17]  mm exchange .INFO: KBZ Exchange Request [] []
[2018-12-19 16:41:23]  mm exchange .INFO: AYa Exchange Request [] []
[2018-12-19 16:41:28]  mm exchange .INFO: AGD Exchange Request [] []
[2018-12-19 16:41:33]  mm exchange .INFO: CB Exchange Request [] []
[2018-12-19 16:41:38]  mm exchange .INFO: UAB Exchange Request [] []
[2018-12-19 16:41:43]  mm exchange .INFO: MOB Exchange Request [] []
