[2019-01-11 03:26:52]  mm exchange .INFO: Home page request [] []
[2019-01-11 03:26:53]  mm exchange .INFO: Home page request [] []
[2019-01-11 03:28:37]  mm exchange .INFO: API Home url request [] []
[2019-01-11 03:28:44]  mm exchange .INFO: Home page request [] []
[2019-01-11 03:28:48]  mm exchange .INFO: Home page request [] []
[2019-01-11 03:28:56]  mm exchange .INFO: Home page request [] []
[2019-01-11 03:30:56]  mm exchange .INFO: Home page request [] []
[2019-01-11 03:31:44]  mm exchange .INFO: Home page request [] []
[2019-01-11 03:32:00]  mm exchange .INFO: Home page request [] []
[2019-01-11 03:33:19]  mm exchange .INFO: API Home url request [] []
[2019-01-11 03:33:31]  mm exchange .INFO: API Home url request [] []
[2019-01-11 03:33:36]  mm exchange .INFO: KBZ Exchange Request [] []
[2019-01-11 03:34:28]  mm exchange .INFO: Home page request [] []
[2019-01-11 03:34:45]  mm exchange .INFO: API Home url request [] []
[2019-01-11 03:35:42]  mm exchange .INFO: Home page request [] []
[2019-01-11 03:35:57]  mm exchange .INFO: API Home url request [] []
[2019-01-11 03:36:08]  mm exchange .INFO: CB Exchange Request [] []
[2019-01-11 03:36:08]  mm exchange .INFO: API Home url request [] []
[2019-01-11 03:36:32]  mm exchange .INFO: KBZ Exchange Request [] []
[2019-01-11 03:36:38]  mm exchange .INFO: Home page request [] []
[2019-01-11 03:40:19]  mm exchange .INFO: Home page request [] []
[2019-01-11 03:40:56]  mm exchange .INFO: Home page request [] []
[2019-01-11 03:41:08]  mm exchange .INFO: API Home url request [] []
[2019-01-11 03:41:23]  mm exchange .INFO: API Home url request [] []
[2019-01-11 03:42:18]  mm exchange .INFO: API Home url request [] []
[2019-01-11 03:42:50]  mm exchange .INFO: AYa Exchange Request [] []
[2019-01-11 03:45:20]  mm exchange .INFO: Home page request [] []
[2019-01-11 03:48:34]  mm exchange .INFO: Home page request [] []
[2019-01-11 03:49:32]  mm exchange .INFO: API Home url request [] []
[2019-01-11 03:49:49]  mm exchange .INFO: Home page request [] []
[2019-01-11 03:50:05]  mm exchange .INFO: API Home url request [] []
[2019-01-11 03:55:07]  mm exchange .INFO: Home page request [] []
[2019-01-11 03:55:29]  mm exchange .INFO: API Home url request [] []
[2019-01-11 03:56:29]  mm exchange .INFO: Home page request [] []
[2019-01-11 03:57:29]  mm exchange .INFO: Home page request [] []
[2019-01-11 03:57:35]  mm exchange .INFO: Home page request [] []
[2019-01-11 04:08:25]  mm exchange .INFO: Home page request [] []
[2019-01-11 04:10:08]  mm exchange .INFO: Home page request [] []
[2019-01-11 04:10:13]  mm exchange .INFO: API Home url request [] []
[2019-01-11 04:10:28]  mm exchange .INFO: Home page request [] []
[2019-01-11 04:11:36]  mm exchange .INFO: API Home url request [] []
[2019-01-11 04:17:18]  mm exchange .INFO: Home page request [] []
[2019-01-11 04:17:28]  mm exchange .INFO: API Home url request [] []
[2019-01-11 04:23:14]  mm exchange .INFO: Home page request [] []
[2019-01-11 04:26:47]  mm exchange .INFO: API Home url request {"fbclid":"IwAR0v5vHTjQ-uiKZWKf7TAPAE4BEGW807aFaE9GPvhbdtx14_Q63X_j1M1wg"} []
[2019-01-11 04:27:02]  mm exchange .INFO: KBZ Exchange Request [] []
[2019-01-11 04:27:19]  mm exchange .INFO: UAB Exchange Request [] []
[2019-01-11 04:28:02]  mm exchange .INFO: Home page request {"fbclid":"IwAR1fbkkIbanahgsMdJ9bNNTo9GnaLDMpZeWCs5DvU8L1Q2AP5uf4nzNQFrI"} []
[2019-01-11 04:32:51]  mm exchange .INFO: API Home url request [] []
[2019-01-11 04:33:03]  mm exchange .INFO: Home page request [] []
[2019-01-11 04:44:08]  mm exchange .INFO: API Home url request [] []
[2019-01-11 04:54:14]  mm exchange .INFO: Home page request [] []
[2019-01-11 04:55:32]  mm exchange .INFO: API Home url request [] []
[2019-01-11 04:55:50]  mm exchange .INFO: Home page request [] []
[2019-01-11 04:56:25]  mm exchange .INFO: API Home url request [] []
[2019-01-11 04:56:31]  mm exchange .INFO: KBZ Exchange Request [] []
[2019-01-11 04:56:38]  mm exchange .INFO: KBZ Exchange Request [] []
[2019-01-11 04:56:58]  mm exchange .INFO: Home page request [] []
[2019-01-11 05:15:56]  mm exchange .INFO: KBZ Exchange Request [] []
[2019-01-11 05:16:08]  mm exchange .INFO: MOB Exchange Request [] []
[2019-01-11 05:18:13]  mm exchange .INFO: API Home url request [] []
[2019-01-11 05:29:56]  mm exchange .INFO: Home page request [] []
[2019-01-11 05:30:12]  mm exchange .INFO: API Home url request [] []
[2019-01-11 05:30:22]  mm exchange .INFO: API Home url request [] []
[2019-01-11 05:43:18]  mm exchange .INFO: Home page request [] []
[2019-01-11 05:48:18]  mm exchange .INFO: API Home url request [] []
[2019-01-11 05:48:39]  mm exchange .INFO: Home page request [] []
[2019-01-11 05:48:49]  mm exchange .INFO: API Home url request [] []
[2019-01-11 05:48:59]  mm exchange .INFO: Home page request [] []
[2019-01-11 05:49:21]  mm exchange .INFO: Home page request [] []
[2019-01-11 05:49:31]  mm exchange .INFO: Home page request [] []
[2019-01-11 05:56:48]  mm exchange .INFO: API Home url request [] []
[2019-01-11 05:57:29]  mm exchange .INFO: Home page request [] []
[2019-01-11 05:57:53]  mm exchange .INFO: API Home url request [] []
[2019-01-11 05:59:30]  mm exchange .INFO: Home page request [] []
[2019-01-11 06:01:36]  mm exchange .INFO: Home page request [] []
[2019-01-11 06:15:23]  mm exchange .INFO: Home page request [] []
[2019-01-11 06:16:08]  mm exchange .INFO: API Home url request [] []
[2019-01-11 06:18:39]  mm exchange .INFO: Home page request [] []
[2019-01-11 06:19:28]  mm exchange .INFO: Home page request [] []
[2019-01-11 06:20:44]  mm exchange .INFO: API Home url request [] []
[2019-01-11 06:21:02]  mm exchange .INFO: KBZ Exchange Request [] []
[2019-01-11 06:22:27]  mm exchange .INFO: Home page request [] []
[2019-01-11 06:24:19]  mm exchange .INFO: API Home url request {"fbclid":"IwAR0krAmBcqO2N_LXfcUOOYtk7aBtqno_fs3X_w6o5HHso0X7z6krvbatoZ4"} []
[2019-01-11 06:36:39]  mm exchange .INFO: API Home url request [] []
[2019-01-11 06:37:07]  mm exchange .INFO: AYa Exchange Request [] []
[2019-01-11 06:37:33]  mm exchange .INFO: Home page request [] []
[2019-01-11 06:38:16]  mm exchange .INFO: Home page request [] []
[2019-01-11 06:39:42]  mm exchange .INFO: Home page request [] []
[2019-01-11 06:40:15]  mm exchange .INFO: Home page request [] []
[2019-01-11 07:03:34]  mm exchange .INFO: API Home url request [] []
[2019-01-11 07:03:46]  mm exchange .INFO: Home page request [] []
[2019-01-11 07:08:26]  mm exchange .INFO: Home page request [] []
[2019-01-11 07:09:33]  mm exchange .INFO: API Home url request [] []
[2019-01-11 07:11:28]  mm exchange .INFO: Home page request [] []
[2019-01-11 07:24:23]  mm exchange .INFO: API Home url request [] []
[2019-01-11 07:24:47]  mm exchange .INFO: Home page request [] []
[2019-01-11 07:28:17]  mm exchange .INFO: Home page request [] []
[2019-01-11 07:28:56]  mm exchange .INFO: API Home url request [] []
[2019-01-11 07:30:15]  mm exchange .INFO: Home page request [] []
[2019-01-11 07:31:48]  mm exchange .INFO: Home page request [] []
[2019-01-11 07:32:07]  mm exchange .INFO: Home page request [] []
[2019-01-11 07:47:12]  mm exchange .INFO: Home page request [] []
[2019-01-11 07:47:33]  mm exchange .INFO: API Home url request [] []
[2019-01-11 07:48:01]  mm exchange .INFO: Home page request [] []
[2019-01-11 07:48:15]  mm exchange .INFO: Home page request [] []
[2019-01-11 08:15:42]  mm exchange .INFO: API Home url request [] []
[2019-01-11 08:42:09]  mm exchange .INFO: Home page request [] []
[2019-01-11 08:51:22]  mm exchange .INFO: Home page request {"fbclid":"IwAR3ZONwidb1liFx1JscuvFIc0kUtniBcDZY7Z7B54LkSMRdo29FK0NYNv4E"} []
[2019-01-11 08:51:44]  mm exchange .INFO: API Home url request {"fbclid":"IwAR2jMb517GL3fVo5F-aNATM7pvcszd-ZERW1yiNRO9omgllFI3cadKril3E"} []
[2019-01-11 08:51:58]  mm exchange .INFO: KBZ Exchange Request [] []
[2019-01-11 09:06:27]  mm exchange .INFO: Home page request [] []
[2019-01-11 09:06:52]  mm exchange .INFO: API Home url request [] []
[2019-01-11 09:19:16]  mm exchange .INFO: API Home url request [] []
[2019-01-11 09:20:43]  mm exchange .INFO: Home page request [] []
[2019-01-11 09:21:21]  mm exchange .INFO: API Home url request [] []
[2019-01-11 10:10:50]  mm exchange .INFO: API Home url request [] []
[2019-01-11 10:11:33]  mm exchange .INFO: Home page request [] []
[2019-01-11 10:24:40]  mm exchange .INFO: Home page request [] []
[2019-01-11 10:34:56]  mm exchange .INFO: Home page request {"fbclid":"IwAR2C1q1K4YH_l8YGoDEQb0hQFl4_dZL-f2JKdLvNElqJ4zPmTbp9ti6QYGs"} []
[2019-01-11 10:35:15]  mm exchange .INFO: API Home url request [] []
[2019-01-11 10:36:18]  mm exchange .INFO: Home page request [] []
[2019-01-11 11:44:01]  mm exchange .INFO: Home page request [] []
[2019-01-11 11:44:07]  mm exchange .INFO: Home page request [] []
[2019-01-11 12:49:32]  mm exchange .INFO: Home page request [] []
[2019-01-11 13:04:11]  mm exchange .INFO: API Home url request [] []
[2019-01-11 13:04:34]  mm exchange .INFO: AYa Exchange Request [] []
[2019-01-11 14:45:12]  mm exchange .INFO: Home page request [] []
[2019-01-11 15:09:10]  mm exchange .INFO: Home page request [] []
[2019-01-11 15:09:37]  mm exchange .INFO: Home page request [] []
[2019-01-11 16:19:02]  mm exchange .INFO: API Home url request [] []
[2019-01-11 16:19:17]  mm exchange .INFO: Home page request [] []
[2019-01-11 16:49:34]  mm exchange .INFO: Home page request [] []
[2019-01-11 16:49:54]  mm exchange .INFO: API Home url request [] []
[2019-01-11 18:38:57]  mm exchange .INFO: Home page request [] []
[2019-01-11 18:39:13]  mm exchange .INFO: API Home url request [] []
[2019-01-11 18:39:43]  mm exchange .INFO: API Home url request [] []
[2019-01-11 18:39:52]  mm exchange .INFO: KBZ Exchange Request [] []
[2019-01-11 18:40:38]  mm exchange .INFO: API Home url request [] []
[2019-01-11 18:40:50]  mm exchange .INFO: API Home url request [] []
[2019-01-11 18:40:58]  mm exchange .INFO: API Home url request [] []
[2019-01-11 18:47:39]  mm exchange .INFO: Home page request [] []
[2019-01-11 18:50:00]  mm exchange .INFO: Home page request [] []
